#-----------------------------------------------------------
# Vivado v2025.2 (64-bit)
# SW Build 6299465 on Fri Nov 14 12:34:56 MST 2025
# IP Build 6300035 on Fri Nov 14 10:48:45 MST 2025
# SharedData Build 6298862 on Thu Nov 13 04:50:51 MST 2025
# Start of session at: Wed Mar 11 10:29:57 2026
# Process ID         : 152881
# Current directory  : /home/dan/HLS/IP_REPOSITORY/start_stop_counter/start_stop_counter/hls/impl/ip
# Command line       : vivado -notrace -mode batch -source run_ippack.tcl
# Log file           : /home/dan/HLS/IP_REPOSITORY/start_stop_counter/start_stop_counter/hls/impl/ip/vivado.log
# Journal file       : /home/dan/HLS/IP_REPOSITORY/start_stop_counter/start_stop_counter/hls/impl/ip/vivado.jou
# Running On         : stampy
# Platform           : cachyos
# Operating System   : CachyOS
# Processor Detail   : 13th Gen Intel(R) Core(TM) i7-13620H
# CPU Frequency      : 3284.786 MHz
# CPU Physical cores : 10
# CPU Logical cores  : 16
# Host memory        : 16361 MB
# Swap memory        : 16360 MB
# Total Virtual      : 32722 MB
# Available Virtual  : 16101 MB
#-----------------------------------------------------------
source run_ippack.tcl -notrace
INFO: calling package_hls_ip ip_types=vitis sysgen json_file=/home/dan/HLS/IP_REPOSITORY/start_stop_counter/start_stop_counter/hls/hls_data.json outdir=/home/dan/HLS/IP_REPOSITORY/start_stop_counter/start_stop_counter/hls/impl/ip srcdir=/home/dan/HLS/IP_REPOSITORY/start_stop_counter/start_stop_counter/hls ippack_options_dict= ippack_options_dict=
INFO: Copied 1 ipmisc file(s) to /home/dan/HLS/IP_REPOSITORY/start_stop_counter/start_stop_counter/hls/impl/ip/misc
INFO: Copied 1 verilog file(s) to /home/dan/HLS/IP_REPOSITORY/start_stop_counter/start_stop_counter/hls/impl/ip/hdl/verilog
INFO: Copied 1 vhdl file(s) to /home/dan/HLS/IP_REPOSITORY/start_stop_counter/start_stop_counter/hls/impl/ip/hdl/vhdl
INFO: Import ports from HDL: /home/dan/HLS/IP_REPOSITORY/start_stop_counter/start_stop_counter/hls/impl/ip/hdl/vhdl/counter_module.vhd (counter_module)
INFO: Add clock interface ap_clk
INFO: Add reset interface ap_rst
INFO: Add ap_ctrl interface ap_ctrl
INFO: Add data interface start_stop
INFO: Add data interface init
INFO: Add data interface init_value
INFO: Add data interface count_out
INFO: [IP_Flow 19-234] Refreshing IP repositories
INFO: [IP_Flow 19-1704] No user IP repositories specified
INFO: [IP_Flow 19-2313] Loaded Vivado IP repository '/home/dan/Vivado/2025.2/data/ip'.
INFO: Calling post_process_vitis to specialize IP
INFO: Calling post_process_sysgen to specialize IP
Generating sysgen info xml from json file
INFO: Created IP /home/dan/HLS/IP_REPOSITORY/start_stop_counter/start_stop_counter/hls/impl/ip/component.xml
INFO: Created IP archive /home/dan/HLS/IP_REPOSITORY/start_stop_counter/start_stop_counter/hls/impl/ip/xilinx_com_hls_counter_module_1_0.zip
INFO: [Common 17-206] Exiting Vivado at Wed Mar 11 10:30:00 2026...
