

================================================================
== Vitis HLS Report for 'counter_module'
================================================================
* Date:           Wed Mar 11 10:28:21 2026

* Version:        2025.2 (Build 6295257 on Nov 14 2025)
* Project:        start_stop_counter
* Solution:       hls (Vivado IP Flow Target)
* Product family: artix7
* Target device:  xc7a100t-csg324-1


================================================================
== Performance Estimates
================================================================
+ Timing: 
    * Summary: 
    +--------+----------+----------+------------+
    |  Clock |  Target  | Estimated| Uncertainty|
    +--------+----------+----------+------------+
    |ap_clk  |  10.00 ns|  7.822 ns|     2.70 ns|
    +--------+----------+----------+------------+

+ Latency: 
    * Summary: 
    +---------+---------+-----------+-----------+-----+-----+---------+
    |  Latency (cycles) |   Latency (absolute)  |  Interval | Pipeline|
    |   min   |   max   |    min    |    max    | min | max |   Type  |
    +---------+---------+-----------+-----------+-----+-----+---------+
    |        1|        1|  10.000 ns|  10.000 ns|    1|    1|      yes|
    +---------+---------+-----------+-----------+-----+-----+---------+

    + Detail: 
        * Instance: 
        N/A

        * Loop: 
        N/A

============================================================
+ Verbose Summary: Synthesis Manager
============================================================
InlineROM: 1
ExposeGlobal: 0
============================================================
+ Verbose Summary: CDFG Model
============================================================
IsTopModel: 1
ResetActiveHigh: 1
IsCombinational: 0
IsDatapathOnly: 0
HasWiredReturn: 1
HasMFsm: 2
HasVarLatency: 0
IsPipeline: 1
IsRtlPipelined: 1
IsInstanceOverlapped: 0
IsDontTouch: 0
HasImplIP: 0
IsGatedGlobalClock: 0

+ Individual pipeline summary: 
  * Pipeline-0: initiation interval (II) = 1, depth = 2


============================================================
+ Verbose Summary: Schedule
============================================================
* Number of FSM states : 2
* Pipeline : 1
  Pipeline-0 : II = 1, D = 2, States = { 1 2 }
* Dataflow Pipeline: 0

* FSM state transitions: 
1 --> 2 
2 --> 

* FSM state operations: 

State 1 <SV = 0> <Delay = 6.18>
ST_1 : Operation 3 [1/1] (0.00ns)   --->   "%init_value_read = read i16 @_ssdm_op_Read.ap_auto.i16, i16 %init_value" [counter_top.cpp:52]   --->   Operation 3 'read' 'init_value_read' <Predicate = true> <Delay = 0.00>
ST_1 : Operation 4 [1/1] (0.00ns)   --->   "%init_read = read i1 @_ssdm_op_Read.ap_auto.i1, i1 %init" [counter_top.cpp:52]   --->   Operation 4 'read' 'init_read' <Predicate = true> <Delay = 0.00>
ST_1 : Operation 5 [1/1] (0.00ns)   --->   "%start_stop_read = read i1 @_ssdm_op_Read.ap_auto.i1, i1 %start_stop" [counter_top.cpp:52]   --->   Operation 5 'read' 'start_stop_read' <Predicate = true> <Delay = 0.00>
ST_1 : Operation 6 [1/1] (0.00ns)   --->   "%db_start_stop_inst_clean_state_load = load i1 %db_start_stop_inst_clean_state" [counter_top.cpp:19->counter_top.cpp:67]   --->   Operation 6 'load' 'db_start_stop_inst_clean_state_load' <Predicate = true> <Delay = 0.00>
ST_1 : Operation 7 [1/1] (0.97ns)   --->   "%xor_ln19 = xor i1 %db_start_stop_inst_clean_state_load, i1 %start_stop_read" [counter_top.cpp:19->counter_top.cpp:67]   --->   Operation 7 'xor' 'xor_ln19' <Predicate = true> <Delay = 0.97> <CoreInst = "LogicGate">   --->   Core 74 'LogicGate' <Latency = 0> <II = 1> <Delay = 0.97> <FuncUnit> <Opcode : 'and' 'or' 'xor'> <InPorts = 2> <OutPorts = 1>
ST_1 : Operation 8 [1/1] (0.00ns)   --->   "%db_start_stop_inst_counter_load = load i20 %db_start_stop_inst_counter" [counter_top.cpp:20->counter_top.cpp:67]   --->   Operation 8 'load' 'db_start_stop_inst_counter_load' <Predicate = true> <Delay = 0.00>
ST_1 : Operation 9 [1/1] (1.61ns)   --->   "%br_ln19 = br i1 %xor_ln19, void %_ZN9Debouncer3runEb.exit, void %if.then.i" [counter_top.cpp:19->counter_top.cpp:67]   --->   Operation 9 'br' 'br_ln19' <Predicate = true> <Delay = 1.61>
ST_1 : Operation 10 [1/1] (2.28ns)   --->   "%add_ln20 = add i20 %db_start_stop_inst_counter_load, i20 1" [counter_top.cpp:20->counter_top.cpp:67]   --->   Operation 10 'add' 'add_ln20' <Predicate = (xor_ln19)> <Delay = 2.28> <CoreInst = "Adder">   --->   Core 1 'Adder' <Latency = 0> <II = 1> <Delay = 2.28> <FuncUnit> <Opcode : 'add' 'sub'> <InPorts = 2> <OutPorts = 1>
ST_1 : Operation 11 [1/1] (2.28ns)   --->   "%icmp_ln21 = icmp_eq  i20 %add_ln20, i20 1000000" [counter_top.cpp:21->counter_top.cpp:67]   --->   Operation 11 'icmp' 'icmp_ln21' <Predicate = (xor_ln19)> <Delay = 2.28> <CoreInst = "Cmp">   --->   Core 9 'Cmp' <Latency = 0> <II = 1> <Delay = 2.28> <FuncUnit> <Opcode : 'seteq' 'setne' 'setle' 'setge' 'setlt' 'setgt'> <InPorts = 2> <OutPorts = 1>
ST_1 : Operation 12 [1/1] (1.61ns)   --->   "%br_ln21 = br i1 %icmp_ln21, void %_ZN9Debouncer3runEb.exit, void %if.then4.i" [counter_top.cpp:21->counter_top.cpp:67]   --->   Operation 12 'br' 'br_ln21' <Predicate = (xor_ln19)> <Delay = 1.61>
ST_1 : Operation 13 [1/1] (0.00ns)   --->   "%store_ln22 = store i1 %start_stop_read, i1 %db_start_stop_inst_clean_state" [counter_top.cpp:22->counter_top.cpp:67]   --->   Operation 13 'store' 'store_ln22' <Predicate = (xor_ln19 & icmp_ln21)> <Delay = 0.00>
ST_1 : Operation 14 [1/1] (1.61ns)   --->   "%br_ln24 = br void %_ZN9Debouncer3runEb.exit" [counter_top.cpp:24->counter_top.cpp:67]   --->   Operation 14 'br' 'br_ln24' <Predicate = (xor_ln19 & icmp_ln21)> <Delay = 1.61>
ST_1 : Operation 15 [1/1] (0.00ns)   --->   "%db_start_stop_inst_counter_new_0 = phi i20 0, void %if.then4.i, i20 %add_ln20, void %if.then.i, i20 0, void %entry" [counter_top.cpp:20->counter_top.cpp:67]   --->   Operation 15 'phi' 'db_start_stop_inst_counter_new_0' <Predicate = true> <Delay = 0.00>
ST_1 : Operation 16 [1/1] (0.00ns)   --->   "%store_ln20 = store i20 %db_start_stop_inst_counter_new_0, i20 %db_start_stop_inst_counter" [counter_top.cpp:20->counter_top.cpp:67]   --->   Operation 16 'store' 'store_ln20' <Predicate = true> <Delay = 0.00>

State 2 <SV = 1> <Delay = 7.82>
ST_2 : Operation 17 [1/1] (0.00ns)   --->   "%specpipeline_ln55 = specpipeline void @_ssdm_op_SpecPipeline, i32 1, i32 0, i32 0, i32 0, i32 4294967295, void @empty_0" [counter_top.cpp:55]   --->   Operation 17 'specpipeline' 'specpipeline_ln55' <Predicate = true> <Delay = 0.00>
ST_2 : Operation 18 [1/1] (0.00ns)   --->   "%spectopmodule_ln49 = spectopmodule void @_ssdm_op_SpecTopModule, void @empty_1" [counter_top.cpp:49]   --->   Operation 18 'spectopmodule' 'spectopmodule_ln49' <Predicate = true> <Delay = 0.00>
ST_2 : Operation 19 [1/1] (0.00ns)   --->   "%specbitsmap_ln0 = specbitsmap void @_ssdm_op_SpecBitsMap, i1 %start_stop"   --->   Operation 19 'specbitsmap' 'specbitsmap_ln0' <Predicate = true> <Delay = 0.00>
ST_2 : Operation 20 [1/1] (0.00ns)   --->   "%specinterface_ln0 = specinterface void @_ssdm_op_SpecInterface, i1 %start_stop, void @empty, i32 0, i32 0, void @empty_0, i32 0, i32 0, void @empty_0, void @empty_0, void @empty_0, i32 0, i32 0, i32 0, i32 0, void @empty_0, void @empty_0, i32 4294967295, i32 0, i32 0, i32 0"   --->   Operation 20 'specinterface' 'specinterface_ln0' <Predicate = true> <Delay = 0.00>
ST_2 : Operation 21 [1/1] (0.00ns)   --->   "%specbitsmap_ln0 = specbitsmap void @_ssdm_op_SpecBitsMap, i1 %init"   --->   Operation 21 'specbitsmap' 'specbitsmap_ln0' <Predicate = true> <Delay = 0.00>
ST_2 : Operation 22 [1/1] (0.00ns)   --->   "%specinterface_ln0 = specinterface void @_ssdm_op_SpecInterface, i1 %init, void @empty, i32 0, i32 0, void @empty_0, i32 0, i32 0, void @empty_0, void @empty_0, void @empty_0, i32 0, i32 0, i32 0, i32 0, void @empty_0, void @empty_0, i32 4294967295, i32 0, i32 0, i32 0"   --->   Operation 22 'specinterface' 'specinterface_ln0' <Predicate = true> <Delay = 0.00>
ST_2 : Operation 23 [1/1] (0.00ns)   --->   "%specbitsmap_ln0 = specbitsmap void @_ssdm_op_SpecBitsMap, i16 %init_value"   --->   Operation 23 'specbitsmap' 'specbitsmap_ln0' <Predicate = true> <Delay = 0.00>
ST_2 : Operation 24 [1/1] (0.00ns)   --->   "%specinterface_ln0 = specinterface void @_ssdm_op_SpecInterface, i16 %init_value, void @empty, i32 0, i32 0, void @empty_0, i32 0, i32 0, void @empty_0, void @empty_0, void @empty_0, i32 0, i32 0, i32 0, i32 0, void @empty_0, void @empty_0, i32 4294967295, i32 0, i32 0, i32 0"   --->   Operation 24 'specinterface' 'specinterface_ln0' <Predicate = true> <Delay = 0.00>
ST_2 : Operation 25 [1/1] (0.00ns)   --->   "%specbitsmap_ln0 = specbitsmap void @_ssdm_op_SpecBitsMap, i16 %count_out"   --->   Operation 25 'specbitsmap' 'specbitsmap_ln0' <Predicate = true> <Delay = 0.00>
ST_2 : Operation 26 [1/1] (0.00ns)   --->   "%specinterface_ln0 = specinterface void @_ssdm_op_SpecInterface, i16 %count_out, void @empty, i32 0, i32 0, void @empty_0, i32 0, i32 0, void @empty_0, void @empty_0, void @empty_0, i32 0, i32 0, i32 0, i32 0, void @empty_0, void @empty_0, i32 4294967295, i32 0, i32 0, i32 0"   --->   Operation 26 'specinterface' 'specinterface_ln0' <Predicate = true> <Delay = 0.00>
ST_2 : Operation 27 [1/1] (0.00ns)   --->   "%db_start_stop = phi i1 %start_stop_read, void %if.then4.i, i1 %db_start_stop_inst_clean_state_load, void %if.then.i, i1 %start_stop_read, void %entry" [counter_top.cpp:52]   --->   Operation 27 'phi' 'db_start_stop' <Predicate = true> <Delay = 0.00>
ST_2 : Operation 28 [1/1] (0.00ns)   --->   "%db_init = load i1 %db_init_inst_clean_state" [counter_top.cpp:19->counter_top.cpp:68]   --->   Operation 28 'load' 'db_init' <Predicate = true> <Delay = 0.00>
ST_2 : Operation 29 [1/1] (0.97ns)   --->   "%xor_ln19_1 = xor i1 %db_init, i1 %init_read" [counter_top.cpp:19->counter_top.cpp:68]   --->   Operation 29 'xor' 'xor_ln19_1' <Predicate = true> <Delay = 0.97> <CoreInst = "LogicGate">   --->   Core 74 'LogicGate' <Latency = 0> <II = 1> <Delay = 0.97> <FuncUnit> <Opcode : 'and' 'or' 'xor'> <InPorts = 2> <OutPorts = 1>
ST_2 : Operation 30 [1/1] (0.00ns)   --->   "%edge_start_stop_inst_load = load i1 %edge_start_stop_inst" [counter_top.cpp:40->counter_top.cpp:71]   --->   Operation 30 'load' 'edge_start_stop_inst_load' <Predicate = true> <Delay = 0.00>
ST_2 : Operation 31 [1/1] (0.00ns) (grouped into LUT with out node rising)   --->   "%xor_ln40 = xor i1 %edge_start_stop_inst_load, i1 1" [counter_top.cpp:40->counter_top.cpp:71]   --->   Operation 31 'xor' 'xor_ln40' <Predicate = true> <Delay = 0.00> <CoreInst = "LogicGate">   --->   Core 74 'LogicGate' <Latency = 0> <II = 1> <Delay = 0.97> <FuncUnit> <Opcode : 'and' 'or' 'xor'> <InPorts = 2> <OutPorts = 1>
ST_2 : Operation 32 [1/1] (0.97ns) (out node of the LUT)   --->   "%rising = and i1 %db_start_stop, i1 %xor_ln40" [counter_top.cpp:40->counter_top.cpp:71]   --->   Operation 32 'and' 'rising' <Predicate = true> <Delay = 0.97> <CoreInst = "LogicGate">   --->   Core 74 'LogicGate' <Latency = 0> <II = 1> <Delay = 0.97> <FuncUnit> <Opcode : 'and' 'or' 'xor'> <InPorts = 2> <OutPorts = 1>
ST_2 : Operation 33 [1/1] (0.00ns)   --->   "%db_init_inst_counter_load = load i20 %db_init_inst_counter" [counter_top.cpp:20->counter_top.cpp:68]   --->   Operation 33 'load' 'db_init_inst_counter_load' <Predicate = true> <Delay = 0.00>
ST_2 : Operation 34 [1/1] (0.00ns)   --->   "%internal_count_load = load i16 %internal_count" [counter_top.cpp:86]   --->   Operation 34 'load' 'internal_count_load' <Predicate = true> <Delay = 0.00>
ST_2 : Operation 35 [1/1] (0.00ns)   --->   "%is_running_load = load i1 %is_running" [counter_top.cpp:81]   --->   Operation 35 'load' 'is_running_load' <Predicate = true> <Delay = 0.00>
ST_2 : Operation 36 [1/1] (0.00ns)   --->   "%br_ln19 = br i1 %xor_ln19_1, void %if.else.i8, void %if.then.i6" [counter_top.cpp:19->counter_top.cpp:68]   --->   Operation 36 'br' 'br_ln19' <Predicate = true> <Delay = 0.00>
ST_2 : Operation 37 [1/1] (0.00ns)   --->   "%store_ln41 = store i1 %db_start_stop, i1 %edge_start_stop_inst" [counter_top.cpp:41->counter_top.cpp:71]   --->   Operation 37 'store' 'store_ln41' <Predicate = (!xor_ln19_1)> <Delay = 0.00>
ST_2 : Operation 38 [1/1] (1.61ns)   --->   "%br_ln74 = br i1 %init_read, void %if.else, void %if.then" [counter_top.cpp:74]   --->   Operation 38 'br' 'br_ln74' <Predicate = (!xor_ln19_1)> <Delay = 1.61>
ST_2 : Operation 39 [1/1] (2.28ns)   --->   "%add_ln20_1 = add i20 %db_init_inst_counter_load, i20 1" [counter_top.cpp:20->counter_top.cpp:68]   --->   Operation 39 'add' 'add_ln20_1' <Predicate = (xor_ln19_1)> <Delay = 2.28> <CoreInst = "Adder">   --->   Core 1 'Adder' <Latency = 0> <II = 1> <Delay = 2.28> <FuncUnit> <Opcode : 'add' 'sub'> <InPorts = 2> <OutPorts = 1>
ST_2 : Operation 40 [1/1] (2.28ns)   --->   "%icmp_ln21_1 = icmp_eq  i20 %add_ln20_1, i20 1000000" [counter_top.cpp:21->counter_top.cpp:68]   --->   Operation 40 'icmp' 'icmp_ln21_1' <Predicate = (xor_ln19_1)> <Delay = 2.28> <CoreInst = "Cmp">   --->   Core 9 'Cmp' <Latency = 0> <II = 1> <Delay = 2.28> <FuncUnit> <Opcode : 'seteq' 'setne' 'setle' 'setge' 'setlt' 'setgt'> <InPorts = 2> <OutPorts = 1>
ST_2 : Operation 41 [1/1] (0.00ns)   --->   "%br_ln21 = br i1 %icmp_ln21_1, void %_ZN9Debouncer3runEb.exit9, void %if.then4.i7" [counter_top.cpp:21->counter_top.cpp:68]   --->   Operation 41 'br' 'br_ln21' <Predicate = (xor_ln19_1)> <Delay = 0.00>
ST_2 : Operation 42 [1/1] (0.00ns)   --->   "%store_ln41 = store i1 %db_start_stop, i1 %edge_start_stop_inst" [counter_top.cpp:41->counter_top.cpp:71]   --->   Operation 42 'store' 'store_ln41' <Predicate = (xor_ln19_1 & !icmp_ln21_1)> <Delay = 0.00>
ST_2 : Operation 43 [1/1] (1.61ns)   --->   "%br_ln74 = br i1 %db_init, void %if.else, void %if.then" [counter_top.cpp:74]   --->   Operation 43 'br' 'br_ln74' <Predicate = (xor_ln19_1 & !icmp_ln21_1)> <Delay = 1.61>
ST_2 : Operation 44 [1/1] (0.00ns)   --->   "%store_ln22 = store i1 %init_read, i1 %db_init_inst_clean_state" [counter_top.cpp:22->counter_top.cpp:68]   --->   Operation 44 'store' 'store_ln22' <Predicate = (xor_ln19_1 & icmp_ln21_1)> <Delay = 0.00>
ST_2 : Operation 45 [1/1] (0.00ns)   --->   "%store_ln41 = store i1 %db_start_stop, i1 %edge_start_stop_inst" [counter_top.cpp:41->counter_top.cpp:71]   --->   Operation 45 'store' 'store_ln41' <Predicate = (xor_ln19_1 & icmp_ln21_1)> <Delay = 0.00>
ST_2 : Operation 46 [1/1] (1.61ns)   --->   "%br_ln74 = br i1 %init_read, void %if.else, void %if.then" [counter_top.cpp:74]   --->   Operation 46 'br' 'br_ln74' <Predicate = (xor_ln19_1 & icmp_ln21_1)> <Delay = 1.61>
ST_2 : Operation 47 [1/1] (0.00ns)   --->   "%db_init_inst_counter_new_1 = phi i20 0, void %if.then4.i7, i20 %add_ln20_1, void %_ZN9Debouncer3runEb.exit9, i20 0, void %if.else.i8" [counter_top.cpp:20->counter_top.cpp:68]   --->   Operation 47 'phi' 'db_init_inst_counter_new_1' <Predicate = (!init_read & icmp_ln21_1) | (xor_ln19_1 & !db_init & !icmp_ln21_1) | (!xor_ln19_1 & !init_read)> <Delay = 0.00>
ST_2 : Operation 48 [1/1] (0.00ns)   --->   "%br_ln80 = br i1 %rising, void %if.endthread-pre-split, void %if.end" [counter_top.cpp:80]   --->   Operation 48 'br' 'br_ln80' <Predicate = (!init_read & icmp_ln21_1) | (xor_ln19_1 & !db_init & !icmp_ln21_1) | (!xor_ln19_1 & !init_read)> <Delay = 0.00>
ST_2 : Operation 49 [1/1] (1.64ns)   --->   "%br_ln85 = br i1 %is_running_load, void %if.end25, void %if.then17" [counter_top.cpp:85]   --->   Operation 49 'br' 'br_ln85' <Predicate = (!init_read & icmp_ln21_1 & !rising) | (xor_ln19_1 & !db_init & !icmp_ln21_1 & !rising) | (!xor_ln19_1 & !init_read & !rising)> <Delay = 1.64>
ST_2 : Operation 50 [1/1] (0.97ns)   --->   "%xor_ln81 = xor i1 %is_running_load, i1 1" [counter_top.cpp:81]   --->   Operation 50 'xor' 'xor_ln81' <Predicate = (!init_read & icmp_ln21_1 & rising) | (xor_ln19_1 & !db_init & !icmp_ln21_1 & rising) | (!xor_ln19_1 & !init_read & rising)> <Delay = 0.97> <CoreInst = "LogicGate">   --->   Core 74 'LogicGate' <Latency = 0> <II = 1> <Delay = 0.97> <FuncUnit> <Opcode : 'and' 'or' 'xor'> <InPorts = 2> <OutPorts = 1>
ST_2 : Operation 51 [1/1] (1.61ns)   --->   "%store_ln81 = store i1 %xor_ln81, i1 %is_running" [counter_top.cpp:81]   --->   Operation 51 'store' 'store_ln81' <Predicate = (!init_read & icmp_ln21_1 & rising) | (xor_ln19_1 & !db_init & !icmp_ln21_1 & rising) | (!xor_ln19_1 & !init_read & rising)> <Delay = 1.61>
ST_2 : Operation 52 [1/1] (1.64ns)   --->   "%br_ln85 = br i1 %is_running_load, void %if.then17, void %if.end25" [counter_top.cpp:85]   --->   Operation 52 'br' 'br_ln85' <Predicate = (!init_read & icmp_ln21_1 & rising) | (xor_ln19_1 & !db_init & !icmp_ln21_1 & rising) | (!xor_ln19_1 & !init_read & rising)> <Delay = 1.64>
ST_2 : Operation 53 [1/1] (0.00ns)   --->   "%fast_count_load = load i27 %fast_count" [counter_top.cpp:86]   --->   Operation 53 'load' 'fast_count_load' <Predicate = (!init_read & icmp_ln21_1 & rising & !is_running_load) | (!init_read & icmp_ln21_1 & !rising & is_running_load) | (xor_ln19_1 & !db_init & !icmp_ln21_1 & rising & !is_running_load) | (xor_ln19_1 & !db_init & !icmp_ln21_1 & !rising & is_running_load) | (!xor_ln19_1 & !init_read & rising & !is_running_load) | (!xor_ln19_1 & !init_read & !rising & is_running_load)> <Delay = 0.00>
ST_2 : Operation 54 [1/1] (2.52ns)   --->   "%icmp_ln86 = icmp_eq  i27 %fast_count_load, i27 0" [counter_top.cpp:86]   --->   Operation 54 'icmp' 'icmp_ln86' <Predicate = (!init_read & icmp_ln21_1 & rising & !is_running_load) | (!init_read & icmp_ln21_1 & !rising & is_running_load) | (xor_ln19_1 & !db_init & !icmp_ln21_1 & rising & !is_running_load) | (xor_ln19_1 & !db_init & !icmp_ln21_1 & !rising & is_running_load) | (!xor_ln19_1 & !init_read & rising & !is_running_load) | (!xor_ln19_1 & !init_read & !rising & is_running_load)> <Delay = 2.52> <CoreInst = "Cmp">   --->   Core 9 'Cmp' <Latency = 0> <II = 1> <Delay = 2.52> <FuncUnit> <Opcode : 'seteq' 'setne' 'setle' 'setge' 'setlt' 'setgt'> <InPorts = 2> <OutPorts = 1>
ST_2 : Operation 55 [1/1] (2.14ns)   --->   "%icmp_ln86_1 = icmp_ne  i16 %internal_count_load, i16 0" [counter_top.cpp:86]   --->   Operation 55 'icmp' 'icmp_ln86_1' <Predicate = (!init_read & icmp_ln21_1 & rising & !is_running_load) | (!init_read & icmp_ln21_1 & !rising & is_running_load) | (xor_ln19_1 & !db_init & !icmp_ln21_1 & rising & !is_running_load) | (xor_ln19_1 & !db_init & !icmp_ln21_1 & !rising & is_running_load) | (!xor_ln19_1 & !init_read & rising & !is_running_load) | (!xor_ln19_1 & !init_read & !rising & is_running_load)> <Delay = 2.14> <CoreInst = "Cmp">   --->   Core 9 'Cmp' <Latency = 0> <II = 1> <Delay = 2.14> <FuncUnit> <Opcode : 'seteq' 'setne' 'setle' 'setge' 'setlt' 'setgt'> <InPorts = 2> <OutPorts = 1>
ST_2 : Operation 56 [1/1] (0.97ns)   --->   "%and_ln86 = and i1 %icmp_ln86, i1 %icmp_ln86_1" [counter_top.cpp:86]   --->   Operation 56 'and' 'and_ln86' <Predicate = (!init_read & icmp_ln21_1 & rising & !is_running_load) | (!init_read & icmp_ln21_1 & !rising & is_running_load) | (xor_ln19_1 & !db_init & !icmp_ln21_1 & rising & !is_running_load) | (xor_ln19_1 & !db_init & !icmp_ln21_1 & !rising & is_running_load) | (!xor_ln19_1 & !init_read & rising & !is_running_load) | (!xor_ln19_1 & !init_read & !rising & is_running_load)> <Delay = 0.97> <CoreInst = "LogicGate">   --->   Core 74 'LogicGate' <Latency = 0> <II = 1> <Delay = 0.97> <FuncUnit> <Opcode : 'and' 'or' 'xor'> <InPorts = 2> <OutPorts = 1>
ST_2 : Operation 57 [1/1] (0.00ns)   --->   "%br_ln86 = br i1 %and_ln86, void %if.else21, void %if.then20" [counter_top.cpp:86]   --->   Operation 57 'br' 'br_ln86' <Predicate = (!init_read & icmp_ln21_1 & rising & !is_running_load) | (!init_read & icmp_ln21_1 & !rising & is_running_load) | (xor_ln19_1 & !db_init & !icmp_ln21_1 & rising & !is_running_load) | (xor_ln19_1 & !db_init & !icmp_ln21_1 & !rising & is_running_load) | (!xor_ln19_1 & !init_read & rising & !is_running_load) | (!xor_ln19_1 & !init_read & !rising & is_running_load)> <Delay = 0.00>
ST_2 : Operation 58 [1/1] (2.52ns)   --->   "%add_ln90 = add i27 %fast_count_load, i27 134217727" [counter_top.cpp:90]   --->   Operation 58 'add' 'add_ln90' <Predicate = (!init_read & icmp_ln21_1 & rising & !is_running_load & !and_ln86) | (!init_read & icmp_ln21_1 & !rising & is_running_load & !and_ln86) | (xor_ln19_1 & !db_init & !icmp_ln21_1 & rising & !is_running_load & !and_ln86) | (xor_ln19_1 & !db_init & !icmp_ln21_1 & !rising & is_running_load & !and_ln86) | (!xor_ln19_1 & !init_read & rising & !is_running_load & !and_ln86) | (!xor_ln19_1 & !init_read & !rising & is_running_load & !and_ln86)> <Delay = 2.52> <CoreInst = "Adder">   --->   Core 1 'Adder' <Latency = 0> <II = 1> <Delay = 2.52> <FuncUnit> <Opcode : 'add' 'sub'> <InPorts = 2> <OutPorts = 1>
ST_2 : Operation 59 [1/1] (1.61ns)   --->   "%br_ln0 = br void %if.end23"   --->   Operation 59 'br' 'br_ln0' <Predicate = (!init_read & icmp_ln21_1 & rising & !is_running_load & !and_ln86) | (!init_read & icmp_ln21_1 & !rising & is_running_load & !and_ln86) | (xor_ln19_1 & !db_init & !icmp_ln21_1 & rising & !is_running_load & !and_ln86) | (xor_ln19_1 & !db_init & !icmp_ln21_1 & !rising & is_running_load & !and_ln86) | (!xor_ln19_1 & !init_read & rising & !is_running_load & !and_ln86) | (!xor_ln19_1 & !init_read & !rising & is_running_load & !and_ln86)> <Delay = 1.61>
ST_2 : Operation 60 [1/1] (2.14ns)   --->   "%add_ln87 = add i16 %internal_count_load, i16 65535" [counter_top.cpp:87]   --->   Operation 60 'add' 'add_ln87' <Predicate = (!init_read & icmp_ln21_1 & rising & !is_running_load & and_ln86) | (!init_read & icmp_ln21_1 & !rising & is_running_load & and_ln86) | (xor_ln19_1 & !db_init & !icmp_ln21_1 & rising & !is_running_load & and_ln86) | (xor_ln19_1 & !db_init & !icmp_ln21_1 & !rising & is_running_load & and_ln86) | (!xor_ln19_1 & !init_read & rising & !is_running_load & and_ln86) | (!xor_ln19_1 & !init_read & !rising & is_running_load & and_ln86)> <Delay = 2.14> <CoreInst = "Adder">   --->   Core 1 'Adder' <Latency = 0> <II = 1> <Delay = 2.14> <FuncUnit> <Opcode : 'add' 'sub'> <InPorts = 2> <OutPorts = 1>
ST_2 : Operation 61 [1/1] (1.61ns)   --->   "%store_ln87 = store i16 %add_ln87, i16 %internal_count" [counter_top.cpp:87]   --->   Operation 61 'store' 'store_ln87' <Predicate = (!init_read & icmp_ln21_1 & rising & !is_running_load & and_ln86) | (!init_read & icmp_ln21_1 & !rising & is_running_load & and_ln86) | (xor_ln19_1 & !db_init & !icmp_ln21_1 & rising & !is_running_load & and_ln86) | (xor_ln19_1 & !db_init & !icmp_ln21_1 & !rising & is_running_load & and_ln86) | (!xor_ln19_1 & !init_read & rising & !is_running_load & and_ln86) | (!xor_ln19_1 & !init_read & !rising & is_running_load & and_ln86)> <Delay = 1.61>
ST_2 : Operation 62 [1/1] (1.61ns)   --->   "%br_ln89 = br void %if.end23" [counter_top.cpp:89]   --->   Operation 62 'br' 'br_ln89' <Predicate = (!init_read & icmp_ln21_1 & rising & !is_running_load & and_ln86) | (!init_read & icmp_ln21_1 & !rising & is_running_load & and_ln86) | (xor_ln19_1 & !db_init & !icmp_ln21_1 & rising & !is_running_load & and_ln86) | (xor_ln19_1 & !db_init & !icmp_ln21_1 & !rising & is_running_load & and_ln86) | (!xor_ln19_1 & !init_read & rising & !is_running_load & and_ln86) | (!xor_ln19_1 & !init_read & !rising & is_running_load & and_ln86)> <Delay = 1.61>
ST_2 : Operation 63 [1/1] (0.00ns)   --->   "%internal_count_loc_0 = phi i16 %add_ln87, void %if.then20, i16 %internal_count_load, void %if.else21" [counter_top.cpp:87]   --->   Operation 63 'phi' 'internal_count_loc_0' <Predicate = (!init_read & icmp_ln21_1 & rising & !is_running_load) | (!init_read & icmp_ln21_1 & !rising & is_running_load) | (xor_ln19_1 & !db_init & !icmp_ln21_1 & rising & !is_running_load) | (xor_ln19_1 & !db_init & !icmp_ln21_1 & !rising & is_running_load) | (!xor_ln19_1 & !init_read & rising & !is_running_load) | (!xor_ln19_1 & !init_read & !rising & is_running_load)> <Delay = 0.00>
ST_2 : Operation 64 [1/1] (0.00ns)   --->   "%storemerge = phi i27 99999999, void %if.then20, i27 %add_ln90, void %if.else21" [counter_top.cpp:90]   --->   Operation 64 'phi' 'storemerge' <Predicate = (!init_read & icmp_ln21_1 & rising & !is_running_load) | (!init_read & icmp_ln21_1 & !rising & is_running_load) | (xor_ln19_1 & !db_init & !icmp_ln21_1 & rising & !is_running_load) | (xor_ln19_1 & !db_init & !icmp_ln21_1 & !rising & is_running_load) | (!xor_ln19_1 & !init_read & rising & !is_running_load) | (!xor_ln19_1 & !init_read & !rising & is_running_load)> <Delay = 0.00>
ST_2 : Operation 65 [1/1] (0.00ns)   --->   "%store_ln90 = store i27 %storemerge, i27 %fast_count" [counter_top.cpp:90]   --->   Operation 65 'store' 'store_ln90' <Predicate = (!init_read & icmp_ln21_1 & rising & !is_running_load) | (!init_read & icmp_ln21_1 & !rising & is_running_load) | (xor_ln19_1 & !db_init & !icmp_ln21_1 & rising & !is_running_load) | (xor_ln19_1 & !db_init & !icmp_ln21_1 & !rising & is_running_load) | (!xor_ln19_1 & !init_read & rising & !is_running_load) | (!xor_ln19_1 & !init_read & !rising & is_running_load)> <Delay = 0.00>
ST_2 : Operation 66 [1/1] (1.64ns)   --->   "%br_ln92 = br void %if.end25" [counter_top.cpp:92]   --->   Operation 66 'br' 'br_ln92' <Predicate = (!init_read & icmp_ln21_1 & rising & !is_running_load) | (!init_read & icmp_ln21_1 & !rising & is_running_load) | (xor_ln19_1 & !db_init & !icmp_ln21_1 & rising & !is_running_load) | (xor_ln19_1 & !db_init & !icmp_ln21_1 & !rising & is_running_load) | (!xor_ln19_1 & !init_read & rising & !is_running_load) | (!xor_ln19_1 & !init_read & !rising & is_running_load)> <Delay = 1.64>
ST_2 : Operation 67 [1/1] (0.00ns)   --->   "%db_init_inst_counter_new_0 = phi i20 0, void %if.then4.i7, i20 %add_ln20_1, void %_ZN9Debouncer3runEb.exit9, i20 0, void %if.else.i8" [counter_top.cpp:20->counter_top.cpp:68]   --->   Operation 67 'phi' 'db_init_inst_counter_new_0' <Predicate = (init_read & icmp_ln21_1) | (xor_ln19_1 & db_init & !icmp_ln21_1) | (!xor_ln19_1 & init_read)> <Delay = 0.00>
ST_2 : Operation 68 [1/1] (1.61ns)   --->   "%store_ln75 = store i16 %init_value_read, i16 %internal_count" [counter_top.cpp:75]   --->   Operation 68 'store' 'store_ln75' <Predicate = (init_read & icmp_ln21_1) | (xor_ln19_1 & db_init & !icmp_ln21_1) | (!xor_ln19_1 & init_read)> <Delay = 1.61>
ST_2 : Operation 69 [1/1] (1.61ns)   --->   "%store_ln76 = store i1 0, i1 %is_running" [counter_top.cpp:76]   --->   Operation 69 'store' 'store_ln76' <Predicate = (init_read & icmp_ln21_1) | (xor_ln19_1 & db_init & !icmp_ln21_1) | (!xor_ln19_1 & init_read)> <Delay = 1.61>
ST_2 : Operation 70 [1/1] (1.64ns)   --->   "%br_ln77 = br void %if.end25" [counter_top.cpp:77]   --->   Operation 70 'br' 'br_ln77' <Predicate = (init_read & icmp_ln21_1) | (xor_ln19_1 & db_init & !icmp_ln21_1) | (!xor_ln19_1 & init_read)> <Delay = 1.64>
ST_2 : Operation 71 [1/1] (0.00ns)   --->   "%db_init_inst_counter_new_2 = phi i20 %db_init_inst_counter_new_0, void %if.then, i20 %db_init_inst_counter_new_1, void %if.end23, i20 %db_init_inst_counter_new_1, void %if.end, i20 %db_init_inst_counter_new_1, void %if.endthread-pre-split" [counter_top.cpp:20->counter_top.cpp:68]   --->   Operation 71 'phi' 'db_init_inst_counter_new_2' <Predicate = true> <Delay = 0.00>
ST_2 : Operation 72 [1/1] (0.00ns)   --->   "%internal_count_loc_2 = phi i16 %init_value_read, void %if.then, i16 %internal_count_loc_0, void %if.end23, i16 %internal_count_load, void %if.end, i16 %internal_count_load, void %if.endthread-pre-split" [counter_top.cpp:52]   --->   Operation 72 'phi' 'internal_count_loc_2' <Predicate = true> <Delay = 0.00>
ST_2 : Operation 73 [1/1] (0.00ns)   --->   "%write_ln96 = write void @_ssdm_op_Write.ap_auto.i16P0A, i16 %count_out, i16 %internal_count_loc_2" [counter_top.cpp:96]   --->   Operation 73 'write' 'write_ln96' <Predicate = true> <Delay = 0.00>
ST_2 : Operation 74 [1/1] (0.00ns)   --->   "%store_ln20 = store i20 %db_init_inst_counter_new_2, i20 %db_init_inst_counter" [counter_top.cpp:20->counter_top.cpp:68]   --->   Operation 74 'store' 'store_ln20' <Predicate = true> <Delay = 0.00>
ST_2 : Operation 75 [1/1] (0.00ns)   --->   "%ret_ln97 = ret" [counter_top.cpp:97]   --->   Operation 75 'ret' 'ret_ln97' <Predicate = true> <Delay = 0.00>


============================================================
+ Verbose Summary: Timing violations
============================================================
Target clock period: 10.000ns, clock uncertainty: 2.700ns.

 <State 1>: 6.180ns
The critical path consists of the following:
	'load' operation 20 bit ('db_start_stop_inst_counter_load', counter_top.cpp:20->counter_top.cpp:67) on static variable 'db_start_stop_inst_counter' [28]  (0.000 ns)
	'add' operation 20 bit ('add_ln20', counter_top.cpp:20->counter_top.cpp:67) [31]  (2.285 ns)
	'icmp' operation 1 bit ('icmp_ln21', counter_top.cpp:21->counter_top.cpp:67) [32]  (2.285 ns)
	multiplexor before 'phi' operation 20 bit ('db_start_stop_inst_counter_new_0', counter_top.cpp:20->counter_top.cpp:67) with incoming values : ('add_ln20', counter_top.cpp:20->counter_top.cpp:67) [38]  (1.610 ns)
	'br' operation ('br_ln24', counter_top.cpp:24->counter_top.cpp:67) [36]  (1.610 ns)
	'phi' operation 20 bit ('db_start_stop_inst_counter_new_0', counter_top.cpp:20->counter_top.cpp:67) with incoming values : ('add_ln20', counter_top.cpp:20->counter_top.cpp:67) [38]  (0.000 ns)

 <State 2>: 7.822ns
The critical path consists of the following:
	'load' operation 20 bit ('db_init_inst_counter_load', counter_top.cpp:20->counter_top.cpp:68) on static variable 'db_init_inst_counter' [46]  (0.000 ns)
	'add' operation 20 bit ('add_ln20_1', counter_top.cpp:20->counter_top.cpp:68) [54]  (2.285 ns)
	'icmp' operation 1 bit ('icmp_ln21_1', counter_top.cpp:21->counter_top.cpp:68) [55]  (2.285 ns)
	multiplexor before 'phi' operation 20 bit ('db_init_inst_counter_new_1', counter_top.cpp:20->counter_top.cpp:68) with incoming values : ('add_ln20_1', counter_top.cpp:20->counter_top.cpp:68) [65]  (1.610 ns)
	'br' operation ('br_ln74', counter_top.cpp:74) [63]  (1.610 ns)
	'phi' operation 20 bit ('db_init_inst_counter_new_1', counter_top.cpp:20->counter_top.cpp:68) with incoming values : ('add_ln20_1', counter_top.cpp:20->counter_top.cpp:68) [65]  (0.000 ns)
	multiplexor before 'phi' operation 20 bit ('db_init_inst_counter_new_2', counter_top.cpp:20->counter_top.cpp:68) with incoming values : ('add_ln20_1', counter_top.cpp:20->counter_top.cpp:68) [97]  (1.642 ns)
	'phi' operation 20 bit ('db_init_inst_counter_new_2', counter_top.cpp:20->counter_top.cpp:68) with incoming values : ('add_ln20_1', counter_top.cpp:20->counter_top.cpp:68) [97]  (0.000 ns)


============================================================
+ Verbose Summary: Binding
============================================================
N/A
* FSMD analyzer results:
  - Output states:
 - Input state : 
  - Chain level:
	State 1
	State 2


============================================================
+ Verbose Summary: Datapath Resource usage 
============================================================
N/A
