

================================================================
== Vitis HLS Report for 'counter_module'
================================================================
* Date:           Wed Mar 11 10:28:21 2026

* Version:        2025.2 (Build 6295257 on Nov 14 2025)
* Project:        start_stop_counter
* Solution:       hls (Vivado IP Flow Target)
* Product family: artix7
* Target device:  xc7a100t-csg324-1


================================================================
== Performance Estimates
================================================================
+ Timing: 
    * Summary: 
    +--------+----------+----------+------------+
    |  Clock |  Target  | Estimated| Uncertainty|
    +--------+----------+----------+------------+
    |ap_clk  |  10.00 ns|  7.822 ns|     2.70 ns|
    +--------+----------+----------+------------+

+ Latency: 
    * Summary: 
    +---------+---------+-----------+-----------+-----+-----+---------+
    |  Latency (cycles) |   Latency (absolute)  |  Interval | Pipeline|
    |   min   |   max   |    min    |    max    | min | max |   Type  |
    +---------+---------+-----------+-----------+-----+-----+---------+
    |        1|        1|  10.000 ns|  10.000 ns|    1|    1|      yes|
    +---------+---------+-----------+-----------+-----+-----+---------+

    + Detail: 
        * Instance: 
        N/A

        * Loop: 
        N/A



================================================================
== Utilization Estimates
================================================================
* Summary: 
+-----------------+---------+-----+--------+-------+-----+
|       Name      | BRAM_18K| DSP |   FF   |  LUT  | URAM|
+-----------------+---------+-----+--------+-------+-----+
|DSP              |        -|    -|       -|      -|    -|
|Expression       |        -|    -|       0|    244|    -|
|FIFO             |        -|    -|       -|      -|    -|
|Instance         |        -|    -|       -|      -|    -|
|Memory           |        -|    -|       -|      -|    -|
|Multiplexer      |        -|    -|       0|    126|    -|
|Register         |        -|    -|     107|      -|    -|
+-----------------+---------+-----+--------+-------+-----+
|Total            |        0|    0|     107|    370|    0|
+-----------------+---------+-----+--------+-------+-----+
|Available        |      270|  240|  126800|  63400|    0|
+-----------------+---------+-----+--------+-------+-----+
|Utilization (%)  |        0|    0|      ~0|     ~0|    0|
+-----------------+---------+-----+--------+-------+-----+

+ Detail: 
    * Instance: 
    N/A

    * DSP: 
    N/A

    * Memory: 
    N/A

    * FIFO: 
    N/A

    * Expression: 
    +-----------------------+----------+----+---+----+------------+------------+
    |     Variable Name     | Operation| DSP| FF| LUT| Bitwidth P0| Bitwidth P1|
    +-----------------------+----------+----+---+----+------------+------------+
    |add_ln20_1_fu_281_p2   |         +|   0|  0|  27|          20|           1|
    |add_ln20_fu_210_p2     |         +|   0|  0|  27|          20|           1|
    |add_ln87_fu_353_p2     |         +|   0|  0|  23|          16|           2|
    |add_ln90_fu_346_p2     |         +|   0|  0|  34|          27|           2|
    |and_ln86_fu_340_p2     |       and|   0|  0|   2|           1|           1|
    |ap_condition_105       |       and|   0|  0|   2|           1|           1|
    |rising_fu_254_p2       |       and|   0|  0|   2|           1|           1|
    |icmp_ln21_1_fu_289_p2  |      icmp|   0|  0|  27|          20|          17|
    |icmp_ln21_fu_217_p2    |      icmp|   0|  0|  27|          20|          17|
    |icmp_ln86_1_fu_334_p2  |      icmp|   0|  0|  23|          16|           1|
    |icmp_ln86_fu_328_p2    |      icmp|   0|  0|  34|          27|           1|
    |ap_condition_162       |        or|   0|  0|   2|           1|           1|
    |ap_condition_200       |        or|   0|  0|   2|           1|           1|
    |ap_condition_251       |        or|   0|  0|   2|           1|           1|
    |ap_enable_pp0          |       xor|   0|  0|   2|           1|           2|
    |xor_ln19_1_fu_239_p2   |       xor|   0|  0|   2|           1|           1|
    |xor_ln19_fu_200_p2     |       xor|   0|  0|   2|           1|           1|
    |xor_ln40_fu_248_p2     |       xor|   0|  0|   2|           1|           2|
    |xor_ln81_fu_312_p2     |       xor|   0|  0|   2|           1|           2|
    +-----------------------+----------+----+---+----+------------+------------+
    |Total                  |          |   0|  0| 244|         177|          56|
    +-----------------------+----------+----+---+----+------------+------------+

    * Multiplexer: 
    +----------------------------------------------------------+----+-----------+-----+-----------+
    |                           Name                           | LUT| Input Size| Bits| Total Bits|
    +----------------------------------------------------------+----+-----------+-----+-----------+
    |ap_phi_mux_db_init_inst_counter_new_0_phi_fu_154_p6       |  13|          3|   20|         60|
    |ap_phi_mux_db_init_inst_counter_new_1_phi_fu_122_p6       |  13|          3|   20|         60|
    |ap_phi_mux_db_init_inst_counter_new_2_phi_fu_167_p8       |  13|          3|   20|         60|
    |ap_phi_mux_db_start_stop_inst_counter_new_0_phi_fu_98_p6  |  13|          3|   20|         60|
    |ap_phi_mux_internal_count_loc_0_phi_fu_135_p4             |  13|          3|   16|         48|
    |ap_phi_mux_internal_count_loc_2_phi_fu_184_p8             |  17|          4|   16|         64|
    |ap_phi_mux_storemerge_phi_fu_144_p4                       |  13|          3|   27|         81|
    |ap_phi_reg_pp0_iter1_db_start_stop_reg_108                |  13|          3|    1|          3|
    |internal_count                                            |   9|          2|   16|         32|
    |is_running                                                |   9|          2|    1|          2|
    +----------------------------------------------------------+----+-----------+-----+-----------+
    |Total                                                     | 126|         29|  157|        470|
    +----------------------------------------------------------+----+-----------+-----+-----------+

    * Register: 
    +--------------------------------------------+----+----+-----+-----------+
    |                    Name                    | FF | LUT| Bits| Const Bits|
    +--------------------------------------------+----+----+-----+-----------+
    |ap_CS_fsm                                   |   1|   0|    1|          0|
    |ap_enable_reg_pp0_iter1                     |   1|   0|    1|          0|
    |ap_phi_reg_pp0_iter1_db_start_stop_reg_108  |   1|   0|    1|          0|
    |db_init_inst_clean_state                    |   1|   0|    1|          0|
    |db_init_inst_counter                        |  20|   0|   20|          0|
    |db_start_stop_inst_clean_state              |   1|   0|    1|          0|
    |db_start_stop_inst_counter                  |  20|   0|   20|          0|
    |edge_start_stop_inst                        |   1|   0|    1|          0|
    |fast_count                                  |  27|   0|   27|          0|
    |init_read_reg_395                           |   1|   0|    1|          0|
    |init_value_read_reg_389                     |  16|   0|   16|          0|
    |internal_count                              |  16|   0|   16|          0|
    |is_running                                  |   1|   0|    1|          0|
    +--------------------------------------------+----+----+-----+-----------+
    |Total                                       | 107|   0|  107|          0|
    +--------------------------------------------+----+----+-----+-----------+



================================================================
== Interface
================================================================
* Summary: 
+------------------+-----+-----+------------+----------------+--------------+
|     RTL Ports    | Dir | Bits|  Protocol  |  Source Object |    C Type    |
+------------------+-----+-----+------------+----------------+--------------+
|ap_clk            |   in|    1|  ap_ctrl_hs|  counter_module|  return value|
|ap_rst            |   in|    1|  ap_ctrl_hs|  counter_module|  return value|
|ap_start          |   in|    1|  ap_ctrl_hs|  counter_module|  return value|
|ap_done           |  out|    1|  ap_ctrl_hs|  counter_module|  return value|
|ap_idle           |  out|    1|  ap_ctrl_hs|  counter_module|  return value|
|ap_ready          |  out|    1|  ap_ctrl_hs|  counter_module|  return value|
|start_stop        |   in|    1|     ap_none|      start_stop|        scalar|
|init              |   in|    1|     ap_none|            init|        scalar|
|init_value        |   in|   16|     ap_none|      init_value|        scalar|
|count_out         |  out|   16|      ap_vld|       count_out|       pointer|
|count_out_ap_vld  |  out|    1|      ap_vld|       count_out|       pointer|
+------------------+-----+-----+------------+----------------+--------------+

============================================================
+ Verbose Summary: Synthesis Manager
============================================================
InlineROM: 1
ExposeGlobal: 0
============================================================
+ Verbose Summary: CDFG Model
============================================================
IsTopModel: 1
ResetActiveHigh: 1
IsCombinational: 2
IsDatapathOnly: 2
HasWiredReturn: 1
HasMFsm: 2
HasVarLatency: 0
IsPipeline: 1
IsRtlPipelined: 1
IsInstanceOverlapped: 0
IsDontTouch: 0
HasImplIP: 0
IsGatedGlobalClock: 0

+ Individual pipeline summary: 
  * Pipeline-0: initiation interval (II) = 1, depth = 2


============================================================
+ Verbose Summary: Schedule
============================================================
* Number of FSM states : 2
* Pipeline : 1
  Pipeline-0 : II = 1, D = 2, States = { 1 2 }
* Dataflow Pipeline: 0

* FSM state transitions: 
1 --> 2 
2 --> 

* FSM state operations: 

State 1 <SV = 0> <Delay = 6.18>
ST_1 : Operation 3 [1/1] (0.00ns)   --->   "%init_value_read = read i16 @_ssdm_op_Read.ap_auto.i16, i16 %init_value" [counter_top.cpp:52]   --->   Operation 3 'read' 'init_value_read' <Predicate = true> <Delay = 0.00>
ST_1 : Operation 4 [1/1] (0.00ns)   --->   "%init_read = read i1 @_ssdm_op_Read.ap_auto.i1, i1 %init" [counter_top.cpp:52]   --->   Operation 4 'read' 'init_read' <Predicate = true> <Delay = 0.00>
ST_1 : Operation 5 [1/1] (0.00ns)   --->   "%start_stop_read = read i1 @_ssdm_op_Read.ap_auto.i1, i1 %start_stop" [counter_top.cpp:52]   --->   Operation 5 'read' 'start_stop_read' <Predicate = true> <Delay = 0.00>
ST_1 : Operation 6 [1/1] (0.00ns)   --->   "%db_start_stop_inst_clean_state_load = load i1 %db_start_stop_inst_clean_state" [counter_top.cpp:19->counter_top.cpp:67]   --->   Operation 6 'load' 'db_start_stop_inst_clean_state_load' <Predicate = true> <Delay = 0.00>
ST_1 : Operation 7 [1/1] (0.97ns)   --->   "%xor_ln19 = xor i1 %db_start_stop_inst_clean_state_load, i1 %start_stop_read" [counter_top.cpp:19->counter_top.cpp:67]   --->   Operation 7 'xor' 'xor_ln19' <Predicate = true> <Delay = 0.97> <CoreInst = "LogicGate">   --->   Core 74 'LogicGate' <Latency = 0> <II = 1> <Delay = 0.97> <FuncUnit> <Opcode : 'and' 'or' 'xor'> <InPorts = 2> <OutPorts = 1>
ST_1 : Operation 8 [1/1] (0.00ns)   --->   "%db_start_stop_inst_counter_load = load i20 %db_start_stop_inst_counter" [counter_top.cpp:20->counter_top.cpp:67]   --->   Operation 8 'load' 'db_start_stop_inst_counter_load' <Predicate = true> <Delay = 0.00>
ST_1 : Operation 9 [1/1] (1.61ns)   --->   "%br_ln19 = br i1 %xor_ln19, void %_ZN9Debouncer3runEb.exit, void %if.then.i" [counter_top.cpp:19->counter_top.cpp:67]   --->   Operation 9 'br' 'br_ln19' <Predicate = true> <Delay = 1.61>
ST_1 : Operation 10 [1/1] (2.28ns)   --->   "%add_ln20 = add i20 %db_start_stop_inst_counter_load, i20 1" [counter_top.cpp:20->counter_top.cpp:67]   --->   Operation 10 'add' 'add_ln20' <Predicate = (xor_ln19)> <Delay = 2.28> <CoreInst = "Adder">   --->   Core 1 'Adder' <Latency = 0> <II = 1> <Delay = 2.28> <FuncUnit> <Opcode : 'add' 'sub'> <InPorts = 2> <OutPorts = 1>
ST_1 : Operation 11 [1/1] (2.28ns)   --->   "%icmp_ln21 = icmp_eq  i20 %add_ln20, i20 1000000" [counter_top.cpp:21->counter_top.cpp:67]   --->   Operation 11 'icmp' 'icmp_ln21' <Predicate = (xor_ln19)> <Delay = 2.28> <CoreInst = "Cmp">   --->   Core 9 'Cmp' <Latency = 0> <II = 1> <Delay = 2.28> <FuncUnit> <Opcode : 'seteq' 'setne' 'setle' 'setge' 'setlt' 'setgt'> <InPorts = 2> <OutPorts = 1>
ST_1 : Operation 12 [1/1] (1.61ns)   --->   "%br_ln21 = br i1 %icmp_ln21, void %_ZN9Debouncer3runEb.exit, void %if.then4.i" [counter_top.cpp:21->counter_top.cpp:67]   --->   Operation 12 'br' 'br_ln21' <Predicate = (xor_ln19)> <Delay = 1.61>
ST_1 : Operation 13 [1/1] (0.00ns)   --->   "%store_ln22 = store i1 %start_stop_read, i1 %db_start_stop_inst_clean_state" [counter_top.cpp:22->counter_top.cpp:67]   --->   Operation 13 'store' 'store_ln22' <Predicate = (xor_ln19 & icmp_ln21)> <Delay = 0.00>
ST_1 : Operation 14 [1/1] (1.61ns)   --->   "%br_ln24 = br void %_ZN9Debouncer3runEb.exit" [counter_top.cpp:24->counter_top.cpp:67]   --->   Operation 14 'br' 'br_ln24' <Predicate = (xor_ln19 & icmp_ln21)> <Delay = 1.61>
ST_1 : Operation 15 [1/1] (0.00ns)   --->   "%db_start_stop_inst_counter_new_0 = phi i20 0, void %if.then4.i, i20 %add_ln20, void %if.then.i, i20 0, void %entry" [counter_top.cpp:20->counter_top.cpp:67]   --->   Operation 15 'phi' 'db_start_stop_inst_counter_new_0' <Predicate = true> <Delay = 0.00>
ST_1 : Operation 16 [1/1] (0.00ns)   --->   "%store_ln20 = store i20 %db_start_stop_inst_counter_new_0, i20 %db_start_stop_inst_counter" [counter_top.cpp:20->counter_top.cpp:67]   --->   Operation 16 'store' 'store_ln20' <Predicate = true> <Delay = 0.00>

State 2 <SV = 1> <Delay = 7.82>
ST_2 : Operation 17 [1/1] (0.00ns)   --->   "%specpipeline_ln55 = specpipeline void @_ssdm_op_SpecPipeline, i32 1, i32 0, i32 0, i32 0, i32 4294967295, void @empty_0" [counter_top.cpp:55]   --->   Operation 17 'specpipeline' 'specpipeline_ln55' <Predicate = true> <Delay = 0.00>
ST_2 : Operation 18 [1/1] (0.00ns)   --->   "%spectopmodule_ln49 = spectopmodule void @_ssdm_op_SpecTopModule, void @empty_1" [counter_top.cpp:49]   --->   Operation 18 'spectopmodule' 'spectopmodule_ln49' <Predicate = true> <Delay = 0.00>
ST_2 : Operation 19 [1/1] (0.00ns)   --->   "%specbitsmap_ln0 = specbitsmap void @_ssdm_op_SpecBitsMap, i1 %start_stop"   --->   Operation 19 'specbitsmap' 'specbitsmap_ln0' <Predicate = true> <Delay = 0.00>
ST_2 : Operation 20 [1/1] (0.00ns)   --->   "%specinterface_ln0 = specinterface void @_ssdm_op_SpecInterface, i1 %start_stop, void @empty, i32 0, i32 0, void @empty_0, i32 0, i32 0, void @empty_0, void @empty_0, void @empty_0, i32 0, i32 0, i32 0, i32 0, void @empty_0, void @empty_0, i32 4294967295, i32 0, i32 0, i32 0"   --->   Operation 20 'specinterface' 'specinterface_ln0' <Predicate = true> <Delay = 0.00>
ST_2 : Operation 21 [1/1] (0.00ns)   --->   "%specbitsmap_ln0 = specbitsmap void @_ssdm_op_SpecBitsMap, i1 %init"   --->   Operation 21 'specbitsmap' 'specbitsmap_ln0' <Predicate = true> <Delay = 0.00>
ST_2 : Operation 22 [1/1] (0.00ns)   --->   "%specinterface_ln0 = specinterface void @_ssdm_op_SpecInterface, i1 %init, void @empty, i32 0, i32 0, void @empty_0, i32 0, i32 0, void @empty_0, void @empty_0, void @empty_0, i32 0, i32 0, i32 0, i32 0, void @empty_0, void @empty_0, i32 4294967295, i32 0, i32 0, i32 0"   --->   Operation 22 'specinterface' 'specinterface_ln0' <Predicate = true> <Delay = 0.00>
ST_2 : Operation 23 [1/1] (0.00ns)   --->   "%specbitsmap_ln0 = specbitsmap void @_ssdm_op_SpecBitsMap, i16 %init_value"   --->   Operation 23 'specbitsmap' 'specbitsmap_ln0' <Predicate = true> <Delay = 0.00>
ST_2 : Operation 24 [1/1] (0.00ns)   --->   "%specinterface_ln0 = specinterface void @_ssdm_op_SpecInterface, i16 %init_value, void @empty, i32 0, i32 0, void @empty_0, i32 0, i32 0, void @empty_0, void @empty_0, void @empty_0, i32 0, i32 0, i32 0, i32 0, void @empty_0, void @empty_0, i32 4294967295, i32 0, i32 0, i32 0"   --->   Operation 24 'specinterface' 'specinterface_ln0' <Predicate = true> <Delay = 0.00>
ST_2 : Operation 25 [1/1] (0.00ns)   --->   "%specbitsmap_ln0 = specbitsmap void @_ssdm_op_SpecBitsMap, i16 %count_out"   --->   Operation 25 'specbitsmap' 'specbitsmap_ln0' <Predicate = true> <Delay = 0.00>
ST_2 : Operation 26 [1/1] (0.00ns)   --->   "%specinterface_ln0 = specinterface void @_ssdm_op_SpecInterface, i16 %count_out, void @empty, i32 0, i32 0, void @empty_0, i32 0, i32 0, void @empty_0, void @empty_0, void @empty_0, i32 0, i32 0, i32 0, i32 0, void @empty_0, void @empty_0, i32 4294967295, i32 0, i32 0, i32 0"   --->   Operation 26 'specinterface' 'specinterface_ln0' <Predicate = true> <Delay = 0.00>
ST_2 : Operation 27 [1/1] (0.00ns)   --->   "%db_start_stop = phi i1 %start_stop_read, void %if.then4.i, i1 %db_start_stop_inst_clean_state_load, void %if.then.i, i1 %start_stop_read, void %entry" [counter_top.cpp:52]   --->   Operation 27 'phi' 'db_start_stop' <Predicate = true> <Delay = 0.00>
ST_2 : Operation 28 [1/1] (0.00ns)   --->   "%db_init = load i1 %db_init_inst_clean_state" [counter_top.cpp:19->counter_top.cpp:68]   --->   Operation 28 'load' 'db_init' <Predicate = true> <Delay = 0.00>
ST_2 : Operation 29 [1/1] (0.97ns)   --->   "%xor_ln19_1 = xor i1 %db_init, i1 %init_read" [counter_top.cpp:19->counter_top.cpp:68]   --->   Operation 29 'xor' 'xor_ln19_1' <Predicate = true> <Delay = 0.97> <CoreInst = "LogicGate">   --->   Core 74 'LogicGate' <Latency = 0> <II = 1> <Delay = 0.97> <FuncUnit> <Opcode : 'and' 'or' 'xor'> <InPorts = 2> <OutPorts = 1>
ST_2 : Operation 30 [1/1] (0.00ns)   --->   "%edge_start_stop_inst_load = load i1 %edge_start_stop_inst" [counter_top.cpp:40->counter_top.cpp:71]   --->   Operation 30 'load' 'edge_start_stop_inst_load' <Predicate = true> <Delay = 0.00>
ST_2 : Operation 31 [1/1] (0.00ns) (grouped into LUT with out node rising)   --->   "%xor_ln40 = xor i1 %edge_start_stop_inst_load, i1 1" [counter_top.cpp:40->counter_top.cpp:71]   --->   Operation 31 'xor' 'xor_ln40' <Predicate = true> <Delay = 0.00> <CoreInst = "LogicGate">   --->   Core 74 'LogicGate' <Latency = 0> <II = 1> <Delay = 0.97> <FuncUnit> <Opcode : 'and' 'or' 'xor'> <InPorts = 2> <OutPorts = 1>
ST_2 : Operation 32 [1/1] (0.97ns) (out node of the LUT)   --->   "%rising = and i1 %db_start_stop, i1 %xor_ln40" [counter_top.cpp:40->counter_top.cpp:71]   --->   Operation 32 'and' 'rising' <Predicate = true> <Delay = 0.97> <CoreInst = "LogicGate">   --->   Core 74 'LogicGate' <Latency = 0> <II = 1> <Delay = 0.97> <FuncUnit> <Opcode : 'and' 'or' 'xor'> <InPorts = 2> <OutPorts = 1>
ST_2 : Operation 33 [1/1] (0.00ns)   --->   "%db_init_inst_counter_load = load i20 %db_init_inst_counter" [counter_top.cpp:20->counter_top.cpp:68]   --->   Operation 33 'load' 'db_init_inst_counter_load' <Predicate = true> <Delay = 0.00>
ST_2 : Operation 34 [1/1] (0.00ns)   --->   "%internal_count_load = load i16 %internal_count" [counter_top.cpp:86]   --->   Operation 34 'load' 'internal_count_load' <Predicate = true> <Delay = 0.00>
ST_2 : Operation 35 [1/1] (0.00ns)   --->   "%is_running_load = load i1 %is_running" [counter_top.cpp:81]   --->   Operation 35 'load' 'is_running_load' <Predicate = true> <Delay = 0.00>
ST_2 : Operation 36 [1/1] (0.00ns)   --->   "%br_ln19 = br i1 %xor_ln19_1, void %if.else.i8, void %if.then.i6" [counter_top.cpp:19->counter_top.cpp:68]   --->   Operation 36 'br' 'br_ln19' <Predicate = true> <Delay = 0.00>
ST_2 : Operation 37 [1/1] (0.00ns)   --->   "%store_ln41 = store i1 %db_start_stop, i1 %edge_start_stop_inst" [counter_top.cpp:41->counter_top.cpp:71]   --->   Operation 37 'store' 'store_ln41' <Predicate = (!xor_ln19_1)> <Delay = 0.00>
ST_2 : Operation 38 [1/1] (1.61ns)   --->   "%br_ln74 = br i1 %init_read, void %if.else, void %if.then" [counter_top.cpp:74]   --->   Operation 38 'br' 'br_ln74' <Predicate = (!xor_ln19_1)> <Delay = 1.61>
ST_2 : Operation 39 [1/1] (2.28ns)   --->   "%add_ln20_1 = add i20 %db_init_inst_counter_load, i20 1" [counter_top.cpp:20->counter_top.cpp:68]   --->   Operation 39 'add' 'add_ln20_1' <Predicate = (xor_ln19_1)> <Delay = 2.28> <CoreInst = "Adder">   --->   Core 1 'Adder' <Latency = 0> <II = 1> <Delay = 2.28> <FuncUnit> <Opcode : 'add' 'sub'> <InPorts = 2> <OutPorts = 1>
ST_2 : Operation 40 [1/1] (2.28ns)   --->   "%icmp_ln21_1 = icmp_eq  i20 %add_ln20_1, i20 1000000" [counter_top.cpp:21->counter_top.cpp:68]   --->   Operation 40 'icmp' 'icmp_ln21_1' <Predicate = (xor_ln19_1)> <Delay = 2.28> <CoreInst = "Cmp">   --->   Core 9 'Cmp' <Latency = 0> <II = 1> <Delay = 2.28> <FuncUnit> <Opcode : 'seteq' 'setne' 'setle' 'setge' 'setlt' 'setgt'> <InPorts = 2> <OutPorts = 1>
ST_2 : Operation 41 [1/1] (0.00ns)   --->   "%br_ln21 = br i1 %icmp_ln21_1, void %_ZN9Debouncer3runEb.exit9, void %if.then4.i7" [counter_top.cpp:21->counter_top.cpp:68]   --->   Operation 41 'br' 'br_ln21' <Predicate = (xor_ln19_1)> <Delay = 0.00>
ST_2 : Operation 42 [1/1] (0.00ns)   --->   "%store_ln41 = store i1 %db_start_stop, i1 %edge_start_stop_inst" [counter_top.cpp:41->counter_top.cpp:71]   --->   Operation 42 'store' 'store_ln41' <Predicate = (xor_ln19_1 & !icmp_ln21_1)> <Delay = 0.00>
ST_2 : Operation 43 [1/1] (1.61ns)   --->   "%br_ln74 = br i1 %db_init, void %if.else, void %if.then" [counter_top.cpp:74]   --->   Operation 43 'br' 'br_ln74' <Predicate = (xor_ln19_1 & !icmp_ln21_1)> <Delay = 1.61>
ST_2 : Operation 44 [1/1] (0.00ns)   --->   "%store_ln22 = store i1 %init_read, i1 %db_init_inst_clean_state" [counter_top.cpp:22->counter_top.cpp:68]   --->   Operation 44 'store' 'store_ln22' <Predicate = (xor_ln19_1 & icmp_ln21_1)> <Delay = 0.00>
ST_2 : Operation 45 [1/1] (0.00ns)   --->   "%store_ln41 = store i1 %db_start_stop, i1 %edge_start_stop_inst" [counter_top.cpp:41->counter_top.cpp:71]   --->   Operation 45 'store' 'store_ln41' <Predicate = (xor_ln19_1 & icmp_ln21_1)> <Delay = 0.00>
ST_2 : Operation 46 [1/1] (1.61ns)   --->   "%br_ln74 = br i1 %init_read, void %if.else, void %if.then" [counter_top.cpp:74]   --->   Operation 46 'br' 'br_ln74' <Predicate = (xor_ln19_1 & icmp_ln21_1)> <Delay = 1.61>
ST_2 : Operation 47 [1/1] (0.00ns)   --->   "%db_init_inst_counter_new_1 = phi i20 0, void %if.then4.i7, i20 %add_ln20_1, void %_ZN9Debouncer3runEb.exit9, i20 0, void %if.else.i8" [counter_top.cpp:20->counter_top.cpp:68]   --->   Operation 47 'phi' 'db_init_inst_counter_new_1' <Predicate = (!init_read & icmp_ln21_1) | (xor_ln19_1 & !db_init & !icmp_ln21_1) | (!xor_ln19_1 & !init_read)> <Delay = 0.00>
ST_2 : Operation 48 [1/1] (0.00ns)   --->   "%br_ln80 = br i1 %rising, void %if.endthread-pre-split, void %if.end" [counter_top.cpp:80]   --->   Operation 48 'br' 'br_ln80' <Predicate = (!init_read & icmp_ln21_1) | (xor_ln19_1 & !db_init & !icmp_ln21_1) | (!xor_ln19_1 & !init_read)> <Delay = 0.00>
ST_2 : Operation 49 [1/1] (1.64ns)   --->   "%br_ln85 = br i1 %is_running_load, void %if.end25, void %if.then17" [counter_top.cpp:85]   --->   Operation 49 'br' 'br_ln85' <Predicate = (!init_read & icmp_ln21_1 & !rising) | (xor_ln19_1 & !db_init & !icmp_ln21_1 & !rising) | (!xor_ln19_1 & !init_read & !rising)> <Delay = 1.64>
ST_2 : Operation 50 [1/1] (0.97ns)   --->   "%xor_ln81 = xor i1 %is_running_load, i1 1" [counter_top.cpp:81]   --->   Operation 50 'xor' 'xor_ln81' <Predicate = (!init_read & icmp_ln21_1 & rising) | (xor_ln19_1 & !db_init & !icmp_ln21_1 & rising) | (!xor_ln19_1 & !init_read & rising)> <Delay = 0.97> <CoreInst = "LogicGate">   --->   Core 74 'LogicGate' <Latency = 0> <II = 1> <Delay = 0.97> <FuncUnit> <Opcode : 'and' 'or' 'xor'> <InPorts = 2> <OutPorts = 1>
ST_2 : Operation 51 [1/1] (1.61ns)   --->   "%store_ln81 = store i1 %xor_ln81, i1 %is_running" [counter_top.cpp:81]   --->   Operation 51 'store' 'store_ln81' <Predicate = (!init_read & icmp_ln21_1 & rising) | (xor_ln19_1 & !db_init & !icmp_ln21_1 & rising) | (!xor_ln19_1 & !init_read & rising)> <Delay = 1.61>
ST_2 : Operation 52 [1/1] (1.64ns)   --->   "%br_ln85 = br i1 %is_running_load, void %if.then17, void %if.end25" [counter_top.cpp:85]   --->   Operation 52 'br' 'br_ln85' <Predicate = (!init_read & icmp_ln21_1 & rising) | (xor_ln19_1 & !db_init & !icmp_ln21_1 & rising) | (!xor_ln19_1 & !init_read & rising)> <Delay = 1.64>
ST_2 : Operation 53 [1/1] (0.00ns)   --->   "%fast_count_load = load i27 %fast_count" [counter_top.cpp:86]   --->   Operation 53 'load' 'fast_count_load' <Predicate = (!init_read & icmp_ln21_1 & rising & !is_running_load) | (!init_read & icmp_ln21_1 & !rising & is_running_load) | (xor_ln19_1 & !db_init & !icmp_ln21_1 & rising & !is_running_load) | (xor_ln19_1 & !db_init & !icmp_ln21_1 & !rising & is_running_load) | (!xor_ln19_1 & !init_read & rising & !is_running_load) | (!xor_ln19_1 & !init_read & !rising & is_running_load)> <Delay = 0.00>
ST_2 : Operation 54 [1/1] (2.52ns)   --->   "%icmp_ln86 = icmp_eq  i27 %fast_count_load, i27 0" [counter_top.cpp:86]   --->   Operation 54 'icmp' 'icmp_ln86' <Predicate = (!init_read & icmp_ln21_1 & rising & !is_running_load) | (!init_read & icmp_ln21_1 & !rising & is_running_load) | (xor_ln19_1 & !db_init & !icmp_ln21_1 & rising & !is_running_load) | (xor_ln19_1 & !db_init & !icmp_ln21_1 & !rising & is_running_load) | (!xor_ln19_1 & !init_read & rising & !is_running_load) | (!xor_ln19_1 & !init_read & !rising & is_running_load)> <Delay = 2.52> <CoreInst = "Cmp">   --->   Core 9 'Cmp' <Latency = 0> <II = 1> <Delay = 2.52> <FuncUnit> <Opcode : 'seteq' 'setne' 'setle' 'setge' 'setlt' 'setgt'> <InPorts = 2> <OutPorts = 1>
ST_2 : Operation 55 [1/1] (2.14ns)   --->   "%icmp_ln86_1 = icmp_ne  i16 %internal_count_load, i16 0" [counter_top.cpp:86]   --->   Operation 55 'icmp' 'icmp_ln86_1' <Predicate = (!init_read & icmp_ln21_1 & rising & !is_running_load) | (!init_read & icmp_ln21_1 & !rising & is_running_load) | (xor_ln19_1 & !db_init & !icmp_ln21_1 & rising & !is_running_load) | (xor_ln19_1 & !db_init & !icmp_ln21_1 & !rising & is_running_load) | (!xor_ln19_1 & !init_read & rising & !is_running_load) | (!xor_ln19_1 & !init_read & !rising & is_running_load)> <Delay = 2.14> <CoreInst = "Cmp">   --->   Core 9 'Cmp' <Latency = 0> <II = 1> <Delay = 2.14> <FuncUnit> <Opcode : 'seteq' 'setne' 'setle' 'setge' 'setlt' 'setgt'> <InPorts = 2> <OutPorts = 1>
ST_2 : Operation 56 [1/1] (0.97ns)   --->   "%and_ln86 = and i1 %icmp_ln86, i1 %icmp_ln86_1" [counter_top.cpp:86]   --->   Operation 56 'and' 'and_ln86' <Predicate = (!init_read & icmp_ln21_1 & rising & !is_running_load) | (!init_read & icmp_ln21_1 & !rising & is_running_load) | (xor_ln19_1 & !db_init & !icmp_ln21_1 & rising & !is_running_load) | (xor_ln19_1 & !db_init & !icmp_ln21_1 & !rising & is_running_load) | (!xor_ln19_1 & !init_read & rising & !is_running_load) | (!xor_ln19_1 & !init_read & !rising & is_running_load)> <Delay = 0.97> <CoreInst = "LogicGate">   --->   Core 74 'LogicGate' <Latency = 0> <II = 1> <Delay = 0.97> <FuncUnit> <Opcode : 'and' 'or' 'xor'> <InPorts = 2> <OutPorts = 1>
ST_2 : Operation 57 [1/1] (0.00ns)   --->   "%br_ln86 = br i1 %and_ln86, void %if.else21, void %if.then20" [counter_top.cpp:86]   --->   Operation 57 'br' 'br_ln86' <Predicate = (!init_read & icmp_ln21_1 & rising & !is_running_load) | (!init_read & icmp_ln21_1 & !rising & is_running_load) | (xor_ln19_1 & !db_init & !icmp_ln21_1 & rising & !is_running_load) | (xor_ln19_1 & !db_init & !icmp_ln21_1 & !rising & is_running_load) | (!xor_ln19_1 & !init_read & rising & !is_running_load) | (!xor_ln19_1 & !init_read & !rising & is_running_load)> <Delay = 0.00>
ST_2 : Operation 58 [1/1] (2.52ns)   --->   "%add_ln90 = add i27 %fast_count_load, i27 134217727" [counter_top.cpp:90]   --->   Operation 58 'add' 'add_ln90' <Predicate = (!init_read & icmp_ln21_1 & rising & !is_running_load & !and_ln86) | (!init_read & icmp_ln21_1 & !rising & is_running_load & !and_ln86) | (xor_ln19_1 & !db_init & !icmp_ln21_1 & rising & !is_running_load & !and_ln86) | (xor_ln19_1 & !db_init & !icmp_ln21_1 & !rising & is_running_load & !and_ln86) | (!xor_ln19_1 & !init_read & rising & !is_running_load & !and_ln86) | (!xor_ln19_1 & !init_read & !rising & is_running_load & !and_ln86)> <Delay = 2.52> <CoreInst = "Adder">   --->   Core 1 'Adder' <Latency = 0> <II = 1> <Delay = 2.52> <FuncUnit> <Opcode : 'add' 'sub'> <InPorts = 2> <OutPorts = 1>
ST_2 : Operation 59 [1/1] (1.61ns)   --->   "%br_ln0 = br void %if.end23"   --->   Operation 59 'br' 'br_ln0' <Predicate = (!init_read & icmp_ln21_1 & rising & !is_running_load & !and_ln86) | (!init_read & icmp_ln21_1 & !rising & is_running_load & !and_ln86) | (xor_ln19_1 & !db_init & !icmp_ln21_1 & rising & !is_running_load & !and_ln86) | (xor_ln19_1 & !db_init & !icmp_ln21_1 & !rising & is_running_load & !and_ln86) | (!xor_ln19_1 & !init_read & rising & !is_running_load & !and_ln86) | (!xor_ln19_1 & !init_read & !rising & is_running_load & !and_ln86)> <Delay = 1.61>
ST_2 : Operation 60 [1/1] (2.14ns)   --->   "%add_ln87 = add i16 %internal_count_load, i16 65535" [counter_top.cpp:87]   --->   Operation 60 'add' 'add_ln87' <Predicate = (!init_read & icmp_ln21_1 & rising & !is_running_load & and_ln86) | (!init_read & icmp_ln21_1 & !rising & is_running_load & and_ln86) | (xor_ln19_1 & !db_init & !icmp_ln21_1 & rising & !is_running_load & and_ln86) | (xor_ln19_1 & !db_init & !icmp_ln21_1 & !rising & is_running_load & and_ln86) | (!xor_ln19_1 & !init_read & rising & !is_running_load & and_ln86) | (!xor_ln19_1 & !init_read & !rising & is_running_load & and_ln86)> <Delay = 2.14> <CoreInst = "Adder">   --->   Core 1 'Adder' <Latency = 0> <II = 1> <Delay = 2.14> <FuncUnit> <Opcode : 'add' 'sub'> <InPorts = 2> <OutPorts = 1>
ST_2 : Operation 61 [1/1] (1.61ns)   --->   "%store_ln87 = store i16 %add_ln87, i16 %internal_count" [counter_top.cpp:87]   --->   Operation 61 'store' 'store_ln87' <Predicate = (!init_read & icmp_ln21_1 & rising & !is_running_load & and_ln86) | (!init_read & icmp_ln21_1 & !rising & is_running_load & and_ln86) | (xor_ln19_1 & !db_init & !icmp_ln21_1 & rising & !is_running_load & and_ln86) | (xor_ln19_1 & !db_init & !icmp_ln21_1 & !rising & is_running_load & and_ln86) | (!xor_ln19_1 & !init_read & rising & !is_running_load & and_ln86) | (!xor_ln19_1 & !init_read & !rising & is_running_load & and_ln86)> <Delay = 1.61>
ST_2 : Operation 62 [1/1] (1.61ns)   --->   "%br_ln89 = br void %if.end23" [counter_top.cpp:89]   --->   Operation 62 'br' 'br_ln89' <Predicate = (!init_read & icmp_ln21_1 & rising & !is_running_load & and_ln86) | (!init_read & icmp_ln21_1 & !rising & is_running_load & and_ln86) | (xor_ln19_1 & !db_init & !icmp_ln21_1 & rising & !is_running_load & and_ln86) | (xor_ln19_1 & !db_init & !icmp_ln21_1 & !rising & is_running_load & and_ln86) | (!xor_ln19_1 & !init_read & rising & !is_running_load & and_ln86) | (!xor_ln19_1 & !init_read & !rising & is_running_load & and_ln86)> <Delay = 1.61>
ST_2 : Operation 63 [1/1] (0.00ns)   --->   "%internal_count_loc_0 = phi i16 %add_ln87, void %if.then20, i16 %internal_count_load, void %if.else21" [counter_top.cpp:87]   --->   Operation 63 'phi' 'internal_count_loc_0' <Predicate = (!init_read & icmp_ln21_1 & rising & !is_running_load) | (!init_read & icmp_ln21_1 & !rising & is_running_load) | (xor_ln19_1 & !db_init & !icmp_ln21_1 & rising & !is_running_load) | (xor_ln19_1 & !db_init & !icmp_ln21_1 & !rising & is_running_load) | (!xor_ln19_1 & !init_read & rising & !is_running_load) | (!xor_ln19_1 & !init_read & !rising & is_running_load)> <Delay = 0.00>
ST_2 : Operation 64 [1/1] (0.00ns)   --->   "%storemerge = phi i27 99999999, void %if.then20, i27 %add_ln90, void %if.else21" [counter_top.cpp:90]   --->   Operation 64 'phi' 'storemerge' <Predicate = (!init_read & icmp_ln21_1 & rising & !is_running_load) | (!init_read & icmp_ln21_1 & !rising & is_running_load) | (xor_ln19_1 & !db_init & !icmp_ln21_1 & rising & !is_running_load) | (xor_ln19_1 & !db_init & !icmp_ln21_1 & !rising & is_running_load) | (!xor_ln19_1 & !init_read & rising & !is_running_load) | (!xor_ln19_1 & !init_read & !rising & is_running_load)> <Delay = 0.00>
ST_2 : Operation 65 [1/1] (0.00ns)   --->   "%store_ln90 = store i27 %storemerge, i27 %fast_count" [counter_top.cpp:90]   --->   Operation 65 'store' 'store_ln90' <Predicate = (!init_read & icmp_ln21_1 & rising & !is_running_load) | (!init_read & icmp_ln21_1 & !rising & is_running_load) | (xor_ln19_1 & !db_init & !icmp_ln21_1 & rising & !is_running_load) | (xor_ln19_1 & !db_init & !icmp_ln21_1 & !rising & is_running_load) | (!xor_ln19_1 & !init_read & rising & !is_running_load) | (!xor_ln19_1 & !init_read & !rising & is_running_load)> <Delay = 0.00>
ST_2 : Operation 66 [1/1] (1.64ns)   --->   "%br_ln92 = br void %if.end25" [counter_top.cpp:92]   --->   Operation 66 'br' 'br_ln92' <Predicate = (!init_read & icmp_ln21_1 & rising & !is_running_load) | (!init_read & icmp_ln21_1 & !rising & is_running_load) | (xor_ln19_1 & !db_init & !icmp_ln21_1 & rising & !is_running_load) | (xor_ln19_1 & !db_init & !icmp_ln21_1 & !rising & is_running_load) | (!xor_ln19_1 & !init_read & rising & !is_running_load) | (!xor_ln19_1 & !init_read & !rising & is_running_load)> <Delay = 1.64>
ST_2 : Operation 67 [1/1] (0.00ns)   --->   "%db_init_inst_counter_new_0 = phi i20 0, void %if.then4.i7, i20 %add_ln20_1, void %_ZN9Debouncer3runEb.exit9, i20 0, void %if.else.i8" [counter_top.cpp:20->counter_top.cpp:68]   --->   Operation 67 'phi' 'db_init_inst_counter_new_0' <Predicate = (init_read & icmp_ln21_1) | (xor_ln19_1 & db_init & !icmp_ln21_1) | (!xor_ln19_1 & init_read)> <Delay = 0.00>
ST_2 : Operation 68 [1/1] (1.61ns)   --->   "%store_ln75 = store i16 %init_value_read, i16 %internal_count" [counter_top.cpp:75]   --->   Operation 68 'store' 'store_ln75' <Predicate = (init_read & icmp_ln21_1) | (xor_ln19_1 & db_init & !icmp_ln21_1) | (!xor_ln19_1 & init_read)> <Delay = 1.61>
ST_2 : Operation 69 [1/1] (1.61ns)   --->   "%store_ln76 = store i1 0, i1 %is_running" [counter_top.cpp:76]   --->   Operation 69 'store' 'store_ln76' <Predicate = (init_read & icmp_ln21_1) | (xor_ln19_1 & db_init & !icmp_ln21_1) | (!xor_ln19_1 & init_read)> <Delay = 1.61>
ST_2 : Operation 70 [1/1] (1.64ns)   --->   "%br_ln77 = br void %if.end25" [counter_top.cpp:77]   --->   Operation 70 'br' 'br_ln77' <Predicate = (init_read & icmp_ln21_1) | (xor_ln19_1 & db_init & !icmp_ln21_1) | (!xor_ln19_1 & init_read)> <Delay = 1.64>
ST_2 : Operation 71 [1/1] (0.00ns)   --->   "%db_init_inst_counter_new_2 = phi i20 %db_init_inst_counter_new_0, void %if.then, i20 %db_init_inst_counter_new_1, void %if.end23, i20 %db_init_inst_counter_new_1, void %if.end, i20 %db_init_inst_counter_new_1, void %if.endthread-pre-split" [counter_top.cpp:20->counter_top.cpp:68]   --->   Operation 71 'phi' 'db_init_inst_counter_new_2' <Predicate = true> <Delay = 0.00>
ST_2 : Operation 72 [1/1] (0.00ns)   --->   "%internal_count_loc_2 = phi i16 %init_value_read, void %if.then, i16 %internal_count_loc_0, void %if.end23, i16 %internal_count_load, void %if.end, i16 %internal_count_load, void %if.endthread-pre-split" [counter_top.cpp:52]   --->   Operation 72 'phi' 'internal_count_loc_2' <Predicate = true> <Delay = 0.00>
ST_2 : Operation 73 [1/1] (0.00ns)   --->   "%write_ln96 = write void @_ssdm_op_Write.ap_auto.i16P0A, i16 %count_out, i16 %internal_count_loc_2" [counter_top.cpp:96]   --->   Operation 73 'write' 'write_ln96' <Predicate = true> <Delay = 0.00>
ST_2 : Operation 74 [1/1] (0.00ns)   --->   "%store_ln20 = store i20 %db_init_inst_counter_new_2, i20 %db_init_inst_counter" [counter_top.cpp:20->counter_top.cpp:68]   --->   Operation 74 'store' 'store_ln20' <Predicate = true> <Delay = 0.00>
ST_2 : Operation 75 [1/1] (0.00ns)   --->   "%ret_ln97 = ret" [counter_top.cpp:97]   --->   Operation 75 'ret' 'ret_ln97' <Predicate = true> <Delay = 0.00>


============================================================
+ Verbose Summary: Binding
============================================================
STG Binding: 
---------------- STG Properties BEGIN ----------------
- Is combinational: 0
- Is one-state seq: 0
- Is datapath-only: 0
- Is pipelined: 1
- Is top level: 1
Port [ Return ] is wired: 1; IO mode=ap_ctrl_hs:ce=0
Port [ start_stop]:  wired=1; compound=0; hidden=0; nouse=0; global=0; static=0; extern=0; dir=0; type=0; pingpong=0; private_global=0; IO mode=ap_none:ce=0
Port [ init]:  wired=1; compound=0; hidden=0; nouse=0; global=0; static=0; extern=0; dir=0; type=0; pingpong=0; private_global=0; IO mode=ap_none:ce=0
Port [ init_value]:  wired=1; compound=0; hidden=0; nouse=0; global=0; static=0; extern=0; dir=0; type=0; pingpong=0; private_global=0; IO mode=ap_none:ce=0
Port [ count_out]:  wired=1; compound=0; hidden=0; nouse=0; global=0; static=0; extern=0; dir=1; type=0; pingpong=0; private_global=0; IO mode=ap_vld:ce=0
Port [ db_start_stop_inst_clean_state]:  wired=0; compound=0; hidden=1; nouse=0; global=1; static=1; extern=0; dir=2; type=0; pingpong=0; private_global=1; IO mode=ap_ovld:ce=0
Port [ db_start_stop_inst_counter]:  wired=0; compound=0; hidden=1; nouse=0; global=1; static=1; extern=0; dir=2; type=0; pingpong=0; private_global=1; IO mode=ap_ovld:ce=0
Port [ db_init_inst_clean_state]:  wired=0; compound=0; hidden=1; nouse=0; global=1; static=1; extern=0; dir=2; type=0; pingpong=0; private_global=1; IO mode=ap_ovld:ce=0
Port [ edge_start_stop_inst]:  wired=0; compound=0; hidden=1; nouse=0; global=1; static=1; extern=0; dir=2; type=0; pingpong=0; private_global=1; IO mode=ap_ovld:ce=0
Port [ db_init_inst_counter]:  wired=0; compound=0; hidden=1; nouse=0; global=1; static=1; extern=0; dir=2; type=0; pingpong=0; private_global=1; IO mode=ap_ovld:ce=0
Port [ internal_count]:  wired=0; compound=0; hidden=1; nouse=0; global=1; static=1; extern=0; dir=2; type=0; pingpong=0; private_global=1; IO mode=ap_ovld:ce=0
Port [ is_running]:  wired=0; compound=0; hidden=1; nouse=0; global=1; static=1; extern=0; dir=2; type=0; pingpong=0; private_global=1; IO mode=ap_ovld:ce=0
Port [ fast_count]:  wired=0; compound=0; hidden=1; nouse=0; global=1; static=1; extern=0; dir=2; type=0; pingpong=0; private_global=1; IO mode=ap_ovld:ce=0
---------------- STG Properties END ------------------

---------------- Datapath Model BEGIN ----------------

<LifeTime>
<method=bitvector/>
init_value_read                     (read         ) [ 011]
init_read                           (read         ) [ 011]
start_stop_read                     (read         ) [ 011]
db_start_stop_inst_clean_state_load (load         ) [ 011]
xor_ln19                            (xor          ) [ 010]
db_start_stop_inst_counter_load     (load         ) [ 000]
br_ln19                             (br           ) [ 011]
add_ln20                            (add          ) [ 000]
icmp_ln21                           (icmp         ) [ 010]
br_ln21                             (br           ) [ 011]
store_ln22                          (store        ) [ 000]
br_ln24                             (br           ) [ 011]
db_start_stop_inst_counter_new_0    (phi          ) [ 000]
store_ln20                          (store        ) [ 000]
specpipeline_ln55                   (specpipeline ) [ 000]
spectopmodule_ln49                  (spectopmodule) [ 000]
specbitsmap_ln0                     (specbitsmap  ) [ 000]
specinterface_ln0                   (specinterface) [ 000]
specbitsmap_ln0                     (specbitsmap  ) [ 000]
specinterface_ln0                   (specinterface) [ 000]
specbitsmap_ln0                     (specbitsmap  ) [ 000]
specinterface_ln0                   (specinterface) [ 000]
specbitsmap_ln0                     (specbitsmap  ) [ 000]
specinterface_ln0                   (specinterface) [ 000]
db_start_stop                       (phi          ) [ 011]
db_init                             (load         ) [ 011]
xor_ln19_1                          (xor          ) [ 011]
edge_start_stop_inst_load           (load         ) [ 000]
xor_ln40                            (xor          ) [ 000]
rising                              (and          ) [ 011]
db_init_inst_counter_load           (load         ) [ 000]
internal_count_load                 (load         ) [ 000]
is_running_load                     (load         ) [ 011]
br_ln19                             (br           ) [ 000]
store_ln41                          (store        ) [ 000]
br_ln74                             (br           ) [ 000]
add_ln20_1                          (add          ) [ 000]
icmp_ln21_1                         (icmp         ) [ 011]
br_ln21                             (br           ) [ 000]
store_ln41                          (store        ) [ 000]
br_ln74                             (br           ) [ 000]
store_ln22                          (store        ) [ 000]
store_ln41                          (store        ) [ 000]
br_ln74                             (br           ) [ 000]
db_init_inst_counter_new_1          (phi          ) [ 000]
br_ln80                             (br           ) [ 000]
br_ln85                             (br           ) [ 000]
xor_ln81                            (xor          ) [ 000]
store_ln81                          (store        ) [ 000]
br_ln85                             (br           ) [ 000]
fast_count_load                     (load         ) [ 000]
icmp_ln86                           (icmp         ) [ 000]
icmp_ln86_1                         (icmp         ) [ 000]
and_ln86                            (and          ) [ 011]
br_ln86                             (br           ) [ 000]
add_ln90                            (add          ) [ 000]
br_ln0                              (br           ) [ 000]
add_ln87                            (add          ) [ 000]
store_ln87                          (store        ) [ 000]
br_ln89                             (br           ) [ 000]
internal_count_loc_0                (phi          ) [ 000]
storemerge                          (phi          ) [ 000]
store_ln90                          (store        ) [ 000]
br_ln92                             (br           ) [ 000]
db_init_inst_counter_new_0          (phi          ) [ 000]
store_ln75                          (store        ) [ 000]
store_ln76                          (store        ) [ 000]
br_ln77                             (br           ) [ 000]
db_init_inst_counter_new_2          (phi          ) [ 000]
internal_count_loc_2                (phi          ) [ 011]
write_ln96                          (write        ) [ 000]
store_ln20                          (store        ) [ 000]
ret_ln97                            (ret          ) [ 000]
</LifeTime>

<model>

<comp_list>
<comp id="0" class="1000" name="start_stop">
<pin_list>
<pin id="1" dir="1" index="0" bw="1" slack="0"/>
</pin_list>
<bind>
<StgValue><ssdm name="start_stop"/></StgValue>
</bind>
</comp>

<comp id="2" class="1000" name="init">
<pin_list>
<pin id="3" dir="1" index="0" bw="1" slack="0"/>
</pin_list>
<bind>
<StgValue><ssdm name="init"/></StgValue>
</bind>
</comp>

<comp id="4" class="1000" name="init_value">
<pin_list>
<pin id="5" dir="1" index="0" bw="1" slack="0"/>
</pin_list>
<bind>
<StgValue><ssdm name="init_value"/></StgValue>
</bind>
</comp>

<comp id="6" class="1000" name="count_out">
<pin_list>
<pin id="7" dir="1" index="0" bw="1" slack="0"/>
</pin_list>
<bind>
<StgValue><ssdm name="count_out"/></StgValue>
</bind>
</comp>

<comp id="8" class="1000" name="db_start_stop_inst_clean_state">
<pin_list>
<pin id="9" dir="1" index="0" bw="1" slack="0"/>
</pin_list>
<bind>
<StgValue><ssdm name="db_start_stop_inst_clean_state"/></StgValue>
</bind>
</comp>

<comp id="10" class="1000" name="db_start_stop_inst_counter">
<pin_list>
<pin id="11" dir="1" index="0" bw="1" slack="0"/>
</pin_list>
<bind>
<StgValue><ssdm name="db_start_stop_inst_counter"/></StgValue>
</bind>
</comp>

<comp id="12" class="1000" name="db_init_inst_clean_state">
<pin_list>
<pin id="13" dir="1" index="0" bw="1" slack="0"/>
</pin_list>
<bind>
<StgValue><ssdm name="db_init_inst_clean_state"/></StgValue>
</bind>
</comp>

<comp id="14" class="1000" name="edge_start_stop_inst">
<pin_list>
<pin id="15" dir="1" index="0" bw="1" slack="0"/>
</pin_list>
<bind>
<StgValue><ssdm name="edge_start_stop_inst"/></StgValue>
</bind>
</comp>

<comp id="16" class="1000" name="db_init_inst_counter">
<pin_list>
<pin id="17" dir="1" index="0" bw="1" slack="0"/>
</pin_list>
<bind>
<StgValue><ssdm name="db_init_inst_counter"/></StgValue>
</bind>
</comp>

<comp id="18" class="1000" name="internal_count">
<pin_list>
<pin id="19" dir="1" index="0" bw="1" slack="0"/>
</pin_list>
<bind>
<StgValue><ssdm name="internal_count"/></StgValue>
</bind>
</comp>

<comp id="20" class="1000" name="is_running">
<pin_list>
<pin id="21" dir="1" index="0" bw="1" slack="0"/>
</pin_list>
<bind>
<StgValue><ssdm name="is_running"/></StgValue>
</bind>
</comp>

<comp id="22" class="1000" name="fast_count">
<pin_list>
<pin id="23" dir="1" index="0" bw="1" slack="0"/>
</pin_list>
<bind>
<StgValue><ssdm name="fast_count"/></StgValue>
</bind>
</comp>

<comp id="24" class="1001" name="const_24">
<pin_list>
<pin id="25" dir="1" index="0" bw="1" slack="0"/>
</pin_list>
<bind>
<StgValue><ssdm name="_ssdm_op_Read.ap_auto.i16"/></StgValue>
</bind>
</comp>

<comp id="26" class="1001" name="const_26">
<pin_list>
<pin id="27" dir="1" index="0" bw="1" slack="0"/>
</pin_list>
<bind>
<StgValue><ssdm name="_ssdm_op_Read.ap_auto.i1"/></StgValue>
</bind>
</comp>

<comp id="28" class="1001" name="const_28">
<pin_list>
<pin id="29" dir="1" index="0" bw="1" slack="0"/>
</pin_list>
<bind>
<StgValue><ssdm name=""/></StgValue>
</bind>
</comp>

<comp id="30" class="1001" name="const_30">
<pin_list>
<pin id="31" dir="1" index="0" bw="1" slack="0"/>
</pin_list>
<bind>
<StgValue><ssdm name=""/></StgValue>
</bind>
</comp>

<comp id="32" class="1001" name="const_32">
<pin_list>
<pin id="33" dir="1" index="0" bw="1" slack="0"/>
</pin_list>
<bind>
<StgValue><ssdm name=""/></StgValue>
</bind>
</comp>

<comp id="34" class="1001" name="const_34">
<pin_list>
<pin id="35" dir="1" index="0" bw="1" slack="2147483647"/>
</pin_list>
<bind>
<StgValue><ssdm name="_ssdm_op_SpecPipeline"/></StgValue>
</bind>
</comp>

<comp id="36" class="1001" name="const_36">
<pin_list>
<pin id="37" dir="1" index="0" bw="1" slack="2147483647"/>
</pin_list>
<bind>
<StgValue><ssdm name=""/></StgValue>
</bind>
</comp>

<comp id="38" class="1001" name="const_38">
<pin_list>
<pin id="39" dir="1" index="0" bw="1" slack="2147483647"/>
</pin_list>
<bind>
<StgValue><ssdm name=""/></StgValue>
</bind>
</comp>

<comp id="40" class="1001" name="const_40">
<pin_list>
<pin id="41" dir="1" index="0" bw="1" slack="2147483647"/>
</pin_list>
<bind>
<StgValue><ssdm name=""/></StgValue>
</bind>
</comp>

<comp id="42" class="1001" name="const_42">
<pin_list>
<pin id="43" dir="1" index="0" bw="1" slack="2147483647"/>
</pin_list>
<bind>
<StgValue><ssdm name="empty_0"/></StgValue>
</bind>
</comp>

<comp id="44" class="1001" name="const_44">
<pin_list>
<pin id="45" dir="1" index="0" bw="1" slack="2147483647"/>
</pin_list>
<bind>
<StgValue><ssdm name="_ssdm_op_SpecTopModule"/></StgValue>
</bind>
</comp>

<comp id="46" class="1001" name="const_46">
<pin_list>
<pin id="47" dir="1" index="0" bw="1" slack="2147483647"/>
</pin_list>
<bind>
<StgValue><ssdm name="empty_1"/></StgValue>
</bind>
</comp>

<comp id="48" class="1001" name="const_48">
<pin_list>
<pin id="49" dir="1" index="0" bw="1" slack="2147483647"/>
</pin_list>
<bind>
<StgValue><ssdm name="_ssdm_op_SpecBitsMap"/></StgValue>
</bind>
</comp>

<comp id="50" class="1001" name="const_50">
<pin_list>
<pin id="51" dir="1" index="0" bw="1" slack="2147483647"/>
</pin_list>
<bind>
<StgValue><ssdm name="_ssdm_op_SpecInterface"/></StgValue>
</bind>
</comp>

<comp id="52" class="1001" name="const_52">
<pin_list>
<pin id="53" dir="1" index="0" bw="1" slack="2147483647"/>
</pin_list>
<bind>
<StgValue><ssdm name="empty"/></StgValue>
</bind>
</comp>

<comp id="54" class="1001" name="const_54">
<pin_list>
<pin id="55" dir="1" index="0" bw="1" slack="0"/>
</pin_list>
<bind>
<StgValue><ssdm name=""/></StgValue>
</bind>
</comp>

<comp id="56" class="1001" name="const_56">
<pin_list>
<pin id="57" dir="1" index="0" bw="1" slack="0"/>
</pin_list>
<bind>
<StgValue><ssdm name=""/></StgValue>
</bind>
</comp>

<comp id="58" class="1001" name="const_58">
<pin_list>
<pin id="59" dir="1" index="0" bw="1" slack="0"/>
</pin_list>
<bind>
<StgValue><ssdm name=""/></StgValue>
</bind>
</comp>

<comp id="60" class="1001" name="const_60">
<pin_list>
<pin id="61" dir="1" index="0" bw="1" slack="0"/>
</pin_list>
<bind>
<StgValue><ssdm name=""/></StgValue>
</bind>
</comp>

<comp id="62" class="1001" name="const_62">
<pin_list>
<pin id="63" dir="1" index="0" bw="1" slack="0"/>
</pin_list>
<bind>
<StgValue><ssdm name=""/></StgValue>
</bind>
</comp>

<comp id="64" class="1001" name="const_64">
<pin_list>
<pin id="65" dir="1" index="0" bw="1" slack="0"/>
</pin_list>
<bind>
<StgValue><ssdm name=""/></StgValue>
</bind>
</comp>

<comp id="66" class="1001" name="const_66">
<pin_list>
<pin id="67" dir="1" index="0" bw="1" slack="0"/>
</pin_list>
<bind>
<StgValue><ssdm name=""/></StgValue>
</bind>
</comp>

<comp id="68" class="1001" name="const_68">
<pin_list>
<pin id="69" dir="1" index="0" bw="1" slack="0"/>
</pin_list>
<bind>
<StgValue><ssdm name="_ssdm_op_Write.ap_auto.i16P0A"/></StgValue>
</bind>
</comp>

<comp id="70" class="1004" name="init_value_read_read_fu_70">
<pin_list>
<pin id="71" dir="0" index="0" bw="16" slack="0"/>
<pin id="72" dir="0" index="1" bw="16" slack="0"/>
<pin id="73" dir="1" index="2" bw="16" slack="1"/>
</pin_list>
<bind>
<opcode="read(1150) " fcode="read"/>
<opset="init_value_read/1 "/>
</bind>
</comp>

<comp id="76" class="1004" name="init_read_read_fu_76">
<pin_list>
<pin id="77" dir="0" index="0" bw="1" slack="0"/>
<pin id="78" dir="0" index="1" bw="1" slack="0"/>
<pin id="79" dir="1" index="2" bw="1" slack="1"/>
</pin_list>
<bind>
<opcode="read(1150) " fcode="read"/>
<opset="init_read/1 "/>
</bind>
</comp>

<comp id="82" class="1004" name="start_stop_read_read_fu_82">
<pin_list>
<pin id="83" dir="0" index="0" bw="1" slack="0"/>
<pin id="84" dir="0" index="1" bw="1" slack="0"/>
<pin id="85" dir="1" index="2" bw="1" slack="0"/>
</pin_list>
<bind>
<opcode="read(1150) " fcode="read"/>
<opset="start_stop_read/1 "/>
</bind>
</comp>

<comp id="88" class="1004" name="write_ln96_write_fu_88">
<pin_list>
<pin id="89" dir="0" index="0" bw="0" slack="0"/>
<pin id="90" dir="0" index="1" bw="16" slack="0"/>
<pin id="91" dir="0" index="2" bw="16" slack="0"/>
<pin id="92" dir="1" index="3" bw="0" slack="2147483647"/>
</pin_list>
<bind>
<opcode="write(1151) " fcode="write"/>
<opset="write_ln96/2 "/>
</bind>
</comp>

<comp id="95" class="1005" name="db_start_stop_inst_counter_new_0_reg_95">
<pin_list>
<pin id="96" dir="0" index="0" bw="20" slack="2147483647"/>
<pin id="97" dir="1" index="1" bw="20" slack="2147483647"/>
</pin_list>
<bind>
<opset="db_start_stop_inst_counter_new_0 (phireg) "/>
</bind>
</comp>

<comp id="98" class="1004" name="db_start_stop_inst_counter_new_0_phi_fu_98">
<pin_list>
<pin id="99" dir="0" index="0" bw="1" slack="0"/>
<pin id="100" dir="0" index="1" bw="0" slack="2147483647"/>
<pin id="101" dir="0" index="2" bw="20" slack="0"/>
<pin id="102" dir="0" index="3" bw="0" slack="2147483647"/>
<pin id="103" dir="0" index="4" bw="1" slack="0"/>
<pin id="104" dir="0" index="5" bw="0" slack="2147483647"/>
<pin id="105" dir="1" index="6" bw="20" slack="0"/>
</pin_list>
<bind>
<opcode="phi(47) " fcode="phi"/>
<opset="db_start_stop_inst_counter_new_0/1 "/>
</bind>
</comp>

<comp id="108" class="1005" name="db_start_stop_reg_108">
<pin_list>
<pin id="109" dir="0" index="0" bw="1" slack="2147483647"/>
<pin id="110" dir="1" index="1" bw="1" slack="2147483647"/>
</pin_list>
<bind>
<opset="db_start_stop (phireg) "/>
</bind>
</comp>

<comp id="111" class="1004" name="db_start_stop_phi_fu_111">
<pin_list>
<pin id="112" dir="0" index="0" bw="1" slack="1"/>
<pin id="113" dir="0" index="1" bw="0" slack="2147483647"/>
<pin id="114" dir="0" index="2" bw="1" slack="1"/>
<pin id="115" dir="0" index="3" bw="0" slack="2147483647"/>
<pin id="116" dir="0" index="4" bw="1" slack="1"/>
<pin id="117" dir="0" index="5" bw="0" slack="2147483647"/>
<pin id="118" dir="1" index="6" bw="1" slack="0"/>
</pin_list>
<bind>
<opcode="phi(47) " fcode="phi"/>
<opset="db_start_stop/2 "/>
</bind>
</comp>

<comp id="119" class="1005" name="db_init_inst_counter_new_1_reg_119">
<pin_list>
<pin id="120" dir="0" index="0" bw="20" slack="2147483647"/>
<pin id="121" dir="1" index="1" bw="20" slack="2147483647"/>
</pin_list>
<bind>
<opset="db_init_inst_counter_new_1 (phireg) "/>
</bind>
</comp>

<comp id="122" class="1004" name="db_init_inst_counter_new_1_phi_fu_122">
<pin_list>
<pin id="123" dir="0" index="0" bw="1" slack="0"/>
<pin id="124" dir="0" index="1" bw="0" slack="2147483647"/>
<pin id="125" dir="0" index="2" bw="20" slack="0"/>
<pin id="126" dir="0" index="3" bw="0" slack="2147483647"/>
<pin id="127" dir="0" index="4" bw="1" slack="0"/>
<pin id="128" dir="0" index="5" bw="0" slack="2147483647"/>
<pin id="129" dir="1" index="6" bw="20" slack="0"/>
</pin_list>
<bind>
<opcode="phi(47) " fcode="phi"/>
<opset="db_init_inst_counter_new_1/2 "/>
</bind>
</comp>

<comp id="132" class="1005" name="internal_count_loc_0_reg_132">
<pin_list>
<pin id="133" dir="0" index="0" bw="16" slack="2147483647"/>
<pin id="134" dir="1" index="1" bw="16" slack="2147483647"/>
</pin_list>
<bind>
<opset="internal_count_loc_0 (phireg) "/>
</bind>
</comp>

<comp id="135" class="1004" name="internal_count_loc_0_phi_fu_135">
<pin_list>
<pin id="136" dir="0" index="0" bw="16" slack="0"/>
<pin id="137" dir="0" index="1" bw="0" slack="2147483647"/>
<pin id="138" dir="0" index="2" bw="16" slack="0"/>
<pin id="139" dir="0" index="3" bw="0" slack="2147483647"/>
<pin id="140" dir="1" index="4" bw="16" slack="0"/>
</pin_list>
<bind>
<opcode="phi(47) " fcode="phi"/>
<opset="internal_count_loc_0/2 "/>
</bind>
</comp>

<comp id="141" class="1005" name="storemerge_reg_141">
<pin_list>
<pin id="142" dir="0" index="0" bw="27" slack="2147483647"/>
<pin id="143" dir="1" index="1" bw="27" slack="2147483647"/>
</pin_list>
<bind>
<opset="storemerge (phireg) "/>
</bind>
</comp>

<comp id="144" class="1004" name="storemerge_phi_fu_144">
<pin_list>
<pin id="145" dir="0" index="0" bw="27" slack="0"/>
<pin id="146" dir="0" index="1" bw="0" slack="2147483647"/>
<pin id="147" dir="0" index="2" bw="27" slack="0"/>
<pin id="148" dir="0" index="3" bw="0" slack="2147483647"/>
<pin id="149" dir="1" index="4" bw="27" slack="0"/>
</pin_list>
<bind>
<opcode="phi(47) " fcode="phi"/>
<opset="storemerge/2 "/>
</bind>
</comp>

<comp id="151" class="1005" name="db_init_inst_counter_new_0_reg_151">
<pin_list>
<pin id="152" dir="0" index="0" bw="20" slack="2147483647"/>
<pin id="153" dir="1" index="1" bw="20" slack="2147483647"/>
</pin_list>
<bind>
<opset="db_init_inst_counter_new_0 (phireg) "/>
</bind>
</comp>

<comp id="154" class="1004" name="db_init_inst_counter_new_0_phi_fu_154">
<pin_list>
<pin id="155" dir="0" index="0" bw="1" slack="0"/>
<pin id="156" dir="0" index="1" bw="0" slack="2147483647"/>
<pin id="157" dir="0" index="2" bw="20" slack="0"/>
<pin id="158" dir="0" index="3" bw="0" slack="2147483647"/>
<pin id="159" dir="0" index="4" bw="1" slack="0"/>
<pin id="160" dir="0" index="5" bw="0" slack="2147483647"/>
<pin id="161" dir="1" index="6" bw="20" slack="0"/>
</pin_list>
<bind>
<opcode="phi(47) " fcode="phi"/>
<opset="db_init_inst_counter_new_0/2 "/>
</bind>
</comp>

<comp id="164" class="1005" name="db_init_inst_counter_new_2_reg_164">
<pin_list>
<pin id="165" dir="0" index="0" bw="20" slack="2147483647"/>
<pin id="166" dir="1" index="1" bw="20" slack="2147483647"/>
</pin_list>
<bind>
<opset="db_init_inst_counter_new_2 (phireg) "/>
</bind>
</comp>

<comp id="167" class="1004" name="db_init_inst_counter_new_2_phi_fu_167">
<pin_list>
<pin id="168" dir="0" index="0" bw="20" slack="0"/>
<pin id="169" dir="0" index="1" bw="0" slack="2147483647"/>
<pin id="170" dir="0" index="2" bw="20" slack="0"/>
<pin id="171" dir="0" index="3" bw="0" slack="2147483647"/>
<pin id="172" dir="0" index="4" bw="20" slack="0"/>
<pin id="173" dir="0" index="5" bw="0" slack="2147483647"/>
<pin id="174" dir="0" index="6" bw="20" slack="0"/>
<pin id="175" dir="0" index="7" bw="0" slack="2147483647"/>
<pin id="176" dir="1" index="8" bw="20" slack="0"/>
</pin_list>
<bind>
<opcode="phi(47) " fcode="phi"/>
<opset="db_init_inst_counter_new_2/2 "/>
</bind>
</comp>

<comp id="181" class="1005" name="internal_count_loc_2_reg_181">
<pin_list>
<pin id="182" dir="0" index="0" bw="16" slack="2147483647"/>
<pin id="183" dir="1" index="1" bw="16" slack="2147483647"/>
</pin_list>
<bind>
<opset="internal_count_loc_2 (phireg) "/>
</bind>
</comp>

<comp id="184" class="1004" name="internal_count_loc_2_phi_fu_184">
<pin_list>
<pin id="185" dir="0" index="0" bw="16" slack="1"/>
<pin id="186" dir="0" index="1" bw="0" slack="2147483647"/>
<pin id="187" dir="0" index="2" bw="16" slack="0"/>
<pin id="188" dir="0" index="3" bw="0" slack="2147483647"/>
<pin id="189" dir="0" index="4" bw="16" slack="0"/>
<pin id="190" dir="0" index="5" bw="0" slack="2147483647"/>
<pin id="191" dir="0" index="6" bw="16" slack="0"/>
<pin id="192" dir="0" index="7" bw="0" slack="2147483647"/>
<pin id="193" dir="1" index="8" bw="16" slack="0"/>
</pin_list>
<bind>
<opcode="phi(47) " fcode="phi"/>
<opset="internal_count_loc_2/2 "/>
</bind>
</comp>

<comp id="196" class="1004" name="db_start_stop_inst_clean_state_load_load_fu_196">
<pin_list>
<pin id="197" dir="0" index="0" bw="1" slack="0"/>
<pin id="198" dir="1" index="1" bw="1" slack="0"/>
</pin_list>
<bind>
<opcode="load(27) " fcode="load"/>
<opset="db_start_stop_inst_clean_state_load/1 "/>
</bind>
</comp>

<comp id="200" class="1004" name="xor_ln19_fu_200">
<pin_list>
<pin id="201" dir="0" index="0" bw="1" slack="0"/>
<pin id="202" dir="0" index="1" bw="1" slack="0"/>
<pin id="203" dir="1" index="2" bw="1" slack="2147483647"/>
</pin_list>
<bind>
<opcode="xor(25) " fcode="xor"/>
<opset="xor_ln19/1 "/>
</bind>
</comp>

<comp id="206" class="1004" name="db_start_stop_inst_counter_load_load_fu_206">
<pin_list>
<pin id="207" dir="0" index="0" bw="20" slack="0"/>
<pin id="208" dir="1" index="1" bw="20" slack="0"/>
</pin_list>
<bind>
<opcode="load(27) " fcode="load"/>
<opset="db_start_stop_inst_counter_load/1 "/>
</bind>
</comp>

<comp id="210" class="1004" name="add_ln20_fu_210">
<pin_list>
<pin id="211" dir="0" index="0" bw="20" slack="0"/>
<pin id="212" dir="0" index="1" bw="1" slack="0"/>
<pin id="213" dir="1" index="2" bw="20" slack="0"/>
</pin_list>
<bind>
<opcode="add(8) " fcode="add"/>
<opset="add_ln20/1 "/>
</bind>
</comp>

<comp id="217" class="1004" name="icmp_ln21_fu_217">
<pin_list>
<pin id="218" dir="0" index="0" bw="20" slack="0"/>
<pin id="219" dir="0" index="1" bw="20" slack="0"/>
<pin id="220" dir="1" index="2" bw="1" slack="2147483647"/>
</pin_list>
<bind>
<opcode="icmp(45) " fcode="icmp"/>
<opset="icmp_ln21/1 "/>
</bind>
</comp>

<comp id="223" class="1004" name="store_ln22_store_fu_223">
<pin_list>
<pin id="224" dir="0" index="0" bw="1" slack="0"/>
<pin id="225" dir="0" index="1" bw="1" slack="0"/>
<pin id="226" dir="1" index="2" bw="0" slack="2147483647"/>
</pin_list>
<bind>
<opcode="store(28) " fcode="store"/>
<opset="store_ln22/1 "/>
</bind>
</comp>

<comp id="229" class="1004" name="store_ln20_store_fu_229">
<pin_list>
<pin id="230" dir="0" index="0" bw="20" slack="0"/>
<pin id="231" dir="0" index="1" bw="20" slack="0"/>
<pin id="232" dir="1" index="2" bw="0" slack="2147483647"/>
</pin_list>
<bind>
<opcode="store(28) " fcode="store"/>
<opset="store_ln20/1 "/>
</bind>
</comp>

<comp id="235" class="1004" name="db_init_load_fu_235">
<pin_list>
<pin id="236" dir="0" index="0" bw="1" slack="0"/>
<pin id="237" dir="1" index="1" bw="1" slack="0"/>
</pin_list>
<bind>
<opcode="load(27) " fcode="load"/>
<opset="db_init/2 "/>
</bind>
</comp>

<comp id="239" class="1004" name="xor_ln19_1_fu_239">
<pin_list>
<pin id="240" dir="0" index="0" bw="1" slack="0"/>
<pin id="241" dir="0" index="1" bw="1" slack="1"/>
<pin id="242" dir="1" index="2" bw="1" slack="2147483647"/>
</pin_list>
<bind>
<opcode="xor(25) " fcode="xor"/>
<opset="xor_ln19_1/2 "/>
</bind>
</comp>

<comp id="244" class="1004" name="edge_start_stop_inst_load_load_fu_244">
<pin_list>
<pin id="245" dir="0" index="0" bw="1" slack="0"/>
<pin id="246" dir="1" index="1" bw="1" slack="0"/>
</pin_list>
<bind>
<opcode="load(27) " fcode="load"/>
<opset="edge_start_stop_inst_load/2 "/>
</bind>
</comp>

<comp id="248" class="1004" name="xor_ln40_fu_248">
<pin_list>
<pin id="249" dir="0" index="0" bw="1" slack="0"/>
<pin id="250" dir="0" index="1" bw="1" slack="0"/>
<pin id="251" dir="1" index="2" bw="1" slack="0"/>
</pin_list>
<bind>
<opcode="xor(25) " fcode="xor"/>
<opset="xor_ln40/2 "/>
</bind>
</comp>

<comp id="254" class="1004" name="rising_fu_254">
<pin_list>
<pin id="255" dir="0" index="0" bw="1" slack="0"/>
<pin id="256" dir="0" index="1" bw="1" slack="0"/>
<pin id="257" dir="1" index="2" bw="1" slack="2147483647"/>
</pin_list>
<bind>
<opcode="and(23) " fcode="and"/>
<opset="rising/2 "/>
</bind>
</comp>

<comp id="260" class="1004" name="db_init_inst_counter_load_load_fu_260">
<pin_list>
<pin id="261" dir="0" index="0" bw="20" slack="0"/>
<pin id="262" dir="1" index="1" bw="20" slack="0"/>
</pin_list>
<bind>
<opcode="load(27) " fcode="load"/>
<opset="db_init_inst_counter_load/2 "/>
</bind>
</comp>

<comp id="264" class="1004" name="internal_count_load_load_fu_264">
<pin_list>
<pin id="265" dir="0" index="0" bw="16" slack="0"/>
<pin id="266" dir="1" index="1" bw="16" slack="0"/>
</pin_list>
<bind>
<opcode="load(27) " fcode="load"/>
<opset="internal_count_load/2 "/>
</bind>
</comp>

<comp id="271" class="1004" name="is_running_load_load_fu_271">
<pin_list>
<pin id="272" dir="0" index="0" bw="1" slack="0"/>
<pin id="273" dir="1" index="1" bw="1" slack="0"/>
</pin_list>
<bind>
<opcode="load(27) " fcode="load"/>
<opset="is_running_load/2 "/>
</bind>
</comp>

<comp id="275" class="1004" name="store_ln41_store_fu_275">
<pin_list>
<pin id="276" dir="0" index="0" bw="1" slack="0"/>
<pin id="277" dir="0" index="1" bw="1" slack="0"/>
<pin id="278" dir="1" index="2" bw="0" slack="2147483647"/>
</pin_list>
<bind>
<opcode="store(28) " fcode="store"/>
<opset="store_ln41/2 "/>
</bind>
</comp>

<comp id="281" class="1004" name="add_ln20_1_fu_281">
<pin_list>
<pin id="282" dir="0" index="0" bw="20" slack="0"/>
<pin id="283" dir="0" index="1" bw="1" slack="0"/>
<pin id="284" dir="1" index="2" bw="20" slack="0"/>
</pin_list>
<bind>
<opcode="add(8) " fcode="add"/>
<opset="add_ln20_1/2 "/>
</bind>
</comp>

<comp id="289" class="1004" name="icmp_ln21_1_fu_289">
<pin_list>
<pin id="290" dir="0" index="0" bw="20" slack="0"/>
<pin id="291" dir="0" index="1" bw="20" slack="0"/>
<pin id="292" dir="1" index="2" bw="1" slack="2147483647"/>
</pin_list>
<bind>
<opcode="icmp(45) " fcode="icmp"/>
<opset="icmp_ln21_1/2 "/>
</bind>
</comp>

<comp id="295" class="1004" name="store_ln41_store_fu_295">
<pin_list>
<pin id="296" dir="0" index="0" bw="1" slack="0"/>
<pin id="297" dir="0" index="1" bw="1" slack="0"/>
<pin id="298" dir="1" index="2" bw="0" slack="2147483647"/>
</pin_list>
<bind>
<opcode="store(28) " fcode="store"/>
<opset="store_ln41/2 "/>
</bind>
</comp>

<comp id="301" class="1004" name="store_ln22_store_fu_301">
<pin_list>
<pin id="302" dir="0" index="0" bw="1" slack="1"/>
<pin id="303" dir="0" index="1" bw="1" slack="0"/>
<pin id="304" dir="1" index="2" bw="0" slack="2147483647"/>
</pin_list>
<bind>
<opcode="store(28) " fcode="store"/>
<opset="store_ln22/2 "/>
</bind>
</comp>

<comp id="306" class="1004" name="store_ln41_store_fu_306">
<pin_list>
<pin id="307" dir="0" index="0" bw="1" slack="0"/>
<pin id="308" dir="0" index="1" bw="1" slack="0"/>
<pin id="309" dir="1" index="2" bw="0" slack="2147483647"/>
</pin_list>
<bind>
<opcode="store(28) " fcode="store"/>
<opset="store_ln41/2 "/>
</bind>
</comp>

<comp id="312" class="1004" name="xor_ln81_fu_312">
<pin_list>
<pin id="313" dir="0" index="0" bw="1" slack="0"/>
<pin id="314" dir="0" index="1" bw="1" slack="0"/>
<pin id="315" dir="1" index="2" bw="1" slack="0"/>
</pin_list>
<bind>
<opcode="xor(25) " fcode="xor"/>
<opset="xor_ln81/2 "/>
</bind>
</comp>

<comp id="318" class="1004" name="store_ln81_store_fu_318">
<pin_list>
<pin id="319" dir="0" index="0" bw="1" slack="0"/>
<pin id="320" dir="0" index="1" bw="1" slack="0"/>
<pin id="321" dir="1" index="2" bw="0" slack="2147483647"/>
</pin_list>
<bind>
<opcode="store(28) " fcode="store"/>
<opset="store_ln81/2 "/>
</bind>
</comp>

<comp id="324" class="1004" name="fast_count_load_load_fu_324">
<pin_list>
<pin id="325" dir="0" index="0" bw="27" slack="0"/>
<pin id="326" dir="1" index="1" bw="27" slack="0"/>
</pin_list>
<bind>
<opcode="load(27) " fcode="load"/>
<opset="fast_count_load/2 "/>
</bind>
</comp>

<comp id="328" class="1004" name="icmp_ln86_fu_328">
<pin_list>
<pin id="329" dir="0" index="0" bw="27" slack="0"/>
<pin id="330" dir="0" index="1" bw="27" slack="0"/>
<pin id="331" dir="1" index="2" bw="1" slack="0"/>
</pin_list>
<bind>
<opcode="icmp(45) " fcode="icmp"/>
<opset="icmp_ln86/2 "/>
</bind>
</comp>

<comp id="334" class="1004" name="icmp_ln86_1_fu_334">
<pin_list>
<pin id="335" dir="0" index="0" bw="16" slack="0"/>
<pin id="336" dir="0" index="1" bw="16" slack="0"/>
<pin id="337" dir="1" index="2" bw="1" slack="0"/>
</pin_list>
<bind>
<opcode="icmp(45) " fcode="icmp"/>
<opset="icmp_ln86_1/2 "/>
</bind>
</comp>

<comp id="340" class="1004" name="and_ln86_fu_340">
<pin_list>
<pin id="341" dir="0" index="0" bw="1" slack="0"/>
<pin id="342" dir="0" index="1" bw="1" slack="0"/>
<pin id="343" dir="1" index="2" bw="1" slack="2147483647"/>
</pin_list>
<bind>
<opcode="and(23) " fcode="and"/>
<opset="and_ln86/2 "/>
</bind>
</comp>

<comp id="346" class="1004" name="add_ln90_fu_346">
<pin_list>
<pin id="347" dir="0" index="0" bw="27" slack="0"/>
<pin id="348" dir="0" index="1" bw="1" slack="0"/>
<pin id="349" dir="1" index="2" bw="27" slack="0"/>
</pin_list>
<bind>
<opcode="add(8) " fcode="add"/>
<opset="add_ln90/2 "/>
</bind>
</comp>

<comp id="353" class="1004" name="add_ln87_fu_353">
<pin_list>
<pin id="354" dir="0" index="0" bw="16" slack="0"/>
<pin id="355" dir="0" index="1" bw="1" slack="0"/>
<pin id="356" dir="1" index="2" bw="16" slack="0"/>
</pin_list>
<bind>
<opcode="add(8) " fcode="add"/>
<opset="add_ln87/2 "/>
</bind>
</comp>

<comp id="360" class="1004" name="store_ln87_store_fu_360">
<pin_list>
<pin id="361" dir="0" index="0" bw="16" slack="0"/>
<pin id="362" dir="0" index="1" bw="16" slack="0"/>
<pin id="363" dir="1" index="2" bw="0" slack="2147483647"/>
</pin_list>
<bind>
<opcode="store(28) " fcode="store"/>
<opset="store_ln87/2 "/>
</bind>
</comp>

<comp id="366" class="1004" name="store_ln90_store_fu_366">
<pin_list>
<pin id="367" dir="0" index="0" bw="27" slack="0"/>
<pin id="368" dir="0" index="1" bw="27" slack="0"/>
<pin id="369" dir="1" index="2" bw="0" slack="2147483647"/>
</pin_list>
<bind>
<opcode="store(28) " fcode="store"/>
<opset="store_ln90/2 "/>
</bind>
</comp>

<comp id="372" class="1004" name="store_ln75_store_fu_372">
<pin_list>
<pin id="373" dir="0" index="0" bw="16" slack="1"/>
<pin id="374" dir="0" index="1" bw="16" slack="0"/>
<pin id="375" dir="1" index="2" bw="0" slack="2147483647"/>
</pin_list>
<bind>
<opcode="store(28) " fcode="store"/>
<opset="store_ln75/2 "/>
</bind>
</comp>

<comp id="377" class="1004" name="store_ln76_store_fu_377">
<pin_list>
<pin id="378" dir="0" index="0" bw="1" slack="0"/>
<pin id="379" dir="0" index="1" bw="1" slack="0"/>
<pin id="380" dir="1" index="2" bw="0" slack="2147483647"/>
</pin_list>
<bind>
<opcode="store(28) " fcode="store"/>
<opset="store_ln76/2 "/>
</bind>
</comp>

<comp id="383" class="1004" name="store_ln20_store_fu_383">
<pin_list>
<pin id="384" dir="0" index="0" bw="20" slack="0"/>
<pin id="385" dir="0" index="1" bw="20" slack="0"/>
<pin id="386" dir="1" index="2" bw="0" slack="2147483647"/>
</pin_list>
<bind>
<opcode="store(28) " fcode="store"/>
<opset="store_ln20/2 "/>
</bind>
</comp>

<comp id="389" class="1005" name="init_value_read_reg_389">
<pin_list>
<pin id="390" dir="0" index="0" bw="16" slack="1"/>
<pin id="391" dir="1" index="1" bw="16" slack="1"/>
</pin_list>
<bind>
<opset="init_value_read "/>
</bind>
</comp>

<comp id="395" class="1005" name="init_read_reg_395">
<pin_list>
<pin id="396" dir="0" index="0" bw="1" slack="1"/>
<pin id="397" dir="1" index="1" bw="1" slack="1"/>
</pin_list>
<bind>
<opset="init_read "/>
</bind>
</comp>

<comp id="401" class="1005" name="start_stop_read_reg_401">
<pin_list>
<pin id="402" dir="0" index="0" bw="1" slack="1"/>
<pin id="403" dir="1" index="1" bw="1" slack="1"/>
</pin_list>
<bind>
<opset="start_stop_read "/>
</bind>
</comp>

<comp id="407" class="1005" name="db_start_stop_inst_clean_state_load_reg_407">
<pin_list>
<pin id="408" dir="0" index="0" bw="1" slack="1"/>
<pin id="409" dir="1" index="1" bw="1" slack="1"/>
</pin_list>
<bind>
<opset="db_start_stop_inst_clean_state_load "/>
</bind>
</comp>

</comp_list>

<net_list>
<net id="74"><net_src comp="24" pin="0"/><net_sink comp="70" pin=0"/></net>

<net id="75"><net_src comp="4" pin="0"/><net_sink comp="70" pin=1"/></net>

<net id="80"><net_src comp="26" pin="0"/><net_sink comp="76" pin=0"/></net>

<net id="81"><net_src comp="2" pin="0"/><net_sink comp="76" pin=1"/></net>

<net id="86"><net_src comp="26" pin="0"/><net_sink comp="82" pin=0"/></net>

<net id="87"><net_src comp="0" pin="0"/><net_sink comp="82" pin=1"/></net>

<net id="93"><net_src comp="68" pin="0"/><net_sink comp="88" pin=0"/></net>

<net id="94"><net_src comp="6" pin="0"/><net_sink comp="88" pin=1"/></net>

<net id="106"><net_src comp="32" pin="0"/><net_sink comp="98" pin=0"/></net>

<net id="107"><net_src comp="32" pin="0"/><net_sink comp="98" pin=4"/></net>

<net id="130"><net_src comp="32" pin="0"/><net_sink comp="122" pin=0"/></net>

<net id="131"><net_src comp="32" pin="0"/><net_sink comp="122" pin=4"/></net>

<net id="150"><net_src comp="64" pin="0"/><net_sink comp="144" pin=0"/></net>

<net id="162"><net_src comp="32" pin="0"/><net_sink comp="154" pin=0"/></net>

<net id="163"><net_src comp="32" pin="0"/><net_sink comp="154" pin=4"/></net>

<net id="177"><net_src comp="154" pin="6"/><net_sink comp="167" pin=0"/></net>

<net id="178"><net_src comp="122" pin="6"/><net_sink comp="167" pin=2"/></net>

<net id="179"><net_src comp="122" pin="6"/><net_sink comp="167" pin=4"/></net>

<net id="180"><net_src comp="122" pin="6"/><net_sink comp="167" pin=6"/></net>

<net id="194"><net_src comp="135" pin="4"/><net_sink comp="184" pin=2"/></net>

<net id="195"><net_src comp="184" pin="8"/><net_sink comp="88" pin=2"/></net>

<net id="199"><net_src comp="8" pin="0"/><net_sink comp="196" pin=0"/></net>

<net id="204"><net_src comp="196" pin="1"/><net_sink comp="200" pin=0"/></net>

<net id="205"><net_src comp="82" pin="2"/><net_sink comp="200" pin=1"/></net>

<net id="209"><net_src comp="10" pin="0"/><net_sink comp="206" pin=0"/></net>

<net id="214"><net_src comp="206" pin="1"/><net_sink comp="210" pin=0"/></net>

<net id="215"><net_src comp="28" pin="0"/><net_sink comp="210" pin=1"/></net>

<net id="216"><net_src comp="210" pin="2"/><net_sink comp="98" pin=2"/></net>

<net id="221"><net_src comp="210" pin="2"/><net_sink comp="217" pin=0"/></net>

<net id="222"><net_src comp="30" pin="0"/><net_sink comp="217" pin=1"/></net>

<net id="227"><net_src comp="82" pin="2"/><net_sink comp="223" pin=0"/></net>

<net id="228"><net_src comp="8" pin="0"/><net_sink comp="223" pin=1"/></net>

<net id="233"><net_src comp="98" pin="6"/><net_sink comp="229" pin=0"/></net>

<net id="234"><net_src comp="10" pin="0"/><net_sink comp="229" pin=1"/></net>

<net id="238"><net_src comp="12" pin="0"/><net_sink comp="235" pin=0"/></net>

<net id="243"><net_src comp="235" pin="1"/><net_sink comp="239" pin=0"/></net>

<net id="247"><net_src comp="14" pin="0"/><net_sink comp="244" pin=0"/></net>

<net id="252"><net_src comp="244" pin="1"/><net_sink comp="248" pin=0"/></net>

<net id="253"><net_src comp="54" pin="0"/><net_sink comp="248" pin=1"/></net>

<net id="258"><net_src comp="111" pin="6"/><net_sink comp="254" pin=0"/></net>

<net id="259"><net_src comp="248" pin="2"/><net_sink comp="254" pin=1"/></net>

<net id="263"><net_src comp="16" pin="0"/><net_sink comp="260" pin=0"/></net>

<net id="267"><net_src comp="18" pin="0"/><net_sink comp="264" pin=0"/></net>

<net id="268"><net_src comp="264" pin="1"/><net_sink comp="135" pin=2"/></net>

<net id="269"><net_src comp="264" pin="1"/><net_sink comp="184" pin=4"/></net>

<net id="270"><net_src comp="264" pin="1"/><net_sink comp="184" pin=6"/></net>

<net id="274"><net_src comp="20" pin="0"/><net_sink comp="271" pin=0"/></net>

<net id="279"><net_src comp="111" pin="6"/><net_sink comp="275" pin=0"/></net>

<net id="280"><net_src comp="14" pin="0"/><net_sink comp="275" pin=1"/></net>

<net id="285"><net_src comp="260" pin="1"/><net_sink comp="281" pin=0"/></net>

<net id="286"><net_src comp="28" pin="0"/><net_sink comp="281" pin=1"/></net>

<net id="287"><net_src comp="281" pin="2"/><net_sink comp="122" pin=2"/></net>

<net id="288"><net_src comp="281" pin="2"/><net_sink comp="154" pin=2"/></net>

<net id="293"><net_src comp="281" pin="2"/><net_sink comp="289" pin=0"/></net>

<net id="294"><net_src comp="30" pin="0"/><net_sink comp="289" pin=1"/></net>

<net id="299"><net_src comp="111" pin="6"/><net_sink comp="295" pin=0"/></net>

<net id="300"><net_src comp="14" pin="0"/><net_sink comp="295" pin=1"/></net>

<net id="305"><net_src comp="12" pin="0"/><net_sink comp="301" pin=1"/></net>

<net id="310"><net_src comp="111" pin="6"/><net_sink comp="306" pin=0"/></net>

<net id="311"><net_src comp="14" pin="0"/><net_sink comp="306" pin=1"/></net>

<net id="316"><net_src comp="271" pin="1"/><net_sink comp="312" pin=0"/></net>

<net id="317"><net_src comp="54" pin="0"/><net_sink comp="312" pin=1"/></net>

<net id="322"><net_src comp="312" pin="2"/><net_sink comp="318" pin=0"/></net>

<net id="323"><net_src comp="20" pin="0"/><net_sink comp="318" pin=1"/></net>

<net id="327"><net_src comp="22" pin="0"/><net_sink comp="324" pin=0"/></net>

<net id="332"><net_src comp="324" pin="1"/><net_sink comp="328" pin=0"/></net>

<net id="333"><net_src comp="56" pin="0"/><net_sink comp="328" pin=1"/></net>

<net id="338"><net_src comp="264" pin="1"/><net_sink comp="334" pin=0"/></net>

<net id="339"><net_src comp="58" pin="0"/><net_sink comp="334" pin=1"/></net>

<net id="344"><net_src comp="328" pin="2"/><net_sink comp="340" pin=0"/></net>

<net id="345"><net_src comp="334" pin="2"/><net_sink comp="340" pin=1"/></net>

<net id="350"><net_src comp="324" pin="1"/><net_sink comp="346" pin=0"/></net>

<net id="351"><net_src comp="60" pin="0"/><net_sink comp="346" pin=1"/></net>

<net id="352"><net_src comp="346" pin="2"/><net_sink comp="144" pin=2"/></net>

<net id="357"><net_src comp="264" pin="1"/><net_sink comp="353" pin=0"/></net>

<net id="358"><net_src comp="62" pin="0"/><net_sink comp="353" pin=1"/></net>

<net id="359"><net_src comp="353" pin="2"/><net_sink comp="135" pin=0"/></net>

<net id="364"><net_src comp="353" pin="2"/><net_sink comp="360" pin=0"/></net>

<net id="365"><net_src comp="18" pin="0"/><net_sink comp="360" pin=1"/></net>

<net id="370"><net_src comp="144" pin="4"/><net_sink comp="366" pin=0"/></net>

<net id="371"><net_src comp="22" pin="0"/><net_sink comp="366" pin=1"/></net>

<net id="376"><net_src comp="18" pin="0"/><net_sink comp="372" pin=1"/></net>

<net id="381"><net_src comp="66" pin="0"/><net_sink comp="377" pin=0"/></net>

<net id="382"><net_src comp="20" pin="0"/><net_sink comp="377" pin=1"/></net>

<net id="387"><net_src comp="167" pin="8"/><net_sink comp="383" pin=0"/></net>

<net id="388"><net_src comp="16" pin="0"/><net_sink comp="383" pin=1"/></net>

<net id="392"><net_src comp="70" pin="2"/><net_sink comp="389" pin=0"/></net>

<net id="393"><net_src comp="389" pin="1"/><net_sink comp="372" pin=0"/></net>

<net id="394"><net_src comp="389" pin="1"/><net_sink comp="184" pin=0"/></net>

<net id="398"><net_src comp="76" pin="2"/><net_sink comp="395" pin=0"/></net>

<net id="399"><net_src comp="395" pin="1"/><net_sink comp="239" pin=1"/></net>

<net id="400"><net_src comp="395" pin="1"/><net_sink comp="301" pin=0"/></net>

<net id="404"><net_src comp="82" pin="2"/><net_sink comp="401" pin=0"/></net>

<net id="405"><net_src comp="401" pin="1"/><net_sink comp="111" pin=0"/></net>

<net id="406"><net_src comp="401" pin="1"/><net_sink comp="111" pin=4"/></net>

<net id="410"><net_src comp="196" pin="1"/><net_sink comp="407" pin=0"/></net>

<net id="411"><net_src comp="407" pin="1"/><net_sink comp="111" pin=2"/></net>

</net_list>

</model> 
---------------- Datapath Model END ------------------

* FSMD analyzer results:
  - Output states:
	Port: count_out | {2 }
	Port: db_start_stop_inst_clean_state | {1 }
	Port: db_start_stop_inst_counter | {1 }
	Port: db_init_inst_clean_state | {2 }
	Port: edge_start_stop_inst | {2 }
	Port: db_init_inst_counter | {2 }
	Port: internal_count | {2 }
	Port: is_running | {2 }
	Port: fast_count | {2 }
 - Input state : 
	Port: counter_module : start_stop | {1 }
	Port: counter_module : init | {1 }
	Port: counter_module : init_value | {1 }
	Port: counter_module : db_start_stop_inst_clean_state | {1 }
	Port: counter_module : db_start_stop_inst_counter | {1 }
	Port: counter_module : db_init_inst_clean_state | {2 }
	Port: counter_module : edge_start_stop_inst | {2 }
	Port: counter_module : db_init_inst_counter | {2 }
	Port: counter_module : internal_count | {2 }
	Port: counter_module : is_running | {2 }
	Port: counter_module : fast_count | {2 }
  - Chain level:
	State 1
		xor_ln19 : 1
		br_ln19 : 1
		add_ln20 : 1
		icmp_ln21 : 2
		br_ln21 : 3
		db_start_stop_inst_counter_new_0 : 4
		store_ln20 : 5
	State 2
		xor_ln19_1 : 1
		xor_ln40 : 1
		rising : 1
		br_ln19 : 1
		store_ln41 : 1
		add_ln20_1 : 1
		icmp_ln21_1 : 2
		br_ln21 : 3
		store_ln41 : 1
		br_ln74 : 1
		store_ln41 : 1
		db_init_inst_counter_new_1 : 2
		br_ln80 : 1
		br_ln85 : 1
		xor_ln81 : 1
		store_ln81 : 1
		br_ln85 : 1
		icmp_ln86 : 1
		icmp_ln86_1 : 1
		and_ln86 : 2
		br_ln86 : 2
		add_ln90 : 1
		add_ln87 : 1
		store_ln87 : 2
		internal_count_loc_0 : 2
		storemerge : 2
		store_ln90 : 3
		db_init_inst_counter_new_0 : 2
		db_init_inst_counter_new_2 : 3
		internal_count_loc_2 : 3
		write_ln96 : 4
		store_ln20 : 4


============================================================
+ Verbose Summary: Datapath Resource usage 
============================================================

* Functional unit list:
|----------|----------------------------|---------|---------|
| Operation|       Functional Unit      |    FF   |   LUT   |
|----------|----------------------------|---------|---------|
|          |       add_ln20_fu_210      |    0    |    27   |
|    add   |      add_ln20_1_fu_281     |    0    |    27   |
|          |       add_ln90_fu_346      |    0    |    34   |
|          |       add_ln87_fu_353      |    0    |    23   |
|----------|----------------------------|---------|---------|
|          |      icmp_ln21_fu_217      |    0    |    27   |
|   icmp   |     icmp_ln21_1_fu_289     |    0    |    27   |
|          |      icmp_ln86_fu_328      |    0    |    34   |
|          |     icmp_ln86_1_fu_334     |    0    |    23   |
|----------|----------------------------|---------|---------|
|          |       xor_ln19_fu_200      |    0    |    2    |
|    xor   |      xor_ln19_1_fu_239     |    0    |    2    |
|          |       xor_ln40_fu_248      |    0    |    2    |
|          |       xor_ln81_fu_312      |    0    |    2    |
|----------|----------------------------|---------|---------|
|    and   |        rising_fu_254       |    0    |    2    |
|          |       and_ln86_fu_340      |    0    |    2    |
|----------|----------------------------|---------|---------|
|          | init_value_read_read_fu_70 |    0    |    0    |
|   read   |    init_read_read_fu_76    |    0    |    0    |
|          | start_stop_read_read_fu_82 |    0    |    0    |
|----------|----------------------------|---------|---------|
|   write  |   write_ln96_write_fu_88   |    0    |    0    |
|----------|----------------------------|---------|---------|
|   Total  |                            |    0    |   234   |
|----------|----------------------------|---------|---------|

Memories:
N/A

* Register list:
+-------------------------------------------+--------+
|                                           |   FF   |
+-------------------------------------------+--------+
|     db_init_inst_counter_new_0_reg_151    |   20   |
|     db_init_inst_counter_new_1_reg_119    |   20   |
|     db_init_inst_counter_new_2_reg_164    |   20   |
|db_start_stop_inst_clean_state_load_reg_407|    1   |
|  db_start_stop_inst_counter_new_0_reg_95  |   20   |
|           db_start_stop_reg_108           |    1   |
|             init_read_reg_395             |    1   |
|          init_value_read_reg_389          |   16   |
|        internal_count_loc_0_reg_132       |   16   |
|        internal_count_loc_2_reg_181       |   16   |
|          start_stop_read_reg_401          |    1   |
|             storemerge_reg_141            |   27   |
+-------------------------------------------+--------+
|                   Total                   |   159  |
+-------------------------------------------+--------+

* Multiplexer (MUX) list: 
|--------|------|------|------|--------|
|  Comp  |  Pin | Size |  BW  | S x BW |
|--------|------|------|------|--------|
|  Total |      |      |      |    0   |
|--------|------|------|------|--------|



* Summary:
+-----------+--------+--------+
|           |   FF   |   LUT  |
+-----------+--------+--------+
|  Function |    0   |   234  |
|   Memory  |    -   |    -   |
|Multiplexer|    -   |    -   |
|  Register |   159  |    -   |
+-----------+--------+--------+
|   Total   |   159  |   234  |
+-----------+--------+--------+
