  **** HLS Build v2025.2 6295257
INFO: [HLS 200-2005] Using work_dir /home/dan/HLS/IP_REPOSITORY/start_stop_counter/start_stop_counter 
INFO: [HLS 200-2176] Writing Vitis IDE component file /home/dan/HLS/IP_REPOSITORY/start_stop_counter/start_stop_counter/vitis-comp.json
INFO: [HLS 200-10] Creating and opening component '/home/dan/HLS/IP_REPOSITORY/start_stop_counter/start_stop_counter'.
INFO: [HLS 200-1611] Setting target device to 'xc7a100t-csg324-1'
INFO: [HLS 200-1505] Using default flow_target 'vivado'
Resolution: For help on HLS 200-1505 see docs.amd.com/access/sources/dita/topic?Doc_Version=2025.2%20English&url=ug1448-hls-guidance&resourceid=200-1505.html
INFO: [HLS 200-2174] Applying component config ini file hls_config.cfg
INFO: [HLS 200-1465] Applying config ini 'syn.file=counter_top.cpp' from hls_config.cfg(8)
INFO: [HLS 200-10] Adding design file '/home/dan/HLS/IP_REPOSITORY/start_stop_counter/counter_top.cpp' to the project
INFO: [HLS 200-1465] Applying config ini 'tb.file=counter_tb.cpp' from hls_config.cfg(9)
INFO: [HLS 200-10] Adding test bench file '/home/dan/HLS/IP_REPOSITORY/start_stop_counter/counter_tb.cpp' to the project
INFO: [HLS 200-1465] Applying config ini 'syn.top=counter_module' from hls_config.cfg(10)
INFO: [HLS 200-1465] Applying config ini 'flow_target=vivado' from hls_config.cfg(4)
INFO: [HLS 200-1505] Using flow_target 'vivado'
Resolution: For help on HLS 200-1505 see docs.amd.com/access/sources/dita/topic?Doc_Version=2025.2%20English&url=ug1448-hls-guidance&resourceid=200-1505.html
INFO: [HLS 200-1465] Applying config ini 'part=xc7a100tcsg324-1' from hls_config.cfg(1)
INFO: [HLS 200-1465] Applying config ini 'clock=100MHz' from hls_config.cfg(7)
INFO: [SYN 201-201] Setting up clock 'default' with a period of 10ns.
INFO: [HLS 200-1465] Applying config ini 'package.output.format=ip_catalog' from hls_config.cfg(5)
INFO: [HLS 200-2176] Writing Vitis IDE component file /home/dan/HLS/IP_REPOSITORY/start_stop_counter/start_stop_counter/vitis-comp.json
INFO: [IMPL 213-8] Exporting RTL as a Vivado IP.

****** Vivado v2025.2 (64-bit)
  **** SW Build 6299465 on Fri Nov 14 12:34:56 MST 2025
  **** IP Build 6300035 on Fri Nov 14 10:48:45 MST 2025
  **** SharedData Build 6298862 on Thu Nov 13 04:50:51 MST 2025
  **** Start of session at: Wed Mar 11 10:20:35 2026
    ** Copyright 1986-2022 Xilinx, Inc. All Rights Reserved.
    ** Copyright 2022-2025 Advanced Micro Devices, Inc. All Rights Reserved.

source run_ippack.tcl -notrace
INFO: calling package_hls_ip ip_types=vitis sysgen json_file=/home/dan/HLS/IP_REPOSITORY/start_stop_counter/start_stop_counter/hls/hls_data.json outdir=/home/dan/HLS/IP_REPOSITORY/start_stop_counter/start_stop_counter/hls/impl/ip srcdir=/home/dan/HLS/IP_REPOSITORY/start_stop_counter/start_stop_counter/hls ippack_options_dict= ippack_options_dict=
INFO: Copied 1 ipmisc file(s) to /home/dan/HLS/IP_REPOSITORY/start_stop_counter/start_stop_counter/hls/impl/ip/misc
INFO: Copied 1 verilog file(s) to /home/dan/HLS/IP_REPOSITORY/start_stop_counter/start_stop_counter/hls/impl/ip/hdl/verilog
INFO: Copied 1 vhdl file(s) to /home/dan/HLS/IP_REPOSITORY/start_stop_counter/start_stop_counter/hls/impl/ip/hdl/vhdl
INFO: Import ports from HDL: /home/dan/HLS/IP_REPOSITORY/start_stop_counter/start_stop_counter/hls/impl/ip/hdl/vhdl/counter_module.vhd (counter_module)
INFO: Add clock interface ap_clk
INFO: Add reset interface ap_rst
INFO: Add ap_ctrl interface ap_ctrl
INFO: Add data interface start_stop
INFO: Add data interface init
INFO: Add data interface init_value
INFO: Add data interface count_out
INFO: [IP_Flow 19-234] Refreshing IP repositories
INFO: [IP_Flow 19-1704] No user IP repositories specified
INFO: [IP_Flow 19-2313] Loaded Vivado IP repository '/home/dan/Vivado/2025.2/data/ip'.
INFO: Calling post_process_vitis to specialize IP
INFO: Calling post_process_sysgen to specialize IP
Generating sysgen info xml from json file
INFO: Created IP /home/dan/HLS/IP_REPOSITORY/start_stop_counter/start_stop_counter/hls/impl/ip/component.xml
INFO: Created IP archive /home/dan/HLS/IP_REPOSITORY/start_stop_counter/start_stop_counter/hls/impl/ip/xilinx_com_hls_counter_module_1_0.zip
INFO: [Common 17-206] Exiting Vivado at Wed Mar 11 10:20:38 2026...
INFO: [HLS 200-802] Generated output file start_stop_counter/counter_module.zip
INFO: [HLS 200-112] Total CPU user time: 9.59 seconds. Total CPU system time: 0.94 seconds. Total elapsed time: 5.21 seconds; peak allocated memory: 324.309 MB.
INFO: [vitis-run 60-791] Total elapsed time: 0h 0m 8s
