  **** HLS Build v2025.2 6295257
INFO: [HLS 200-2005] Using work_dir /home/dan/HLS/start_stop_counter/start_stop_counter 
INFO: [HLS 200-2176] Writing Vitis IDE component file /home/dan/HLS/start_stop_counter/start_stop_counter/vitis-comp.json
INFO: [HLS 200-10] Creating and opening component '/home/dan/HLS/start_stop_counter/start_stop_counter'.
INFO: [HLS 200-1505] Using default flow_target 'vivado'
Resolution: For help on HLS 200-1505 see docs.amd.com/access/sources/dita/topic?Doc_Version=2025.2%20English&url=ug1448-hls-guidance&resourceid=200-1505.html
INFO: [HLS 200-2174] Applying component config ini file hls_config.cfg
INFO: [HLS 200-1465] Applying config ini 'syn.file=counter_top.cpp' from hls_config.cfg(8)
INFO: [HLS 200-10] Adding design file '/home/dan/HLS/start_stop_counter/counter_top.cpp' to the project
INFO: [HLS 200-1465] Applying config ini 'tb.file=counter_tb.cpp' from hls_config.cfg(9)
INFO: [HLS 200-10] Adding test bench file '/home/dan/HLS/start_stop_counter/counter_tb.cpp' to the project
INFO: [HLS 200-1465] Applying config ini 'flow_target=vivado' from hls_config.cfg(4)
INFO: [HLS 200-1505] Using flow_target 'vivado'
Resolution: For help on HLS 200-1505 see docs.amd.com/access/sources/dita/topic?Doc_Version=2025.2%20English&url=ug1448-hls-guidance&resourceid=200-1505.html
INFO: [HLS 200-1465] Applying config ini 'part=xc7a100tcsg324-1' from hls_config.cfg(1)
INFO: [HLS 200-1611] Setting target device to 'xc7a100t-csg324-1'
INFO: [HLS 200-1465] Applying config ini 'clock=100MHz' from hls_config.cfg(7)
INFO: [SYN 201-201] Setting up clock 'default' with a period of 10ns.
INFO: [HLS 200-1465] Applying config ini 'package.output.format=ip_catalog' from hls_config.cfg(5)
INFO: [HLS 200-2176] Writing Vitis IDE component file /home/dan/HLS/start_stop_counter/start_stop_counter/vitis-comp.json
INFO: [SIM 211-2] *************** CSIM start ***************
INFO: [HLS 200-2191] C-Simulation will use clang-16 as the compiler
INFO: [HLS 200-2036] Building debug C Simulation binaries
   Compiling ../../../../counter_tb.cpp in debug mode
   Compiling ../../../../counter_top.cpp in debug mode
   Generating csim.exe
Starting HLS C Simulation...
CLK | INIT | START/STOP | COUNT_OUT
-----------------------------------
 0  |  0   |     0      |    0
 1  |  0   |     0      |    0
 2  |  1   |     0      |    0
 3  |  1   |     0      |    0
 4  |  1   |     0      |    0
 5  |  0   |     0      |    0
 6  |  0   |     0      |    0
 7  |  0   |     0      |    0
 8  |  0   |     1      |    0
 9  |  0   |     1      |    0
 10  |  0   |     1      |    0
 11  |  0   |     0      |    0
 12  |  0   |     0      |    0
 13  |  0   |     0      |    0
 14  |  0   |     0      |    0
 15  |  0   |     0      |    0
 16  |  0   |     0      |    0
 17  |  0   |     0      |    0
 18  |  0   |     0      |    0
 19  |  0   |     0      |    0
 20  |  0   |     1      |    0
 21  |  0   |     1      |    0
 22  |  0   |     1      |    0
 23  |  0   |     0      |    0
 24  |  0   |     0      |    0
 25  |  0   |     0      |    0
 26  |  0   |     0      |    0
 27  |  0   |     0      |    0
 28  |  0   |     0      |    0
 29  |  0   |     0      |    0
INFO: [SIM 211-1] CSim done with 0 errors.
INFO: [SIM 211-3] *************** CSIM finish ***************
INFO: [HLS 200-112] Total CPU user time: 2.02 seconds. Total CPU system time: 0.44 seconds. Total elapsed time: 2.83 seconds; peak allocated memory: 262.121 MB.
INFO: [vitis-run 60-791] Total elapsed time: 0h 0m 6s
