  **** HLS Build v2025.2 6295257
INFO: [HLS 200-2005] Using work_dir /home/dan/HLS/IP_REPOSITORY/start_stop_counter/start_stop_counter 
INFO: [HLS 200-2176] Writing Vitis IDE component file /home/dan/HLS/IP_REPOSITORY/start_stop_counter/start_stop_counter/vitis-comp.json
INFO: [HLS 200-10] Creating and opening component '/home/dan/HLS/IP_REPOSITORY/start_stop_counter/start_stop_counter'.
INFO: [HLS 200-1505] Using default flow_target 'vivado'
Resolution: For help on HLS 200-1505 see docs.amd.com/access/sources/dita/topic?Doc_Version=2025.2%20English&url=ug1448-hls-guidance&resourceid=200-1505.html
INFO: [HLS 200-2174] Applying component config ini file hls_config.cfg
INFO: [HLS 200-1465] Applying config ini 'syn.file=counter_top.cpp' from hls_config.cfg(8)
INFO: [HLS 200-10] Adding design file '/home/dan/HLS/IP_REPOSITORY/start_stop_counter/counter_top.cpp' to the project
INFO: [HLS 200-1465] Applying config ini 'tb.file=counter_tb.cpp' from hls_config.cfg(9)
INFO: [HLS 200-10] Adding test bench file '/home/dan/HLS/IP_REPOSITORY/start_stop_counter/counter_tb.cpp' to the project
INFO: [HLS 200-1465] Applying config ini 'syn.top=counter_module' from hls_config.cfg(10)
INFO: [HLS 200-1465] Applying config ini 'flow_target=vivado' from hls_config.cfg(4)
INFO: [HLS 200-1505] Using flow_target 'vivado'
Resolution: For help on HLS 200-1505 see docs.amd.com/access/sources/dita/topic?Doc_Version=2025.2%20English&url=ug1448-hls-guidance&resourceid=200-1505.html
INFO: [HLS 200-1465] Applying config ini 'part=xc7a100tcsg324-1' from hls_config.cfg(1)
INFO: [HLS 200-1611] Setting target device to 'xc7a100t-csg324-1'
INFO: [HLS 200-1465] Applying config ini 'clock=100MHz' from hls_config.cfg(7)
INFO: [SYN 201-201] Setting up clock 'default' with a period of 10ns.
INFO: [HLS 200-1465] Applying config ini 'package.output.format=ip_catalog' from hls_config.cfg(5)
INFO: [HLS 200-2176] Writing Vitis IDE component file /home/dan/HLS/IP_REPOSITORY/start_stop_counter/start_stop_counter/vitis-comp.json
INFO: [HLS 200-111] Finished File checks and directory preparation: CPU user time: 1.14 seconds. CPU system time: 0.36 seconds. Elapsed time: 2.1 seconds; current allocated memory: 262.219 MB.
INFO: [HLS 200-2191] C-Synthesis will use clang-16 as the compiler
INFO: [HLS 200-10] Analyzing design file 'counter_top.cpp' ... 
INFO: [HLS 200-111] Finished Source Code Analysis and Preprocessing: CPU user time: 2.9 seconds. CPU system time: 0.4 seconds. Elapsed time: 3.42 seconds; current allocated memory: 263.707 MB.
INFO: [HLS 200-777] Using interface defaults for 'Vivado' flow target.
INFO: [HLS 200-1995] There were 635 instructions in the design after the 'Compile/Link' phase of compilation. See the Design Size Report for more details (/home/dan/HLS/IP_REPOSITORY/start_stop_counter/start_stop_counter/hls/syn/report/csynth_design_size.rpt:2)
INFO: [HLS 200-1995] There were 85 instructions in the design after the 'Unroll/Inline (step 1)' phase of compilation. See the Design Size Report for more details (/home/dan/HLS/IP_REPOSITORY/start_stop_counter/start_stop_counter/hls/syn/report/csynth_design_size.rpt:2)
INFO: [HLS 200-1995] There were 74 instructions in the design after the 'Unroll/Inline (step 2)' phase of compilation. See the Design Size Report for more details (/home/dan/HLS/IP_REPOSITORY/start_stop_counter/start_stop_counter/hls/syn/report/csynth_design_size.rpt:2)
INFO: [HLS 200-1995] There were 68 instructions in the design after the 'Unroll/Inline (step 3)' phase of compilation. See the Design Size Report for more details (/home/dan/HLS/IP_REPOSITORY/start_stop_counter/start_stop_counter/hls/syn/report/csynth_design_size.rpt:2)
INFO: [HLS 200-1995] There were 68 instructions in the design after the 'Unroll/Inline (step 4)' phase of compilation. See the Design Size Report for more details (/home/dan/HLS/IP_REPOSITORY/start_stop_counter/start_stop_counter/hls/syn/report/csynth_design_size.rpt:2)
INFO: [HLS 200-1995] There were 72 instructions in the design after the 'Array/Struct (step 1)' phase of compilation. See the Design Size Report for more details (/home/dan/HLS/IP_REPOSITORY/start_stop_counter/start_stop_counter/hls/syn/report/csynth_design_size.rpt:2)
INFO: [HLS 200-1995] There were 68 instructions in the design after the 'Array/Struct (step 2)' phase of compilation. See the Design Size Report for more details (/home/dan/HLS/IP_REPOSITORY/start_stop_counter/start_stop_counter/hls/syn/report/csynth_design_size.rpt:2)
INFO: [HLS 200-1995] There were 68 instructions in the design after the 'Array/Struct (step 3)' phase of compilation. See the Design Size Report for more details (/home/dan/HLS/IP_REPOSITORY/start_stop_counter/start_stop_counter/hls/syn/report/csynth_design_size.rpt:2)
INFO: [HLS 200-1995] There were 68 instructions in the design after the 'Array/Struct (step 4)' phase of compilation. See the Design Size Report for more details (/home/dan/HLS/IP_REPOSITORY/start_stop_counter/start_stop_counter/hls/syn/report/csynth_design_size.rpt:2)
INFO: [HLS 200-1995] There were 68 instructions in the design after the 'Array/Struct (step 5)' phase of compilation. See the Design Size Report for more details (/home/dan/HLS/IP_REPOSITORY/start_stop_counter/start_stop_counter/hls/syn/report/csynth_design_size.rpt:2)
INFO: [HLS 200-1995] There were 68 instructions in the design after the 'Performance (step 1)' phase of compilation. See the Design Size Report for more details (/home/dan/HLS/IP_REPOSITORY/start_stop_counter/start_stop_counter/hls/syn/report/csynth_design_size.rpt:2)
INFO: [HLS 200-1995] There were 68 instructions in the design after the 'Performance (step 2)' phase of compilation. See the Design Size Report for more details (/home/dan/HLS/IP_REPOSITORY/start_stop_counter/start_stop_counter/hls/syn/report/csynth_design_size.rpt:2)
INFO: [HLS 200-1995] There were 68 instructions in the design after the 'Performance (step 3)' phase of compilation. See the Design Size Report for more details (/home/dan/HLS/IP_REPOSITORY/start_stop_counter/start_stop_counter/hls/syn/report/csynth_design_size.rpt:2)
INFO: [HLS 200-1995] There were 68 instructions in the design after the 'Performance (step 4)' phase of compilation. See the Design Size Report for more details (/home/dan/HLS/IP_REPOSITORY/start_stop_counter/start_stop_counter/hls/syn/report/csynth_design_size.rpt:2)
INFO: [HLS 200-1995] There were 75 instructions in the design after the 'HW Transforms (step 1)' phase of compilation. See the Design Size Report for more details (/home/dan/HLS/IP_REPOSITORY/start_stop_counter/start_stop_counter/hls/syn/report/csynth_design_size.rpt:2)
INFO: [HLS 200-1995] There were 77 instructions in the design after the 'HW Transforms (step 2)' phase of compilation. See the Design Size Report for more details (/home/dan/HLS/IP_REPOSITORY/start_stop_counter/start_stop_counter/hls/syn/report/csynth_design_size.rpt:2)
INFO: [HLS 214-178] Inlining function 'Debouncer::run(bool)' into 'counter_module(bool, bool, ap_uint<16>, ap_uint<16>&)' (counter_top.cpp:54:0)
INFO: [HLS 214-178] Inlining function 'EdgeDetector::is_rising_edge(bool)' into 'counter_module(bool, bool, ap_uint<16>, ap_uint<16>&)' (counter_top.cpp:54:0)
INFO: [HLS 200-111] Finished Compiling Optimization and Transform: CPU user time: 1.4 seconds. CPU system time: 0.3 seconds. Elapsed time: 6.54 seconds; current allocated memory: 265.441 MB.
INFO: [HLS 200-111] Finished Checking Pragmas: CPU user time: 0 seconds. CPU system time: 0 seconds. Elapsed time: 0 seconds; current allocated memory: 265.441 MB.
INFO: [HLS 200-10] Starting code transformations ...
INFO: [HLS 200-111] Finished Standard Transforms: CPU user time: 0 seconds. CPU system time: 0 seconds. Elapsed time: 0.01 seconds; current allocated memory: 265.508 MB.
INFO: [HLS 200-10] Checking synthesizability ...
INFO: [HLS 200-111] Finished Checking Synthesizability: CPU user time: 0.01 seconds. CPU system time: 0 seconds. Elapsed time: 0.01 seconds; current allocated memory: 265.508 MB.
INFO: [HLS 200-111] Finished Loop, function and other optimizations: CPU user time: 0.01 seconds. CPU system time: 0.01 seconds. Elapsed time: 0.02 seconds; current allocated memory: 286.629 MB.
INFO: [HLS 200-111] Finished Architecture Synthesis: CPU user time: 0.02 seconds. CPU system time: 0 seconds. Elapsed time: 0.02 seconds; current allocated memory: 286.629 MB.
INFO: [HLS 200-10] Starting hardware synthesis ...
INFO: [HLS 200-10] Synthesizing 'counter_module' ...
INFO: [HLS 200-10] ----------------------------------------------------------------
INFO: [HLS 200-42] -- Implementing module 'counter_module' 
INFO: [HLS 200-10] ----------------------------------------------------------------
INFO: [SCHED 204-11] Starting scheduling ...
INFO: [SCHED 204-61] Pipelining function 'counter_module'.
WARNING: [HLS 200-887] Cannot meet target clock period from 'add' operation 20 bit ('add_ln20_1', counter_top.cpp:20->counter_top.cpp:68) to 'br' operation ('br_ln77', counter_top.cpp:77) (combination delay: 7.82243 ns) to honor II or Latency constraint in region 'counter_module'.
Resolution: For help on HLS 200-887 see docs.amd.com/access/sources/dita/topic?Doc_Version=2025.2%20English&url=ug1448-hls-guidance&resourceid=200-887.html
INFO: [HLS 200-1470] Pipelining result : Target II = 1, Final II = 1, Depth = 2, function 'counter_module'
WARNING: [HLS 200-871] Estimated clock period (7.822 ns) exceeds the target (target clock period: 10.000 ns, clock uncertainty: 2.700 ns, effective delay budget: 7.300 ns).
Resolution: For help on HLS 200-871 see docs.amd.com/access/sources/dita/topic?Doc_Version=2025.2%20English&url=ug1448-hls-guidance&resourceid=200-871.html
WARNING: [HLS 200-1016] The critical path in module 'counter_module' consists of the following:
	'load' operation 20 bit ('db_init_inst_counter_load', counter_top.cpp:20->counter_top.cpp:68) on static variable 'db_init_inst_counter' [46]  (0.000 ns)
	'add' operation 20 bit ('add_ln20_1', counter_top.cpp:20->counter_top.cpp:68) [54]  (2.285 ns)
	'icmp' operation 1 bit ('icmp_ln21_1', counter_top.cpp:21->counter_top.cpp:68) [55]  (2.285 ns)
	multiplexor before 'phi' operation 20 bit ('db_init_inst_counter_new_1', counter_top.cpp:20->counter_top.cpp:68) with incoming values : ('add_ln20_1', counter_top.cpp:20->counter_top.cpp:68) [65]  (1.610 ns)
	'br' operation ('br_ln74', counter_top.cpp:74) [63]  (1.610 ns)
	'phi' operation 20 bit ('db_init_inst_counter_new_1', counter_top.cpp:20->counter_top.cpp:68) with incoming values : ('add_ln20_1', counter_top.cpp:20->counter_top.cpp:68) [65]  (0.000 ns)
	multiplexor before 'phi' operation 20 bit ('db_init_inst_counter_new_2', counter_top.cpp:20->counter_top.cpp:68) with incoming values : ('add_ln20_1', counter_top.cpp:20->counter_top.cpp:68) [97]  (1.642 ns)
	'phi' operation 20 bit ('db_init_inst_counter_new_2', counter_top.cpp:20->counter_top.cpp:68) with incoming values : ('add_ln20_1', counter_top.cpp:20->counter_top.cpp:68) [97]  (0.000 ns)

Resolution: For help on HLS 200-1016 see docs.amd.com/access/sources/dita/topic?Doc_Version=2025.2%20English&url=ug1448-hls-guidance&resourceid=200-1016.html
INFO: [SCHED 204-11] Finished scheduling.
INFO: [HLS 200-111] Finished Scheduling: CPU user time: 0.03 seconds. CPU system time: 0 seconds. Elapsed time: 0.05 seconds; current allocated memory: 286.629 MB.
INFO: [BIND 205-100] Starting micro-architecture generation ...
INFO: [BIND 205-101] Performing variable lifetime analysis.
INFO: [BIND 205-101] Exploring resource sharing.
INFO: [BIND 205-101] Binding ...
INFO: [BIND 205-100] Finished micro-architecture generation.
INFO: [HLS 200-111] Finished Binding: CPU user time: 0.01 seconds. CPU system time: 0 seconds. Elapsed time: 0.01 seconds; current allocated memory: 286.629 MB.
INFO: [HLS 200-10] ----------------------------------------------------------------
INFO: [HLS 200-10] -- Generating RTL for module 'counter_module' 
INFO: [HLS 200-10] ----------------------------------------------------------------
INFO: [RTGEN 206-500] Setting interface mode on port 'counter_module/start_stop' to 'ap_none'.
INFO: [RTGEN 206-500] Setting interface mode on port 'counter_module/init' to 'ap_none'.
INFO: [RTGEN 206-500] Setting interface mode on port 'counter_module/init_value' to 'ap_none'.
INFO: [RTGEN 206-500] Setting interface mode on port 'counter_module/count_out' to 'ap_vld'.
INFO: [RTGEN 206-500] Setting interface mode on function 'counter_module' to 'ap_ctrl_hs'.
WARNING: [RTGEN 206-101] Register 'db_start_stop_inst_clean_state' is power-on initialization.
WARNING: [RTGEN 206-101] Register 'db_start_stop_inst_counter' is power-on initialization.
WARNING: [RTGEN 206-101] Register 'db_init_inst_clean_state' is power-on initialization.
WARNING: [RTGEN 206-101] Register 'edge_start_stop_inst' is power-on initialization.
WARNING: [RTGEN 206-101] Register 'db_init_inst_counter' is power-on initialization.
WARNING: [RTGEN 206-101] Register 'internal_count' is power-on initialization.
WARNING: [RTGEN 206-101] Register 'is_running' is power-on initialization.
WARNING: [RTGEN 206-101] Register 'fast_count' is power-on initialization.
INFO: [HLS 200-1030] Apply Unified Pipeline Control on module 'counter_module' pipeline 'counter_module' pipeline type 'function pipeline'
INFO: [RTGEN 206-100] Finished creating RTL model for 'counter_module'.
INFO: [HLS 200-111] Finished Creating RTL model: CPU user time: 0.02 seconds. CPU system time: 0 seconds. Elapsed time: 0.01 seconds; current allocated memory: 286.629 MB.
INFO: [HLS 200-111] Finished Generating all RTL models: CPU user time: 0.08 seconds. CPU system time: 0.01 seconds. Elapsed time: 0.09 seconds; current allocated memory: 286.629 MB.
INFO: [HLS 200-2225] Wrote inferred directives to file /home/dan/HLS/IP_REPOSITORY/start_stop_counter/start_stop_counter/hls/syn/inferred_directives.ini
INFO: [HLS 200-111] Finished Updating report files: CPU user time: 0.12 seconds. CPU system time: 0.01 seconds. Elapsed time: 0.14 seconds; current allocated memory: 286.629 MB.
INFO: [VHDL 208-304] Generating VHDL RTL for counter_module.
INFO: [VLOG 209-307] Generating Verilog RTL for counter_module.
INFO: [HLS 200-789] **** Estimated Fmax: 127.84 MHz
INFO: [HLS 200-112] Total CPU user time: 5.74 seconds. Total CPU system time: 1.09 seconds. Total elapsed time: 12.42 seconds; peak allocated memory: 286.629 MB.
INFO: [v++ 60-791] Total elapsed time: 0h 0m 15s
