# 
# Steps log generated by v++
# This log file contains a collection of steps that describe the kernel compilation flow
# Note: Some steps are tagged as internal, these steps are for debugging purposes and 
#       are not expected to be able to run independently.
# 

# The following environment variables are set when running vitis-run
Environment variables :
------------------------------------------
SHELL=/bin/fish
SESSION_MANAGER=local/stampy:@/tmp/.ICE-unix/1473,unix/stampy:/tmp/.ICE-unix/1473
XDG_CONFIG_DIRS=/home/dan/.config/kdedefaults:/etc/xdg
XDG_SESSION_PATH=/org/freedesktop/DisplayManager/Session1
XDG_MENU_PREFIX=plasma-
RDI_APPROOT=/home/dan/Vivado/2025.2/Vitis
RDI_JAVA_PLATFORM=
TK_LIBRARY=/home/dan/Vivado/2025.2/Vitis/tps/tk/tk8.5
ICEAUTHORITY=/run/user/1000/iceauth_yMTcTD
LANGUAGE=en_US:en
FREETYPE_PROPERTIES=truetype:interpreter-version=35
XIL_SUPPRESS_OVERRIDE_WARNINGS=1
RDI_BINROOT=/home/dan/Vivado/2025.2/Vitis/bin
LC_ADDRESS=ro_RO.UTF-8
XILINX_VIVADO=/home/dan/Vivado/2025.2/Vivado
JAVA_HOME=/home/dan/Vivado/2025.2/Vitis/tps/lnx64/jre21.0.5_11/
LC_NAME=ro_RO.UTF-8
RDI_INSTALLVERSION=2025.2
RDI_OPT_EXT=.o
RDI_INSTALLVER=Vitis
RDI_INSTALLROOT=/home/dan/Vivado
THEIA_DEFAULT_PLUGINS=local-dir:/home/dan/Vivado/2025.2/Vitis/ide/electron-app/lnx64/resources/app/plugins
MEMORY_PRESSURE_WRITE=c29tZSAyMDAwMDAgMjAwMDAwMAA=
RDI_PATCHROOT=
DESKTOP_SESSION=plasma
LC_MONETARY=ro_RO.UTF-8
GTK_RC_FILES=/etc/gtk/gtkrc:/home/dan/.gtkrc:/home/dan/.config/gtkrc
XDG_SEAT=seat0
XIL_NO_OVERRIDE=0
RDI_LIBDIR=/home/dan/Vivado/2025.2/Vitis/lib/lnx64.o/Default:/home/dan/Vivado/2025.2/Vitis/lib/lnx64.o
PWD=/home/dan/HLS/start_stop_counter
LOGNAME=dan
XDG_SESSION_DESKTOP=KDE
THEIA_ELECTRON_VERSION=30.1.2
XDG_SESSION_TYPE=wayland
_RDI_DONT_SET_XILINX_AS_PATH=True
SYSTEMD_EXEC_PID=1503
VALIDATE_ARGS=False
XAUTHORITY=/run/user/1000/xauth_gheKuU
RDI_PREPEND_PATH=/home/dan/Vivado/2025.2/Vitis/bin
XILINX_DSP=
THEIA_PLUGINS=local-dir:/home/dan/.theia/plugins
MOTD_SHOWN=pam
GTK2_RC_FILES=/etc/gtk-2.0/gtkrc:/home/dan/.gtkrc-2.0:/home/dan/.config/gtkrc-2.0
HOME=/home/dan
SYNTH_COMMON=/home/dan/Vivado/2025.2/Vitis/scripts/rt/data
LANG=en_US.UTF-8
LC_PAPER=ro_RO.UTF-8
_JAVA_AWT_WM_NONREPARENTING=1
XDG_CURRENT_DESKTOP=KDE
MEMORY_PRESSURE_WATCH=/sys/fs/cgroup/user.slice/user-1000.slice/user@1000.service/session.slice/plasma-plasmashell.service/memory.pressure
WAYLAND_DISPLAY=wayland-0
VIRTUAL_ENV_DISABLE_PROMPT=1
XILINX_HLS=/home/dan/Vivado/2025.2/Vitis
MANROFFOPT=-c
XDG_SEAT_PATH=/org/freedesktop/DisplayManager/Seat0
RDI_BUILD=yes
RDI_PROG=/home/dan/Vivado/2025.2/Vitis/bin/unwrapped/lnx64.o/vitis-run
INVOCATION_ID=cbb0837f3c1944d29569aba0813286a8
MANAGERPID=1215
RDI_SESSION_INFO=/home/dan:stampy_1773168049_107688
CHROME_DESKTOP=Vitis Unified IDE.desktop
RT_TCL_PATH=/home/dan/Vivado/2025.2/Vitis/scripts/rt/base_tcl/tcl
KDE_SESSION_UID=1000
XILINX_SDK=/home/dan/Vivado/2025.2/Vitis
XKB_DEFAULT_LAYOUT=us
RDI_SHARED_DATA=
XDG_ACTIVATION_TOKEN=kwin-265
VSCODE_API_VERSION=1.99.3
XDG_SESSION_CLASS=user
PYTHONPATH=/home/dan/Vivado/2025.2/Vitis/cli/:/home/dan/Vivado/2025.2/Vitis/cli/python-packages/site-packages:/home/dan/Vivado/2025.2/Vitis/cli/proto:/home/dan/Vivado/2025.2/Vitis/tps/lnx64/python-3.13.0/lib/python3.13/lib-dynload/:/home/dan/Vivado/2025.2/Vitis/tps/lnx64/python-3.13.0/lib/python3.13/:/home/dan/Vivado/2025.2/Vitis/scripts/python_pkg:/home/dan/Vivado/2025.2/Vitis/cli/:/home/dan/Vivado/2025.2/Vitis/cli/python-packages/site-packages:/home/dan/Vivado/2025.2/Vitis/cli/python-packages/lnx64:/home/dan/Vivado/2025.2/Vitis/cli/proto:/home/dan/Vivado/2025.2/Vivado/tps/lnx64/python-3.13.0/lib/python3.13/lib-dynload/:/home/dan/Vivado/2025.2/Vivado/tps/lnx64/python-3.13.0/lib/python3.13
LC_IDENTIFICATION=ro_RO.UTF-8
PYTHONHOME=/home/dan/Vivado/2025.2/Vitis/tps/lnx64/python-3.13.0/
VITIS_HLS_INSTALL=true
USER=dan
XILINX_PLANAHEAD=/home/dan/Vivado/2025.2/Vitis
PATCH_INFO=
QT_WAYLAND_RECONNECT=1
RDI_BASEROOT=/home/dan/Vivado/2025.2
KDE_SESSION_VERSION=6
LOPPER_DTC_FLAGS=-b 0 -@
PAM_KWALLET5_LOGIN=/run/user/1000/kwallet5.socket
RDI_TPS_ROOT=/home/dan/Vivado/2025.2/Vivado/tps/lnx64
RDI_JAVA_VERSION=11.0.16_1
IDE_SKIP_SERVER_LICENSE=1
MANPAGER=sh -c 'col -bx | bat -l man -p'
RDI_DATADIR=:/home/dan/Vivado/2025.2/data
THEIA_ELECTRON_TOKEN={"value":"07e4e54d-de93-4527-b9c4-5a2d39b6ace1"}
DISPLAY=:0
SHLVL=3
LC_TELEPHONE=ro_RO.UTF-8
RDI_USE_JDK11=1
LC_MEASUREMENT=ro_RO.UTF-8
XDG_VTNR=2
XIL_CHECK_TCL_DEBUG=False
XDG_SESSION_ID=2
SYSTEMPLATFORM=CachyOS
MANAGERPIDFDID=1216
CUDA_DISABLE_PERF_BOOST=1
LD_LIBRARY_PATH=/home/dan/Vivado/2025.2/Vitis/tps/lnx64/java-cef-95.0.4638.69/bin/lib/linux64:/home/dan/Vivado/2025.2/Vitis/tps/lnx64/javafx-sdk-11.0.2/lib:/home/dan/Vivado/2025.2/Vitis/lib/lnx64.o/Default:/home/dan/Vivado/2025.2/Vitis/lib/lnx64.o:/home/dan/Vivado/2025.2/Vitis/tps/lnx64/jre11.0.16_1/lib/:/home/dan/Vivado/2025.2/Vitis/tps/lnx64/jre11.0.16_1/lib//server:/home/dan/Vivado/2025.2/Vitis/lib/lnx64.o/Default:/home/dan/Vivado/2025.2/Vitis/lib/lnx64.o:/home/dan/Vivado/2025.2/Vitis/tps/lnx64/cmake-3.24.2/libs/Default:/home/dan/Vivado/2025.2/Vitis/tps/lnx64/cmake-3.24.2/libs:/home/dan/Vivado/2025.2/Vitis/lib/lnx64.o/Default:/home/dan/Vivado/2025.2/Vitis/lib/lnx64.o:/home/dan/Vivado/2025.2/Vitis/tps/lnx64/python-3.13.0/lib:/home/dan/Vivado/2025.2/Vivado/tps/lnx64/cmake-3.24.2/libs/Default:/home/dan/Vivado/2025.2/Vivado/tps/lnx64/cmake-3.24.2/libs:/home/dan/Vivado/2025.2/Vitis/lib/lnx64.o:/home/dan/Vivado/2025.2/Vitis/lib/lnx64.o/Default:/home/dan/Vivado/2025.2/Vitis/lib/lnx64.o:/home/dan/Vivado/2025.2/Vivado/tps/lnx64/python-3.13.0/lib
HDIPRELDPATH=/home/dan/Vivado/2025.2/Vitis/lib/lnx64.o/Default:/home/dan/Vivado/2025.2/Vitis/lib/lnx64.o:/home/dan/Vivado/2025.2/Vitis/tps/lnx64/cmake-3.24.2/libs/Default:/home/dan/Vivado/2025.2/Vitis/tps/lnx64/cmake-3.24.2/libs:/home/dan/Vivado/2025.2/Vitis/lib/lnx64.o/Default:/home/dan/Vivado/2025.2/Vitis/lib/lnx64.o:/home/dan/Vivado/2025.2/Vitis/tps/lnx64/python-3.13.0/lib:/home/dan/Vivado/2025.2/Vivado/tps/lnx64/cmake-3.24.2/libs/Default:/home/dan/Vivado/2025.2/Vivado/tps/lnx64/cmake-3.24.2/libs:/home/dan/Vivado/2025.2/Vitis/lib/lnx64.o:/home/dan/Vivado/2025.2/Vitis/lib/lnx64.o/Default:/home/dan/Vivado/2025.2/Vitis/lib/lnx64.o:/home/dan/Vivado/2025.2/Vivado/tps/lnx64/python-3.13.0/lib
XDG_RUNTIME_DIR=/run/user/1000
TCMALLOC_LARGE_ALLOC_REPORT_THRESHOLD=4294967296
DEBUGINFOD_URLS=https://debuginfod.archlinux.org https://debuginfod.cachyos.org 
LC_TIME=ro_RO.UTF-8
TCL_LIBRARY=/home/dan/Vivado/2025.2/Vitis/tps/tcl/tcl8.6
LC_ALL=en_US.UTF-8
JOURNAL_STREAM=9:3038
XDG_DATA_DIRS=/home/dan/.local/share/flatpak/exports/share:/var/lib/flatpak/exports/share:/usr/local/share:/usr/share
XILINX_VITIS_GIT=/home/dan/Vivado/2025.2/Vivado/tps/lnx64/git-2.50.0/bin
KDE_FULL_SESSION=true
PATH=/home/dan/Vivado/2025.2/Vivado/tps/lnx64/binutils-2.26/bin:/home/dan/Vivado/2025.2/Vitis/bin/../gnu/aarch64/lin/aarch64-linux/bin:/home/dan/Vivado/2025.2/Vitis/bin/../gnu/ppc64le/4.9.3/lnx64/bin:/home/dan/Vivado/2025.2/Vitis/bin/../gnu/aarch32/lin/gcc-arm-linux-gnueabi/bin:/home/dan/Vivado/2025.2/Vivado/tps/lnx64/gcc-8.3.0/bin:/home/dan/Vivado/2025.2/Vivado/gnu/microblaze/lin/bin:/home/dan/Vivado/2025.2/Vitis/bin:/home/dan/Vivado/2025.2/Vitis/tps/lnx64/jre11.0.16_1/bin:/home/dan/Vivado/2025.2/Vitis/gnu/microblaze/lin/bin:/home/dan/Vivado/2025.2/Vitis/gnu/arm/lin/bin:/home/dan/Vivado/2025.2/Vitis/gnu/microblaze/linux_toolchain/nt64_be/bin:/home/dan/Vivado/2025.2/Vitis/gnu/microblaze/linux_toolchain/nt64_le/bin:/home/dan/Vivado/2025.2/Vitis/gnu/aarch32/lin/gcc-arm-linux-gnueabi/bin:/home/dan/Vivado/2025.2/Vitis/gnu/aarch32/lin/gcc-arm-none-eabi/bin:/home/dan/Vivado/2025.2/Vitis/gnu/aarch64/lin/aarch64-linux/bin:/home/dan/Vivado/2025.2/Vitis/gnu/aarch64/lin/aarch64-none/bin:/home/dan/Vivado/2025.2/Vitis/gnu/armr5/lin/gcc-arm-none-eabi/bin:/home/dan/Vivado/2025.2/Vitis/tps/lnx64/cmake-3.24.2/bin:/home/dan/Vivado/2025.2/Vitis/lnx64/tools/clang/bin:/home/dan/Vivado/2025.2/Vitis/tps/lnx64/python-3.13.0//bin:/home/dan/Vivado/2025.2/Vitis/tps/lnx64/jre21.0.5_11//bin:/bin:/home/dan/Vivado/2025.2/Vivado/bin:/home/dan/Vivado/2025.2/Vivado/tps/lnx64/git-2.50.0/bin:/home/dan/Vivado/2025.2/Vitis/lnx64/tools/vcxx/libexec:/home/dan/Vivado/2025.2/Vivado/tps/lnx64/cmake-3.24.2/bin:/home/dan/Vivado/2025.2/Vivado/tps/lnx64/jre21.0.5_11/bin:/home/dan/Vivado/2025.2/Vivado/tps/lnx64/python-3.13.0/bin:/usr/local/sbin:/usr/local/bin:/usr/bin:/var/lib/flatpak/exports/bin:/usr/bin/site_perl:/usr/bin/vendor_perl:/usr/bin/core_perl:/home/dan/.local/share/JetBrains/Toolbox/scripts
RT_LIBPATH=/home/dan/Vivado/2025.2/Vitis/scripts/rt/data
ORIGINAL_XDG_CURRENT_DESKTOP=KDE
HDI_APPROOT=/home/dan/Vivado/2025.2/Vitis
DBUS_SESSION_BUS_ADDRESS=unix:path=/run/user/1000/bus
RDI_PLATFORM=lnx64
THEIA_APP_PROJECT_PATH=/home/dan/Vivado/2025.2/Vitis/ide/electron-app/lnx64/resources/app
MYVIVADO=
KDE_APPLICATIONS_AS_SCOPE=1
BUILDINFO=SW Build 6295257 on 2025-11-13-01:29:14
MAIL=/var/spool/mail/dan
ISL_IOSTREAMS_RSA=/home/dan/Vivado/2025.2/Vitis/tps/isl
LC_NUMERIC=C
XILINX_VITIS=/home/dan/Vivado/2025.2/Vitis
OLDPWD=/home/dan/Vivado/2025.2/Vitis/bin
XILINX_VCXX=/home/dan/Vivado/2025.2/Vitis/lnx64/tools/vcxx
_=/home/dan/Vivado/2025.2/Vitis/bin/unwrapped/lnx64.o/vitis-run
XILINX_CD_CONNECT_ID=33233
XILINX_CD_SESSION=c27f067f-dfe1-4d31-b0a6-aefd6dd5ad81


VITIS-RUN command line:
------------------------------------------
/home/dan/Vivado/2025.2/Vitis/bin/unwrapped/lnx64.o/vitis-run --mode hls --csim --config /home/dan/HLS/start_stop_counter/hls_config.cfg --work_dir start_stop_counter 

FINAL PROGRAM OPTIONS
--config /home/dan/HLS/start_stop_counter/hls_config.cfg
--csim
--hls.clock 100MHz
--hls.flow_target vivado
--hls.package.output.format ip_catalog
--hls.package.output.syn false
--hls.syn.file counter_top.cpp
--hls.tb.file counter_tb.cpp
--mode hls
--part xc7a100tcsg324-1
--work_dir start_stop_counter

PARSED COMMAND LINE OPTIONS
--mode hls 
--csim 
--config /home/dan/HLS/start_stop_counter/hls_config.cfg 
--work_dir start_stop_counter 

PARSED CONFIG FILE (1) OPTIONS
file: /home/dan/HLS/start_stop_counter/hls_config.cfg
part xc7a100tcsg324-1 
hls.flow_target vivado 
hls.package.output.format ip_catalog 
hls.package.output.syn false 
hls.clock 100MHz 
hls.syn.file counter_top.cpp 
hls.tb.file counter_tb.cpp 


==========================================
new:  steps log generated by v++ for new launch 
timestamp: 10 Mar 2026 21:08:52

------------------------------------------
VITIS-RUN command line :
------------------------------------------
/home/dan/Vivado/2025.2/Vitis/bin/unwrapped/lnx64.o/vitis-run --mode hls --csim --config /home/dan/HLS/start_stop_counter/hls_config.cfg --work_dir start_stop_counter 
  Options from -O    : 
  Options from *.ini : 
  Options from Hw Platform : 

==========================================
new:  steps log generated by v++ for new launch 
timestamp: 10 Mar 2026 21:09:53

------------------------------------------
VITIS-RUN command line :
------------------------------------------
/home/dan/Vivado/2025.2/Vitis/bin/unwrapped/lnx64.o/vitis-run --mode hls --csim --config /home/dan/HLS/start_stop_counter/hls_config.cfg --work_dir start_stop_counter 
  Options from -O    : 
  Options from *.ini : 
  Options from Hw Platform : 

==========================================
new:  steps log generated by v++ for new launch 
timestamp: 10 Mar 2026 21:11:07

------------------------------------------
VITIS-RUN command line :
------------------------------------------
/home/dan/Vivado/2025.2/Vitis/bin/unwrapped/lnx64.o/vitis-run --mode hls --csim --config /home/dan/HLS/start_stop_counter/hls_config.cfg --work_dir start_stop_counter 
  Options from -O    : 
  Options from *.ini : 
  Options from Hw Platform : 

==========================================
new:  steps log generated by v++ for new launch 
timestamp: 10 Mar 2026 21:11:58

------------------------------------------
V++ command line :
------------------------------------------
/home/dan/Vivado/2025.2/Vitis/bin/unwrapped/lnx64.o/v++ -c --mode hls --config /home/dan/HLS/start_stop_counter/hls_config.cfg --work_dir start_stop_counter 
  Options from -O    : 
  Options from *.ini : 
  Options from Hw Platform : 

==========================================
new:  steps log generated by v++ for new launch 
timestamp: 10 Mar 2026 21:16:36

------------------------------------------
VITIS-RUN command line :
------------------------------------------
/home/dan/Vivado/2025.2/Vitis/bin/unwrapped/lnx64.o/vitis-run --mode hls --cosim --config /home/dan/HLS/start_stop_counter/hls_config.cfg --work_dir start_stop_counter 
  Options from -O    : 
  Options from *.ini : 
  Options from Hw Platform : 

==========================================
new:  steps log generated by v++ for new launch 
timestamp: 10 Mar 2026 21:17:16

------------------------------------------
VITIS-RUN command line :
------------------------------------------
/home/dan/Vivado/2025.2/Vitis/bin/unwrapped/lnx64.o/vitis-run --mode hls --package --config /home/dan/HLS/start_stop_counter/hls_config.cfg --work_dir start_stop_counter 
  Options from -O    : 
  Options from *.ini : 
  Options from Hw Platform : 

==========================================
new:  steps log generated by v++ for new launch 
timestamp: 10 Mar 2026 21:19:32

------------------------------------------
V++ command line :
------------------------------------------
/home/dan/Vivado/2025.2/Vitis/bin/unwrapped/lnx64.o/v++ -c --mode hls --config /home/dan/HLS/IP_REPOSITORY/start_stop_counter/hls_config.cfg --work_dir start_stop_counter 
  Options from -O    : 
  Options from *.ini : 
  Options from Hw Platform : 

==========================================
new:  steps log generated by v++ for new launch 
timestamp: 11 Mar 2026 10:20:13

------------------------------------------
VITIS-RUN command line :
------------------------------------------
/home/dan/Vivado/2025.2/Vitis/bin/unwrapped/lnx64.o/vitis-run --mode hls --package --config /home/dan/HLS/IP_REPOSITORY/start_stop_counter/hls_config.cfg --work_dir start_stop_counter 
  Options from -O    : 
  Options from *.ini : 
  Options from Hw Platform : 

==========================================
new:  steps log generated by v++ for new launch 
timestamp: 11 Mar 2026 10:20:33

------------------------------------------
V++ command line :
------------------------------------------
/home/dan/Vivado/2025.2/Vitis/bin/unwrapped/lnx64.o/v++ -c --mode hls --config /home/dan/HLS/IP_REPOSITORY/start_stop_counter/hls_config.cfg --work_dir start_stop_counter 
  Options from -O    : 
  Options from *.ini : 
  Options from Hw Platform : 

==========================================
new:  steps log generated by v++ for new launch 
timestamp: 11 Mar 2026 10:28:08

------------------------------------------
VITIS-RUN command line :
------------------------------------------
/home/dan/Vivado/2025.2/Vitis/bin/unwrapped/lnx64.o/vitis-run --mode hls --package --config /home/dan/HLS/IP_REPOSITORY/start_stop_counter/hls_config.cfg --work_dir start_stop_counter 
  Options from -O    : 
  Options from *.ini : 
  Options from Hw Platform : 

==========================================
new:  steps log generated by v++ for new launch 
timestamp: 11 Mar 2026 10:29:54
