Tue Mar 10 21:08:50 2026: Running xcd server. This server was built by gradle.
Tue Mar 10 21:08:50 2026: Server was asked to start on port: '33233'
Tue Mar 10 21:08:50 2026: Server is using token UUID: '0487b5b3-2850-4b0a-8b4c-343dc8e05857'
Tue Mar 10 21:08:50 2026: SESSION_MGR: creating session with session uuid: '6d04a3e9-ade5-4ab9-8d63-1f78fcd2ec76' and name 'default'
Tue Mar 10 21:08:50 2026: Attempting to start server on port '33233'
Tue Mar 10 21:08:50 2026: XCD main fifo: created main fifo '/tmp/xcdmain0487b5b3-2850-4b0a-8b4c-343dc8e05857', fd read = 13
Tue Mar 10 21:08:50 2026: Running Dispatch Server
Tue Mar 10 21:08:50 2026: Version 2.2.0
Tue Mar 10 21:08:52 2026: Dispatch Server: Accepted socket connection from client
Tue Mar 10 21:08:52 2026: Starting Socket connection
Tue Mar 10 21:08:52 2026: EXCHANGE_TOKEN received, server token: 0487b5b3-2850-4b0a-8b4c-343dc8e05857, passed token: 0487b5b3-2850-4b0a-8b4c-343dc8e05857
Tue Mar 10 21:08:52 2026: DISPATCH_HANDLER: Adding handler from function makeHandler in library libxv_system_diagram
Tue Mar 10 21:08:52 2026: SESSION_MGR: creating session with session uuid: 'c27f067f-dfe1-4d31-b0a6-aefd6dd5ad81' and name 'vitis-run_compile_start_stop_counter'
Tue Mar 10 21:08:52 2026: KERNEL_SVC: creating session with uuid: 'c27f067f-dfe1-4d31-b0a6-aefd6dd5ad81' and name 'vitis-run_compile_start_stop_counter'
Tue Mar 10 21:08:52 2026: GUIDANCE_SMGR: creating guidance session with uuid: 'c27f067f-dfe1-4d31-b0a6-aefd6dd5ad81' and name 'vitis-run_compile_start_stop_counter'
Tue Mar 10 21:08:52 2026: SYSTEM_DIAGRAM: creating session with uuid: 'c27f067f-dfe1-4d31-b0a6-aefd6dd5ad81' and name 'vitis-run_compile_start_stop_counter'
Tue Mar 10 21:08:54 2026: Dispatch Server: Accepted socket connection from client
Tue Mar 10 21:08:54 2026: Starting Socket connection
Tue Mar 10 21:08:56 2026: SESSION_MGR: closing session for UUID 'c27f067f-dfe1-4d31-b0a6-aefd6dd5ad81' with name 'vitis-run_compile_start_stop_counter'
Tue Mar 10 21:08:56 2026: KERNEL_SVC: closing session for UUID 'c27f067f-dfe1-4d31-b0a6-aefd6dd5ad81' with name 'vitis-run_compile_start_stop_counter'
Tue Mar 10 21:08:56 2026: GUIDANCE_SMGR: closing session for UUID 'c27f067f-dfe1-4d31-b0a6-aefd6dd5ad81' with name 'vitis-run_compile_start_stop_counter'
Tue Mar 10 21:08:56 2026: SYSTEM_DIAGRAM: closing session for UUID 'c27f067f-dfe1-4d31-b0a6-aefd6dd5ad81' with name 'vitis-run_compile_start_stop_counter'
Tue Mar 10 21:08:56 2026: STOP_SERVER received, server token: 0487b5b3-2850-4b0a-8b4c-343dc8e05857, passed token: 0487b5b3-2850-4b0a-8b4c-343dc8e05857
Tue Mar 10 21:08:56 2026: Socket received request to stop server.
Tue Mar 10 21:08:56 2026: Dispatch Server: do_await_stop
Tue Mar 10 21:08:56 2026: Dispatch Server: stopping mainFifo_
Tue Mar 10 21:08:56 2026: XCD main fifo: Stopping
Tue Mar 10 21:08:56 2026: XCD main fifo: do_read error code: Operation canceled
Tue Mar 10 21:08:56 2026: XCD main fifo: bytes_transferred: 0
Tue Mar 10 21:08:56 2026: SERVER: destructor for server bound to port 33233
Tue Mar 10 21:08:56 2026: XCD main fifo: Good unlink of /tmp/xcdmain0487b5b3-2850-4b0a-8b4c-343dc8e05857
Tue Mar 10 21:08:56 2026: Server exiting with status 0.
Tue Mar 10 21:08:56 2026: Closing log file.
Tue Mar 10 21:09:51 2026: Running xcd server. This server was built by gradle.
Tue Mar 10 21:09:51 2026: Server was asked to start on port: '42059'
Tue Mar 10 21:09:51 2026: Server is using token UUID: '9cbf303d-bb59-4891-bc4f-1781bcb5ef28'
Tue Mar 10 21:09:51 2026: SESSION_MGR: creating session with session uuid: '6d04a3e9-ade5-4ab9-8d63-1f78fcd2ec76' and name 'default'
Tue Mar 10 21:09:51 2026: Attempting to start server on port '42059'
Tue Mar 10 21:09:51 2026: XCD main fifo: created main fifo '/tmp/xcdmain9cbf303d-bb59-4891-bc4f-1781bcb5ef28', fd read = 13
Tue Mar 10 21:09:51 2026: Running Dispatch Server
Tue Mar 10 21:09:51 2026: Version 2.2.0
Tue Mar 10 21:09:53 2026: Dispatch Server: Accepted socket connection from client
Tue Mar 10 21:09:53 2026: Starting Socket connection
Tue Mar 10 21:09:53 2026: EXCHANGE_TOKEN received, server token: 9cbf303d-bb59-4891-bc4f-1781bcb5ef28, passed token: 9cbf303d-bb59-4891-bc4f-1781bcb5ef28
Tue Mar 10 21:09:53 2026: DISPATCH_HANDLER: Adding handler from function makeHandler in library libxv_system_diagram
Tue Mar 10 21:09:53 2026: SESSION_MGR: creating session with session uuid: '93caba6e-de1e-4e49-9cbd-3201b3baa385' and name 'vitis-run_compile_start_stop_counter'
Tue Mar 10 21:09:53 2026: KERNEL_SVC: creating session with uuid: '93caba6e-de1e-4e49-9cbd-3201b3baa385' and name 'vitis-run_compile_start_stop_counter'
Tue Mar 10 21:09:53 2026: GUIDANCE_SMGR: creating guidance session with uuid: '93caba6e-de1e-4e49-9cbd-3201b3baa385' and name 'vitis-run_compile_start_stop_counter'
Tue Mar 10 21:09:53 2026: SYSTEM_DIAGRAM: creating session with uuid: '93caba6e-de1e-4e49-9cbd-3201b3baa385' and name 'vitis-run_compile_start_stop_counter'
Tue Mar 10 21:09:55 2026: Dispatch Server: Accepted socket connection from client
Tue Mar 10 21:09:55 2026: Starting Socket connection
Tue Mar 10 21:09:55 2026: SESSION_MGR: closing session for UUID '93caba6e-de1e-4e49-9cbd-3201b3baa385' with name 'vitis-run_compile_start_stop_counter'
Tue Mar 10 21:09:55 2026: KERNEL_SVC: closing session for UUID '93caba6e-de1e-4e49-9cbd-3201b3baa385' with name 'vitis-run_compile_start_stop_counter'
Tue Mar 10 21:09:55 2026: GUIDANCE_SMGR: closing session for UUID '93caba6e-de1e-4e49-9cbd-3201b3baa385' with name 'vitis-run_compile_start_stop_counter'
Tue Mar 10 21:09:55 2026: SYSTEM_DIAGRAM: closing session for UUID '93caba6e-de1e-4e49-9cbd-3201b3baa385' with name 'vitis-run_compile_start_stop_counter'
Tue Mar 10 21:09:55 2026: STOP_SERVER received, server token: 9cbf303d-bb59-4891-bc4f-1781bcb5ef28, passed token: 9cbf303d-bb59-4891-bc4f-1781bcb5ef28
Tue Mar 10 21:09:55 2026: Socket received request to stop server.
Tue Mar 10 21:09:55 2026: Dispatch Server: do_await_stop
Tue Mar 10 21:09:55 2026: Dispatch Server: stopping mainFifo_
Tue Mar 10 21:09:55 2026: XCD main fifo: Stopping
Tue Mar 10 21:09:55 2026: XCD main fifo: do_read error code: Operation canceled
Tue Mar 10 21:09:55 2026: XCD main fifo: bytes_transferred: 0
Tue Mar 10 21:09:55 2026: SERVER: destructor for server bound to port 42059
Tue Mar 10 21:09:55 2026: XCD main fifo: Good unlink of /tmp/xcdmain9cbf303d-bb59-4891-bc4f-1781bcb5ef28
Tue Mar 10 21:09:55 2026: Server exiting with status 0.
Tue Mar 10 21:09:55 2026: Closing log file.
Tue Mar 10 21:11:05 2026: Running xcd server. This server was built by gradle.
Tue Mar 10 21:11:05 2026: Server was asked to start on port: '41643'
Tue Mar 10 21:11:05 2026: Server is using token UUID: '587530ac-9f46-4207-9a18-e9c223f188f4'
Tue Mar 10 21:11:05 2026: SESSION_MGR: creating session with session uuid: '6d04a3e9-ade5-4ab9-8d63-1f78fcd2ec76' and name 'default'
Tue Mar 10 21:11:05 2026: Attempting to start server on port '41643'
Tue Mar 10 21:11:05 2026: XCD main fifo: created main fifo '/tmp/xcdmain587530ac-9f46-4207-9a18-e9c223f188f4', fd read = 13
Tue Mar 10 21:11:05 2026: Running Dispatch Server
Tue Mar 10 21:11:05 2026: Version 2.2.0
Tue Mar 10 21:11:07 2026: Dispatch Server: Accepted socket connection from client
Tue Mar 10 21:11:07 2026: Starting Socket connection
Tue Mar 10 21:11:07 2026: EXCHANGE_TOKEN received, server token: 587530ac-9f46-4207-9a18-e9c223f188f4, passed token: 587530ac-9f46-4207-9a18-e9c223f188f4
Tue Mar 10 21:11:07 2026: DISPATCH_HANDLER: Adding handler from function makeHandler in library libxv_system_diagram
Tue Mar 10 21:11:07 2026: SESSION_MGR: creating session with session uuid: 'b5fa4b71-2448-492d-b2e7-acf6af5370bb' and name 'vitis-run_compile_start_stop_counter'
Tue Mar 10 21:11:07 2026: KERNEL_SVC: creating session with uuid: 'b5fa4b71-2448-492d-b2e7-acf6af5370bb' and name 'vitis-run_compile_start_stop_counter'
Tue Mar 10 21:11:07 2026: GUIDANCE_SMGR: creating guidance session with uuid: 'b5fa4b71-2448-492d-b2e7-acf6af5370bb' and name 'vitis-run_compile_start_stop_counter'
Tue Mar 10 21:11:07 2026: SYSTEM_DIAGRAM: creating session with uuid: 'b5fa4b71-2448-492d-b2e7-acf6af5370bb' and name 'vitis-run_compile_start_stop_counter'
Tue Mar 10 21:11:08 2026: Dispatch Server: Accepted socket connection from client
Tue Mar 10 21:11:08 2026: Starting Socket connection
Tue Mar 10 21:11:09 2026: SESSION_MGR: closing session for UUID 'b5fa4b71-2448-492d-b2e7-acf6af5370bb' with name 'vitis-run_compile_start_stop_counter'
Tue Mar 10 21:11:09 2026: KERNEL_SVC: closing session for UUID 'b5fa4b71-2448-492d-b2e7-acf6af5370bb' with name 'vitis-run_compile_start_stop_counter'
Tue Mar 10 21:11:09 2026: GUIDANCE_SMGR: closing session for UUID 'b5fa4b71-2448-492d-b2e7-acf6af5370bb' with name 'vitis-run_compile_start_stop_counter'
Tue Mar 10 21:11:09 2026: SYSTEM_DIAGRAM: closing session for UUID 'b5fa4b71-2448-492d-b2e7-acf6af5370bb' with name 'vitis-run_compile_start_stop_counter'
Tue Mar 10 21:11:09 2026: STOP_SERVER received, server token: 587530ac-9f46-4207-9a18-e9c223f188f4, passed token: 587530ac-9f46-4207-9a18-e9c223f188f4
Tue Mar 10 21:11:09 2026: Socket received request to stop server.
Tue Mar 10 21:11:09 2026: Dispatch Server: do_await_stop
Tue Mar 10 21:11:09 2026: Dispatch Server: stopping mainFifo_
Tue Mar 10 21:11:09 2026: XCD main fifo: Stopping
Tue Mar 10 21:11:09 2026: XCD main fifo: do_read error code: Operation canceled
Tue Mar 10 21:11:09 2026: XCD main fifo: bytes_transferred: 0
Tue Mar 10 21:11:09 2026: SERVER: destructor for server bound to port 41643
Tue Mar 10 21:11:09 2026: XCD main fifo: Good unlink of /tmp/xcdmain587530ac-9f46-4207-9a18-e9c223f188f4
Tue Mar 10 21:11:09 2026: Server exiting with status 0.
Tue Mar 10 21:11:09 2026: Closing log file.
Tue Mar 10 21:11:56 2026: Running xcd server. This server was built by gradle.
Tue Mar 10 21:11:56 2026: Server was asked to start on port: '33107'
Tue Mar 10 21:11:56 2026: Server is using token UUID: 'a997eedb-db68-4aca-b250-87fdd8290589'
Tue Mar 10 21:11:56 2026: SESSION_MGR: creating session with session uuid: '6d04a3e9-ade5-4ab9-8d63-1f78fcd2ec76' and name 'default'
Tue Mar 10 21:11:56 2026: Attempting to start server on port '33107'
Tue Mar 10 21:11:56 2026: XCD main fifo: created main fifo '/tmp/xcdmaina997eedb-db68-4aca-b250-87fdd8290589', fd read = 13
Tue Mar 10 21:11:56 2026: Running Dispatch Server
Tue Mar 10 21:11:56 2026: Version 2.2.0
Tue Mar 10 21:11:58 2026: Dispatch Server: Accepted socket connection from client
Tue Mar 10 21:11:58 2026: Starting Socket connection
Tue Mar 10 21:11:58 2026: EXCHANGE_TOKEN received, server token: a997eedb-db68-4aca-b250-87fdd8290589, passed token: a997eedb-db68-4aca-b250-87fdd8290589
Tue Mar 10 21:11:58 2026: DISPATCH_HANDLER: Adding handler from function makeHandler in library libxv_system_diagram
Tue Mar 10 21:11:58 2026: SESSION_MGR: creating session with session uuid: '7e02c573-1676-4262-99d8-5875967f44b6' and name 'vitis-run_compile_start_stop_counter'
Tue Mar 10 21:11:58 2026: KERNEL_SVC: creating session with uuid: '7e02c573-1676-4262-99d8-5875967f44b6' and name 'vitis-run_compile_start_stop_counter'
Tue Mar 10 21:11:58 2026: GUIDANCE_SMGR: creating guidance session with uuid: '7e02c573-1676-4262-99d8-5875967f44b6' and name 'vitis-run_compile_start_stop_counter'
Tue Mar 10 21:11:58 2026: SYSTEM_DIAGRAM: creating session with uuid: '7e02c573-1676-4262-99d8-5875967f44b6' and name 'vitis-run_compile_start_stop_counter'
Tue Mar 10 21:12:00 2026: Dispatch Server: Accepted socket connection from client
Tue Mar 10 21:12:00 2026: Starting Socket connection
Tue Mar 10 21:12:00 2026: SESSION_MGR: closing session for UUID '7e02c573-1676-4262-99d8-5875967f44b6' with name 'vitis-run_compile_start_stop_counter'
Tue Mar 10 21:12:00 2026: KERNEL_SVC: closing session for UUID '7e02c573-1676-4262-99d8-5875967f44b6' with name 'vitis-run_compile_start_stop_counter'
Tue Mar 10 21:12:00 2026: GUIDANCE_SMGR: closing session for UUID '7e02c573-1676-4262-99d8-5875967f44b6' with name 'vitis-run_compile_start_stop_counter'
Tue Mar 10 21:12:00 2026: SYSTEM_DIAGRAM: closing session for UUID '7e02c573-1676-4262-99d8-5875967f44b6' with name 'vitis-run_compile_start_stop_counter'
Tue Mar 10 21:12:00 2026: STOP_SERVER received, server token: a997eedb-db68-4aca-b250-87fdd8290589, passed token: a997eedb-db68-4aca-b250-87fdd8290589
Tue Mar 10 21:12:00 2026: Socket received request to stop server.
Tue Mar 10 21:12:00 2026: Dispatch Server: do_await_stop
Tue Mar 10 21:12:00 2026: Dispatch Server: stopping mainFifo_
Tue Mar 10 21:12:00 2026: XCD main fifo: Stopping
Tue Mar 10 21:12:00 2026: XCD main fifo: do_read error code: Operation canceled
Tue Mar 10 21:12:00 2026: XCD main fifo: bytes_transferred: 0
Tue Mar 10 21:12:00 2026: SERVER: destructor for server bound to port 33107
Tue Mar 10 21:12:00 2026: XCD main fifo: Good unlink of /tmp/xcdmaina997eedb-db68-4aca-b250-87fdd8290589
Tue Mar 10 21:12:00 2026: Server exiting with status 0.
Tue Mar 10 21:12:00 2026: Closing log file.
Tue Mar 10 21:16:34 2026: Running xcd server. This server was built by gradle.
Tue Mar 10 21:16:34 2026: Server was asked to start on port: '40097'
Tue Mar 10 21:16:34 2026: Server is using token UUID: 'da2dde26-a07b-46c5-bd19-84b4ac79d804'
Tue Mar 10 21:16:34 2026: SESSION_MGR: creating session with session uuid: '6d04a3e9-ade5-4ab9-8d63-1f78fcd2ec76' and name 'default'
Tue Mar 10 21:16:34 2026: Attempting to start server on port '40097'
Tue Mar 10 21:16:34 2026: XCD main fifo: created main fifo '/tmp/xcdmainda2dde26-a07b-46c5-bd19-84b4ac79d804', fd read = 13
Tue Mar 10 21:16:34 2026: Running Dispatch Server
Tue Mar 10 21:16:34 2026: Version 2.2.0
Tue Mar 10 21:16:35 2026: Dispatch Server: Accepted socket connection from client
Tue Mar 10 21:16:35 2026: Starting Socket connection
Tue Mar 10 21:16:35 2026: EXCHANGE_TOKEN received, server token: da2dde26-a07b-46c5-bd19-84b4ac79d804, passed token: da2dde26-a07b-46c5-bd19-84b4ac79d804
Tue Mar 10 21:16:36 2026: DISPATCH_HANDLER: Adding handler from function makeHandler in library libxv_system_diagram
Tue Mar 10 21:16:36 2026: SESSION_MGR: creating session with session uuid: 'fae78638-7187-4d3f-8756-78c7b1effdc6' and name 'v++_compile_start_stop_counter'
Tue Mar 10 21:16:36 2026: KERNEL_SVC: creating session with uuid: 'fae78638-7187-4d3f-8756-78c7b1effdc6' and name 'v++_compile_start_stop_counter'
Tue Mar 10 21:16:36 2026: GUIDANCE_SMGR: creating guidance session with uuid: 'fae78638-7187-4d3f-8756-78c7b1effdc6' and name 'v++_compile_start_stop_counter'
Tue Mar 10 21:16:36 2026: SYSTEM_DIAGRAM: creating session with uuid: 'fae78638-7187-4d3f-8756-78c7b1effdc6' and name 'v++_compile_start_stop_counter'
Tue Mar 10 21:16:37 2026: Dispatch Server: Accepted socket connection from client
Tue Mar 10 21:16:37 2026: Starting Socket connection
Tue Mar 10 21:16:48 2026: SESSION_MGR: closing session for UUID 'fae78638-7187-4d3f-8756-78c7b1effdc6' with name 'v++_compile_start_stop_counter'
Tue Mar 10 21:16:48 2026: KERNEL_SVC: closing session for UUID 'fae78638-7187-4d3f-8756-78c7b1effdc6' with name 'v++_compile_start_stop_counter'
Tue Mar 10 21:16:48 2026: GUIDANCE_SMGR: closing session for UUID 'fae78638-7187-4d3f-8756-78c7b1effdc6' with name 'v++_compile_start_stop_counter'
Tue Mar 10 21:16:48 2026: SYSTEM_DIAGRAM: closing session for UUID 'fae78638-7187-4d3f-8756-78c7b1effdc6' with name 'v++_compile_start_stop_counter'
Tue Mar 10 21:16:48 2026: STOP_SERVER received, server token: da2dde26-a07b-46c5-bd19-84b4ac79d804, passed token: da2dde26-a07b-46c5-bd19-84b4ac79d804
Tue Mar 10 21:16:48 2026: Socket received request to stop server.
Tue Mar 10 21:16:48 2026: Dispatch Server: do_await_stop
Tue Mar 10 21:16:48 2026: Dispatch Server: stopping mainFifo_
Tue Mar 10 21:16:48 2026: XCD main fifo: Stopping
Tue Mar 10 21:16:48 2026: XCD main fifo: do_read error code: Operation canceled
Tue Mar 10 21:16:48 2026: XCD main fifo: bytes_transferred: 0
Tue Mar 10 21:16:48 2026: SERVER: destructor for server bound to port 40097
Tue Mar 10 21:16:48 2026: XCD main fifo: Good unlink of /tmp/xcdmainda2dde26-a07b-46c5-bd19-84b4ac79d804
Tue Mar 10 21:16:48 2026: Server exiting with status 0.
Tue Mar 10 21:16:48 2026: Closing log file.
Tue Mar 10 21:17:14 2026: Running xcd server. This server was built by gradle.
Tue Mar 10 21:17:14 2026: Server was asked to start on port: '39923'
Tue Mar 10 21:17:14 2026: Server is using token UUID: '995b03b2-e570-44ca-89db-dee63c5a699f'
Tue Mar 10 21:17:14 2026: SESSION_MGR: creating session with session uuid: '6d04a3e9-ade5-4ab9-8d63-1f78fcd2ec76' and name 'default'
Tue Mar 10 21:17:14 2026: Attempting to start server on port '39923'
Tue Mar 10 21:17:14 2026: XCD main fifo: created main fifo '/tmp/xcdmain995b03b2-e570-44ca-89db-dee63c5a699f', fd read = 13
Tue Mar 10 21:17:14 2026: Running Dispatch Server
Tue Mar 10 21:17:14 2026: Version 2.2.0
Tue Mar 10 21:17:16 2026: Dispatch Server: Accepted socket connection from client
Tue Mar 10 21:17:16 2026: Starting Socket connection
Tue Mar 10 21:17:16 2026: EXCHANGE_TOKEN received, server token: 995b03b2-e570-44ca-89db-dee63c5a699f, passed token: 995b03b2-e570-44ca-89db-dee63c5a699f
Tue Mar 10 21:17:16 2026: DISPATCH_HANDLER: Adding handler from function makeHandler in library libxv_system_diagram
Tue Mar 10 21:17:16 2026: SESSION_MGR: creating session with session uuid: '6e04cb07-5a64-4a59-bb07-68bb85dc7c11' and name 'vitis-run_compile_start_stop_counter'
Tue Mar 10 21:17:16 2026: KERNEL_SVC: creating session with uuid: '6e04cb07-5a64-4a59-bb07-68bb85dc7c11' and name 'vitis-run_compile_start_stop_counter'
Tue Mar 10 21:17:16 2026: GUIDANCE_SMGR: creating guidance session with uuid: '6e04cb07-5a64-4a59-bb07-68bb85dc7c11' and name 'vitis-run_compile_start_stop_counter'
Tue Mar 10 21:17:16 2026: SYSTEM_DIAGRAM: creating session with uuid: '6e04cb07-5a64-4a59-bb07-68bb85dc7c11' and name 'vitis-run_compile_start_stop_counter'
Tue Mar 10 21:17:17 2026: Dispatch Server: Accepted socket connection from client
Tue Mar 10 21:17:17 2026: Starting Socket connection
Tue Mar 10 21:17:40 2026: SESSION_MGR: closing session for UUID '6e04cb07-5a64-4a59-bb07-68bb85dc7c11' with name 'vitis-run_compile_start_stop_counter'
Tue Mar 10 21:17:40 2026: KERNEL_SVC: closing session for UUID '6e04cb07-5a64-4a59-bb07-68bb85dc7c11' with name 'vitis-run_compile_start_stop_counter'
Tue Mar 10 21:17:40 2026: GUIDANCE_SMGR: closing session for UUID '6e04cb07-5a64-4a59-bb07-68bb85dc7c11' with name 'vitis-run_compile_start_stop_counter'
Tue Mar 10 21:17:40 2026: SYSTEM_DIAGRAM: closing session for UUID '6e04cb07-5a64-4a59-bb07-68bb85dc7c11' with name 'vitis-run_compile_start_stop_counter'
Tue Mar 10 21:17:40 2026: STOP_SERVER received, server token: 995b03b2-e570-44ca-89db-dee63c5a699f, passed token: 995b03b2-e570-44ca-89db-dee63c5a699f
Tue Mar 10 21:17:40 2026: Socket received request to stop server.
Tue Mar 10 21:17:40 2026: Dispatch Server: do_await_stop
Tue Mar 10 21:17:40 2026: Dispatch Server: stopping mainFifo_
Tue Mar 10 21:17:40 2026: XCD main fifo: Stopping
Tue Mar 10 21:17:40 2026: XCD main fifo: do_read error code: Operation canceled
Tue Mar 10 21:17:40 2026: XCD main fifo: bytes_transferred: 0
Tue Mar 10 21:17:40 2026: SERVER: destructor for server bound to port 39923
Tue Mar 10 21:17:40 2026: XCD main fifo: Good unlink of /tmp/xcdmain995b03b2-e570-44ca-89db-dee63c5a699f
Tue Mar 10 21:17:40 2026: Server exiting with status 0.
Tue Mar 10 21:17:40 2026: Closing log file.
Tue Mar 10 21:19:30 2026: Running xcd server. This server was built by gradle.
Tue Mar 10 21:19:30 2026: Server was asked to start on port: '35463'
Tue Mar 10 21:19:30 2026: Server is using token UUID: '51390f1c-f086-4b9e-a4b5-7f8abc9f17dd'
Tue Mar 10 21:19:30 2026: SESSION_MGR: creating session with session uuid: '6d04a3e9-ade5-4ab9-8d63-1f78fcd2ec76' and name 'default'
Tue Mar 10 21:19:30 2026: Attempting to start server on port '35463'
Tue Mar 10 21:19:30 2026: XCD main fifo: created main fifo '/tmp/xcdmain51390f1c-f086-4b9e-a4b5-7f8abc9f17dd', fd read = 13
Tue Mar 10 21:19:30 2026: Running Dispatch Server
Tue Mar 10 21:19:30 2026: Version 2.2.0
Tue Mar 10 21:19:32 2026: Dispatch Server: Accepted socket connection from client
Tue Mar 10 21:19:32 2026: Starting Socket connection
Tue Mar 10 21:19:32 2026: EXCHANGE_TOKEN received, server token: 51390f1c-f086-4b9e-a4b5-7f8abc9f17dd, passed token: 51390f1c-f086-4b9e-a4b5-7f8abc9f17dd
Tue Mar 10 21:19:32 2026: DISPATCH_HANDLER: Adding handler from function makeHandler in library libxv_system_diagram
Tue Mar 10 21:19:32 2026: SESSION_MGR: creating session with session uuid: '6360b52c-108b-4500-bb92-3c8c8ac2ce86' and name 'vitis-run_compile_start_stop_counter'
Tue Mar 10 21:19:32 2026: KERNEL_SVC: creating session with uuid: '6360b52c-108b-4500-bb92-3c8c8ac2ce86' and name 'vitis-run_compile_start_stop_counter'
Tue Mar 10 21:19:32 2026: GUIDANCE_SMGR: creating guidance session with uuid: '6360b52c-108b-4500-bb92-3c8c8ac2ce86' and name 'vitis-run_compile_start_stop_counter'
Tue Mar 10 21:19:32 2026: SYSTEM_DIAGRAM: creating session with uuid: '6360b52c-108b-4500-bb92-3c8c8ac2ce86' and name 'vitis-run_compile_start_stop_counter'
Tue Mar 10 21:19:34 2026: Dispatch Server: Accepted socket connection from client
Tue Mar 10 21:19:34 2026: Starting Socket connection
Tue Mar 10 21:19:38 2026: SESSION_MGR: closing session for UUID '6360b52c-108b-4500-bb92-3c8c8ac2ce86' with name 'vitis-run_compile_start_stop_counter'
Tue Mar 10 21:19:38 2026: KERNEL_SVC: closing session for UUID '6360b52c-108b-4500-bb92-3c8c8ac2ce86' with name 'vitis-run_compile_start_stop_counter'
Tue Mar 10 21:19:38 2026: GUIDANCE_SMGR: closing session for UUID '6360b52c-108b-4500-bb92-3c8c8ac2ce86' with name 'vitis-run_compile_start_stop_counter'
Tue Mar 10 21:19:38 2026: SYSTEM_DIAGRAM: closing session for UUID '6360b52c-108b-4500-bb92-3c8c8ac2ce86' with name 'vitis-run_compile_start_stop_counter'
Tue Mar 10 21:19:38 2026: STOP_SERVER received, server token: 51390f1c-f086-4b9e-a4b5-7f8abc9f17dd, passed token: 51390f1c-f086-4b9e-a4b5-7f8abc9f17dd
Tue Mar 10 21:19:38 2026: Socket received request to stop server.
Tue Mar 10 21:19:38 2026: Dispatch Server: do_await_stop
Tue Mar 10 21:19:38 2026: Dispatch Server: stopping mainFifo_
Tue Mar 10 21:19:38 2026: XCD main fifo: Stopping
Tue Mar 10 21:19:38 2026: XCD main fifo: do_read error code: Operation canceled
Tue Mar 10 21:19:38 2026: XCD main fifo: bytes_transferred: 0
Tue Mar 10 21:19:38 2026: SERVER: destructor for server bound to port 35463
Tue Mar 10 21:19:38 2026: XCD main fifo: Good unlink of /tmp/xcdmain51390f1c-f086-4b9e-a4b5-7f8abc9f17dd
Tue Mar 10 21:19:38 2026: Server exiting with status 0.
Tue Mar 10 21:19:38 2026: Closing log file.
Wed Mar 11 10:20:11 2026: Running xcd server. This server was built by gradle.
Wed Mar 11 10:20:11 2026: Server was asked to start on port: '35013'
Wed Mar 11 10:20:11 2026: Server is using token UUID: '81472e8c-9e21-40b8-b4c7-aa6019739265'
Wed Mar 11 10:20:11 2026: SESSION_MGR: creating session with session uuid: '6d04a3e9-ade5-4ab9-8d63-1f78fcd2ec76' and name 'default'
Wed Mar 11 10:20:11 2026: Attempting to start server on port '35013'
Wed Mar 11 10:20:11 2026: XCD main fifo: created main fifo '/tmp/xcdmain81472e8c-9e21-40b8-b4c7-aa6019739265', fd read = 13
Wed Mar 11 10:20:11 2026: Running Dispatch Server
Wed Mar 11 10:20:11 2026: Version 2.2.0
Wed Mar 11 10:20:13 2026: Dispatch Server: Accepted socket connection from client
Wed Mar 11 10:20:13 2026: Starting Socket connection
Wed Mar 11 10:20:13 2026: EXCHANGE_TOKEN received, server token: 81472e8c-9e21-40b8-b4c7-aa6019739265, passed token: 81472e8c-9e21-40b8-b4c7-aa6019739265
Wed Mar 11 10:20:13 2026: DISPATCH_HANDLER: Adding handler from function makeHandler in library libxv_system_diagram
Wed Mar 11 10:20:13 2026: SESSION_MGR: creating session with session uuid: '016cb0b2-c878-4b59-9710-ed357f5fbfbc' and name 'v++_compile_start_stop_counter'
Wed Mar 11 10:20:13 2026: KERNEL_SVC: creating session with uuid: '016cb0b2-c878-4b59-9710-ed357f5fbfbc' and name 'v++_compile_start_stop_counter'
Wed Mar 11 10:20:13 2026: GUIDANCE_SMGR: creating guidance session with uuid: '016cb0b2-c878-4b59-9710-ed357f5fbfbc' and name 'v++_compile_start_stop_counter'
Wed Mar 11 10:20:13 2026: SYSTEM_DIAGRAM: creating session with uuid: '016cb0b2-c878-4b59-9710-ed357f5fbfbc' and name 'v++_compile_start_stop_counter'
Wed Mar 11 10:20:15 2026: Dispatch Server: Accepted socket connection from client
Wed Mar 11 10:20:15 2026: Starting Socket connection
Wed Mar 11 10:20:26 2026: SESSION_MGR: closing session for UUID '016cb0b2-c878-4b59-9710-ed357f5fbfbc' with name 'v++_compile_start_stop_counter'
Wed Mar 11 10:20:26 2026: KERNEL_SVC: closing session for UUID '016cb0b2-c878-4b59-9710-ed357f5fbfbc' with name 'v++_compile_start_stop_counter'
Wed Mar 11 10:20:26 2026: GUIDANCE_SMGR: closing session for UUID '016cb0b2-c878-4b59-9710-ed357f5fbfbc' with name 'v++_compile_start_stop_counter'
Wed Mar 11 10:20:26 2026: SYSTEM_DIAGRAM: closing session for UUID '016cb0b2-c878-4b59-9710-ed357f5fbfbc' with name 'v++_compile_start_stop_counter'
Wed Mar 11 10:20:26 2026: STOP_SERVER received, server token: 81472e8c-9e21-40b8-b4c7-aa6019739265, passed token: 81472e8c-9e21-40b8-b4c7-aa6019739265
Wed Mar 11 10:20:26 2026: Socket received request to stop server.
Wed Mar 11 10:20:26 2026: Dispatch Server: do_await_stop
Wed Mar 11 10:20:26 2026: Dispatch Server: stopping mainFifo_
Wed Mar 11 10:20:26 2026: XCD main fifo: Stopping
Wed Mar 11 10:20:26 2026: XCD main fifo: do_read error code: Operation canceled
Wed Mar 11 10:20:26 2026: XCD main fifo: bytes_transferred: 0
Wed Mar 11 10:20:26 2026: SERVER: destructor for server bound to port 35013
Wed Mar 11 10:20:26 2026: XCD main fifo: Good unlink of /tmp/xcdmain81472e8c-9e21-40b8-b4c7-aa6019739265
Wed Mar 11 10:20:26 2026: Server exiting with status 0.
Wed Mar 11 10:20:26 2026: Closing log file.
Wed Mar 11 10:20:31 2026: Running xcd server. This server was built by gradle.
Wed Mar 11 10:20:31 2026: Server was asked to start on port: '37489'
Wed Mar 11 10:20:31 2026: Server is using token UUID: '07d6d2f9-88ea-480f-8ce1-59ab5e7778ec'
Wed Mar 11 10:20:31 2026: SESSION_MGR: creating session with session uuid: '6d04a3e9-ade5-4ab9-8d63-1f78fcd2ec76' and name 'default'
Wed Mar 11 10:20:31 2026: Attempting to start server on port '37489'
Wed Mar 11 10:20:31 2026: XCD main fifo: created main fifo '/tmp/xcdmain07d6d2f9-88ea-480f-8ce1-59ab5e7778ec', fd read = 13
Wed Mar 11 10:20:31 2026: Running Dispatch Server
Wed Mar 11 10:20:31 2026: Version 2.2.0
Wed Mar 11 10:20:32 2026: Dispatch Server: Accepted socket connection from client
Wed Mar 11 10:20:32 2026: Starting Socket connection
Wed Mar 11 10:20:32 2026: EXCHANGE_TOKEN received, server token: 07d6d2f9-88ea-480f-8ce1-59ab5e7778ec, passed token: 07d6d2f9-88ea-480f-8ce1-59ab5e7778ec
Wed Mar 11 10:20:33 2026: DISPATCH_HANDLER: Adding handler from function makeHandler in library libxv_system_diagram
Wed Mar 11 10:20:33 2026: SESSION_MGR: creating session with session uuid: '6ca47d4b-9436-44a3-a194-6a07a17112b0' and name 'vitis-run_compile_start_stop_counter'
Wed Mar 11 10:20:33 2026: KERNEL_SVC: creating session with uuid: '6ca47d4b-9436-44a3-a194-6a07a17112b0' and name 'vitis-run_compile_start_stop_counter'
Wed Mar 11 10:20:33 2026: GUIDANCE_SMGR: creating guidance session with uuid: '6ca47d4b-9436-44a3-a194-6a07a17112b0' and name 'vitis-run_compile_start_stop_counter'
Wed Mar 11 10:20:33 2026: SYSTEM_DIAGRAM: creating session with uuid: '6ca47d4b-9436-44a3-a194-6a07a17112b0' and name 'vitis-run_compile_start_stop_counter'
Wed Mar 11 10:20:34 2026: Dispatch Server: Accepted socket connection from client
Wed Mar 11 10:20:34 2026: Starting Socket connection
Wed Mar 11 10:20:38 2026: SESSION_MGR: closing session for UUID '6ca47d4b-9436-44a3-a194-6a07a17112b0' with name 'vitis-run_compile_start_stop_counter'
Wed Mar 11 10:20:38 2026: KERNEL_SVC: closing session for UUID '6ca47d4b-9436-44a3-a194-6a07a17112b0' with name 'vitis-run_compile_start_stop_counter'
Wed Mar 11 10:20:38 2026: GUIDANCE_SMGR: closing session for UUID '6ca47d4b-9436-44a3-a194-6a07a17112b0' with name 'vitis-run_compile_start_stop_counter'
Wed Mar 11 10:20:38 2026: SYSTEM_DIAGRAM: closing session for UUID '6ca47d4b-9436-44a3-a194-6a07a17112b0' with name 'vitis-run_compile_start_stop_counter'
Wed Mar 11 10:20:39 2026: STOP_SERVER received, server token: 07d6d2f9-88ea-480f-8ce1-59ab5e7778ec, passed token: 07d6d2f9-88ea-480f-8ce1-59ab5e7778ec
Wed Mar 11 10:20:39 2026: Socket received request to stop server.
Wed Mar 11 10:20:39 2026: Dispatch Server: do_await_stop
Wed Mar 11 10:20:39 2026: Dispatch Server: stopping mainFifo_
Wed Mar 11 10:20:39 2026: XCD main fifo: Stopping
Wed Mar 11 10:20:39 2026: XCD main fifo: do_read error code: Operation canceled
Wed Mar 11 10:20:39 2026: XCD main fifo: bytes_transferred: 0
Wed Mar 11 10:20:39 2026: SERVER: destructor for server bound to port 37489
Wed Mar 11 10:20:39 2026: XCD main fifo: Good unlink of /tmp/xcdmain07d6d2f9-88ea-480f-8ce1-59ab5e7778ec
Wed Mar 11 10:20:39 2026: Server exiting with status 0.
Wed Mar 11 10:20:39 2026: Closing log file.
Wed Mar 11 10:28:06 2026: Running xcd server. This server was built by gradle.
Wed Mar 11 10:28:06 2026: Server was asked to start on port: '44613'
Wed Mar 11 10:28:06 2026: Server is using token UUID: '6ca642a3-cc2d-49c1-a91f-a3509bc003dd'
Wed Mar 11 10:28:06 2026: SESSION_MGR: creating session with session uuid: '6d04a3e9-ade5-4ab9-8d63-1f78fcd2ec76' and name 'default'
Wed Mar 11 10:28:06 2026: Attempting to start server on port '44613'
Wed Mar 11 10:28:06 2026: XCD main fifo: created main fifo '/tmp/xcdmain6ca642a3-cc2d-49c1-a91f-a3509bc003dd', fd read = 13
Wed Mar 11 10:28:06 2026: Running Dispatch Server
Wed Mar 11 10:28:06 2026: Version 2.2.0
Wed Mar 11 10:28:08 2026: Dispatch Server: Accepted socket connection from client
Wed Mar 11 10:28:08 2026: Starting Socket connection
Wed Mar 11 10:28:08 2026: EXCHANGE_TOKEN received, server token: 6ca642a3-cc2d-49c1-a91f-a3509bc003dd, passed token: 6ca642a3-cc2d-49c1-a91f-a3509bc003dd
Wed Mar 11 10:28:08 2026: DISPATCH_HANDLER: Adding handler from function makeHandler in library libxv_system_diagram
Wed Mar 11 10:28:08 2026: SESSION_MGR: creating session with session uuid: '3eb5adb5-2726-4ddd-824b-8ee95ea3f720' and name 'v++_compile_start_stop_counter'
Wed Mar 11 10:28:08 2026: KERNEL_SVC: creating session with uuid: '3eb5adb5-2726-4ddd-824b-8ee95ea3f720' and name 'v++_compile_start_stop_counter'
Wed Mar 11 10:28:08 2026: GUIDANCE_SMGR: creating guidance session with uuid: '3eb5adb5-2726-4ddd-824b-8ee95ea3f720' and name 'v++_compile_start_stop_counter'
Wed Mar 11 10:28:08 2026: SYSTEM_DIAGRAM: creating session with uuid: '3eb5adb5-2726-4ddd-824b-8ee95ea3f720' and name 'v++_compile_start_stop_counter'
Wed Mar 11 10:28:10 2026: Dispatch Server: Accepted socket connection from client
Wed Mar 11 10:28:10 2026: Starting Socket connection
Wed Mar 11 10:28:21 2026: SESSION_MGR: closing session for UUID '3eb5adb5-2726-4ddd-824b-8ee95ea3f720' with name 'v++_compile_start_stop_counter'
Wed Mar 11 10:28:21 2026: KERNEL_SVC: closing session for UUID '3eb5adb5-2726-4ddd-824b-8ee95ea3f720' with name 'v++_compile_start_stop_counter'
Wed Mar 11 10:28:21 2026: GUIDANCE_SMGR: closing session for UUID '3eb5adb5-2726-4ddd-824b-8ee95ea3f720' with name 'v++_compile_start_stop_counter'
Wed Mar 11 10:28:21 2026: SYSTEM_DIAGRAM: closing session for UUID '3eb5adb5-2726-4ddd-824b-8ee95ea3f720' with name 'v++_compile_start_stop_counter'
Wed Mar 11 10:28:21 2026: STOP_SERVER received, server token: 6ca642a3-cc2d-49c1-a91f-a3509bc003dd, passed token: 6ca642a3-cc2d-49c1-a91f-a3509bc003dd
Wed Mar 11 10:28:21 2026: Socket received request to stop server.
Wed Mar 11 10:28:21 2026: Dispatch Server: do_await_stop
Wed Mar 11 10:28:21 2026: Dispatch Server: stopping mainFifo_
Wed Mar 11 10:28:21 2026: XCD main fifo: Stopping
Wed Mar 11 10:28:21 2026: XCD main fifo: do_read error code: Operation canceled
Wed Mar 11 10:28:21 2026: XCD main fifo: bytes_transferred: 0
Wed Mar 11 10:28:21 2026: SERVER: destructor for server bound to port 44613
Wed Mar 11 10:28:21 2026: XCD main fifo: Good unlink of /tmp/xcdmain6ca642a3-cc2d-49c1-a91f-a3509bc003dd
Wed Mar 11 10:28:21 2026: Server exiting with status 0.
Wed Mar 11 10:28:21 2026: Closing log file.
Wed Mar 11 10:29:52 2026: Running xcd server. This server was built by gradle.
Wed Mar 11 10:29:52 2026: Server was asked to start on port: '43469'
Wed Mar 11 10:29:52 2026: Server is using token UUID: '0b928c9d-9508-49af-9ac1-e32b5dec25b0'
Wed Mar 11 10:29:52 2026: SESSION_MGR: creating session with session uuid: '6d04a3e9-ade5-4ab9-8d63-1f78fcd2ec76' and name 'default'
Wed Mar 11 10:29:52 2026: Attempting to start server on port '43469'
Wed Mar 11 10:29:52 2026: XCD main fifo: created main fifo '/tmp/xcdmain0b928c9d-9508-49af-9ac1-e32b5dec25b0', fd read = 13
Wed Mar 11 10:29:52 2026: Running Dispatch Server
Wed Mar 11 10:29:52 2026: Version 2.2.0
Wed Mar 11 10:29:54 2026: Dispatch Server: Accepted socket connection from client
Wed Mar 11 10:29:54 2026: Starting Socket connection
Wed Mar 11 10:29:54 2026: EXCHANGE_TOKEN received, server token: 0b928c9d-9508-49af-9ac1-e32b5dec25b0, passed token: 0b928c9d-9508-49af-9ac1-e32b5dec25b0
Wed Mar 11 10:29:54 2026: DISPATCH_HANDLER: Adding handler from function makeHandler in library libxv_system_diagram
Wed Mar 11 10:29:54 2026: SESSION_MGR: creating session with session uuid: '644ec6fc-2d92-4345-b8c2-1db7485f6f7f' and name 'vitis-run_compile_start_stop_counter'
Wed Mar 11 10:29:54 2026: KERNEL_SVC: creating session with uuid: '644ec6fc-2d92-4345-b8c2-1db7485f6f7f' and name 'vitis-run_compile_start_stop_counter'
Wed Mar 11 10:29:54 2026: GUIDANCE_SMGR: creating guidance session with uuid: '644ec6fc-2d92-4345-b8c2-1db7485f6f7f' and name 'vitis-run_compile_start_stop_counter'
Wed Mar 11 10:29:54 2026: SYSTEM_DIAGRAM: creating session with uuid: '644ec6fc-2d92-4345-b8c2-1db7485f6f7f' and name 'vitis-run_compile_start_stop_counter'
Wed Mar 11 10:29:56 2026: Dispatch Server: Accepted socket connection from client
Wed Mar 11 10:29:56 2026: Starting Socket connection
Wed Mar 11 10:30:00 2026: SESSION_MGR: closing session for UUID '644ec6fc-2d92-4345-b8c2-1db7485f6f7f' with name 'vitis-run_compile_start_stop_counter'
Wed Mar 11 10:30:00 2026: KERNEL_SVC: closing session for UUID '644ec6fc-2d92-4345-b8c2-1db7485f6f7f' with name 'vitis-run_compile_start_stop_counter'
Wed Mar 11 10:30:00 2026: GUIDANCE_SMGR: closing session for UUID '644ec6fc-2d92-4345-b8c2-1db7485f6f7f' with name 'vitis-run_compile_start_stop_counter'
Wed Mar 11 10:30:00 2026: SYSTEM_DIAGRAM: closing session for UUID '644ec6fc-2d92-4345-b8c2-1db7485f6f7f' with name 'vitis-run_compile_start_stop_counter'
Wed Mar 11 10:30:00 2026: STOP_SERVER received, server token: 0b928c9d-9508-49af-9ac1-e32b5dec25b0, passed token: 0b928c9d-9508-49af-9ac1-e32b5dec25b0
Wed Mar 11 10:30:00 2026: Socket received request to stop server.
Wed Mar 11 10:30:00 2026: Dispatch Server: do_await_stop
Wed Mar 11 10:30:00 2026: Dispatch Server: stopping mainFifo_
Wed Mar 11 10:30:00 2026: XCD main fifo: Stopping
Wed Mar 11 10:30:00 2026: XCD main fifo: do_read error code: Operation canceled
Wed Mar 11 10:30:00 2026: XCD main fifo: bytes_transferred: 0
Wed Mar 11 10:30:00 2026: SERVER: destructor for server bound to port 43469
Wed Mar 11 10:30:00 2026: XCD main fifo: Good unlink of /tmp/xcdmain0b928c9d-9508-49af-9ac1-e32b5dec25b0
Wed Mar 11 10:30:00 2026: Server exiting with status 0.
Wed Mar 11 10:30:00 2026: Closing log file.
