

================================================================
== Vitis HLS Report for 'counter_module'
================================================================
* Date:           Wed Mar 11 10:28:21 2026

* Version:        2025.2 (Build 6295257 on Nov 14 2025)
* Project:        start_stop_counter
* Solution:       hls (Vivado IP Flow Target)
* Product family: artix7
* Target device:  xc7a100t-csg324-1


================================================================
== Performance Estimates
================================================================
+ Timing: 
    * Summary: 
    +--------+----------+----------+------------+
    |  Clock |  Target  | Estimated| Uncertainty|
    +--------+----------+----------+------------+
    |ap_clk  |  10.00 ns|  7.822 ns|     2.70 ns|
    +--------+----------+----------+------------+

+ Latency: 
    * Summary: 
    +---------+---------+-----------+-----------+-----+-----+---------+
    |  Latency (cycles) |   Latency (absolute)  |  Interval | Pipeline|
    |   min   |   max   |    min    |    max    | min | max |   Type  |
    +---------+---------+-----------+-----------+-----+-----+---------+
    |        1|        1|  10.000 ns|  10.000 ns|    1|    1|      yes|
    +---------+---------+-----------+-----------+-----+-----+---------+

    + Detail: 
        * Instance: 
        N/A

        * Loop: 
        N/A



================================================================
== Utilization Estimates
================================================================
* Summary: 
+-----------------+---------+-----+--------+-------+-----+
|       Name      | BRAM_18K| DSP |   FF   |  LUT  | URAM|
+-----------------+---------+-----+--------+-------+-----+
|DSP              |        -|    -|       -|      -|    -|
|Expression       |        -|    -|       0|    244|    -|
|FIFO             |        -|    -|       -|      -|    -|
|Instance         |        -|    -|       -|      -|    -|
|Memory           |        -|    -|       -|      -|    -|
|Multiplexer      |        -|    -|       0|    126|    -|
|Register         |        -|    -|     107|      -|    -|
+-----------------+---------+-----+--------+-------+-----+
|Total            |        0|    0|     107|    370|    0|
+-----------------+---------+-----+--------+-------+-----+
|Available        |      270|  240|  126800|  63400|    0|
+-----------------+---------+-----+--------+-------+-----+
|Utilization (%)  |        0|    0|      ~0|     ~0|    0|
+-----------------+---------+-----+--------+-------+-----+

+ Detail: 
    * Instance: 
    N/A

    * DSP: 
    N/A

    * Memory: 
    N/A

    * FIFO: 
    N/A

    * Expression: 
    +-----------------------+----------+----+---+----+------------+------------+
    |     Variable Name     | Operation| DSP| FF| LUT| Bitwidth P0| Bitwidth P1|
    +-----------------------+----------+----+---+----+------------+------------+
    |add_ln20_1_fu_281_p2   |         +|   0|  0|  27|          20|           1|
    |add_ln20_fu_210_p2     |         +|   0|  0|  27|          20|           1|
    |add_ln87_fu_353_p2     |         +|   0|  0|  23|          16|           2|
    |add_ln90_fu_346_p2     |         +|   0|  0|  34|          27|           2|
    |and_ln86_fu_340_p2     |       and|   0|  0|   2|           1|           1|
    |ap_condition_105       |       and|   0|  0|   2|           1|           1|
    |rising_fu_254_p2       |       and|   0|  0|   2|           1|           1|
    |icmp_ln21_1_fu_289_p2  |      icmp|   0|  0|  27|          20|          17|
    |icmp_ln21_fu_217_p2    |      icmp|   0|  0|  27|          20|          17|
    |icmp_ln86_1_fu_334_p2  |      icmp|   0|  0|  23|          16|           1|
    |icmp_ln86_fu_328_p2    |      icmp|   0|  0|  34|          27|           1|
    |ap_condition_162       |        or|   0|  0|   2|           1|           1|
    |ap_condition_200       |        or|   0|  0|   2|           1|           1|
    |ap_condition_251       |        or|   0|  0|   2|           1|           1|
    |ap_enable_pp0          |       xor|   0|  0|   2|           1|           2|
    |xor_ln19_1_fu_239_p2   |       xor|   0|  0|   2|           1|           1|
    |xor_ln19_fu_200_p2     |       xor|   0|  0|   2|           1|           1|
    |xor_ln40_fu_248_p2     |       xor|   0|  0|   2|           1|           2|
    |xor_ln81_fu_312_p2     |       xor|   0|  0|   2|           1|           2|
    +-----------------------+----------+----+---+----+------------+------------+
    |Total                  |          |   0|  0| 244|         177|          56|
    +-----------------------+----------+----+---+----+------------+------------+

    * Multiplexer: 
    +----------------------------------------------------------+----+-----------+-----+-----------+
    |                           Name                           | LUT| Input Size| Bits| Total Bits|
    +----------------------------------------------------------+----+-----------+-----+-----------+
    |ap_phi_mux_db_init_inst_counter_new_0_phi_fu_154_p6       |  13|          3|   20|         60|
    |ap_phi_mux_db_init_inst_counter_new_1_phi_fu_122_p6       |  13|          3|   20|         60|
    |ap_phi_mux_db_init_inst_counter_new_2_phi_fu_167_p8       |  13|          3|   20|         60|
    |ap_phi_mux_db_start_stop_inst_counter_new_0_phi_fu_98_p6  |  13|          3|   20|         60|
    |ap_phi_mux_internal_count_loc_0_phi_fu_135_p4             |  13|          3|   16|         48|
    |ap_phi_mux_internal_count_loc_2_phi_fu_184_p8             |  17|          4|   16|         64|
    |ap_phi_mux_storemerge_phi_fu_144_p4                       |  13|          3|   27|         81|
    |ap_phi_reg_pp0_iter1_db_start_stop_reg_108                |  13|          3|    1|          3|
    |internal_count                                            |   9|          2|   16|         32|
    |is_running                                                |   9|          2|    1|          2|
    +----------------------------------------------------------+----+-----------+-----+-----------+
    |Total                                                     | 126|         29|  157|        470|
    +----------------------------------------------------------+----+-----------+-----+-----------+

    * Register: 
    +--------------------------------------------+----+----+-----+-----------+
    |                    Name                    | FF | LUT| Bits| Const Bits|
    +--------------------------------------------+----+----+-----+-----------+
    |ap_CS_fsm                                   |   1|   0|    1|          0|
    |ap_enable_reg_pp0_iter1                     |   1|   0|    1|          0|
    |ap_phi_reg_pp0_iter1_db_start_stop_reg_108  |   1|   0|    1|          0|
    |db_init_inst_clean_state                    |   1|   0|    1|          0|
    |db_init_inst_counter                        |  20|   0|   20|          0|
    |db_start_stop_inst_clean_state              |   1|   0|    1|          0|
    |db_start_stop_inst_counter                  |  20|   0|   20|          0|
    |edge_start_stop_inst                        |   1|   0|    1|          0|
    |fast_count                                  |  27|   0|   27|          0|
    |init_read_reg_395                           |   1|   0|    1|          0|
    |init_value_read_reg_389                     |  16|   0|   16|          0|
    |internal_count                              |  16|   0|   16|          0|
    |is_running                                  |   1|   0|    1|          0|
    +--------------------------------------------+----+----+-----+-----------+
    |Total                                       | 107|   0|  107|          0|
    +--------------------------------------------+----+----+-----+-----------+



================================================================
== Interface
================================================================
* Summary: 
+------------------+-----+-----+------------+----------------+--------------+
|     RTL Ports    | Dir | Bits|  Protocol  |  Source Object |    C Type    |
+------------------+-----+-----+------------+----------------+--------------+
|ap_clk            |   in|    1|  ap_ctrl_hs|  counter_module|  return value|
|ap_rst            |   in|    1|  ap_ctrl_hs|  counter_module|  return value|
|ap_start          |   in|    1|  ap_ctrl_hs|  counter_module|  return value|
|ap_done           |  out|    1|  ap_ctrl_hs|  counter_module|  return value|
|ap_idle           |  out|    1|  ap_ctrl_hs|  counter_module|  return value|
|ap_ready          |  out|    1|  ap_ctrl_hs|  counter_module|  return value|
|start_stop        |   in|    1|     ap_none|      start_stop|        scalar|
|init              |   in|    1|     ap_none|            init|        scalar|
|init_value        |   in|   16|     ap_none|      init_value|        scalar|
|count_out         |  out|   16|      ap_vld|       count_out|       pointer|
|count_out_ap_vld  |  out|    1|      ap_vld|       count_out|       pointer|
+------------------+-----+-----+------------+----------------+--------------+

